{"/Users/JohnFa 1/Desktop/Hack Reactor/FEC/project-catwalk/client/src/components/App.jsx": {"path":"/Users/JohnFa 1/Desktop/Hack Reactor/FEC/project-catwalk/client/src/components/App.jsx","statementMap":{"0":{"start":{"line":15,"column":14},"end":{"line":15,"column":30}},"1":{"start":{"line":19,"column":4},"end":{"line":19,"column":17}},"2":{"start":{"line":20,"column":4},"end":{"line":28,"column":5}},"3":{"start":{"line":33,"column":39},"end":{"line":33,"column":49}},"4":{"start":{"line":35,"column":4},"end":{"line":35,"column":21}},"5":{"start":{"line":36,"column":4},"end":{"line":36,"column":31}},"6":{"start":{"line":37,"column":4},"end":{"line":37,"column":35}},"7":{"start":{"line":38,"column":4},"end":{"line":38,"column":21}},"8":{"start":{"line":41,"column":19},"end":{"line":45,"column":3}},"9":{"start":{"line":42,"column":4},"end":{"line":44,"column":6}},"10":{"start":{"line":49,"column":19},"end":{"line":57,"column":3}},"11":{"start":{"line":50,"column":4},"end":{"line":56,"column":9}},"12":{"start":{"line":52,"column":8},"end":{"line":52,"column":23}},"13":{"start":{"line":55,"column":8},"end":{"line":55,"column":27}},"14":{"start":{"line":60,"column":4},"end":{"line":72,"column":8}},"15":{"start":{"line":63,"column":8},"end":{"line":67,"column":11}},"16":{"start":{"line":71,"column":8},"end":{"line":71,"column":27}},"17":{"start":{"line":76,"column":4},"end":{"line":76,"column":27}},"18":{"start":{"line":79,"column":4},"end":{"line":81,"column":6}},"19":{"start":{"line":84,"column":15},"end":{"line":95,"column":3}},"20":{"start":{"line":85,"column":4},"end":{"line":94,"column":9}},"21":{"start":{"line":88,"column":8},"end":{"line":90,"column":10}},"22":{"start":{"line":93,"column":8},"end":{"line":93,"column":27}},"23":{"start":{"line":99,"column":26},"end":{"line":99,"column":36}},"24":{"start":{"line":100,"column":4},"end":{"line":109,"column":8}},"25":{"start":{"line":102,"column":8},"end":{"line":105,"column":11}},"26":{"start":{"line":108,"column":8},"end":{"line":108,"column":53}},"27":{"start":{"line":113,"column":100},"end":{"line":113,"column":110}},"28":{"start":{"line":118,"column":4},"end":{"line":157,"column":5}}},"fnMap":{"0":{"name":"(anonymous_0)","decl":{"start":{"line":18,"column":2},"end":{"line":18,"column":3}},"loc":{"start":{"line":18,"column":21},"end":{"line":30,"column":3}},"line":18},"1":{"name":"(anonymous_1)","decl":{"start":{"line":32,"column":2},"end":{"line":32,"column":3}},"loc":{"start":{"line":32,"column":22},"end":{"line":39,"column":3}},"line":32},"2":{"name":"(anonymous_2)","decl":{"start":{"line":41,"column":19},"end":{"line":41,"column":20}},"loc":{"start":{"line":41,"column":29},"end":{"line":45,"column":3}},"line":41},"3":{"name":"(anonymous_3)","decl":{"start":{"line":49,"column":19},"end":{"line":49,"column":20}},"loc":{"start":{"line":49,"column":59},"end":{"line":57,"column":3}},"line":49},"4":{"name":"(anonymous_4)","decl":{"start":{"line":51,"column":12},"end":{"line":51,"column":13}},"loc":{"start":{"line":51,"column":26},"end":{"line":53,"column":7}},"line":51},"5":{"name":"(anonymous_5)","decl":{"start":{"line":54,"column":13},"end":{"line":54,"column":14}},"loc":{"start":{"line":54,"column":22},"end":{"line":56,"column":7}},"line":54},"6":{"name":"(anonymous_6)","decl":{"start":{"line":59,"column":2},"end":{"line":59,"column":3}},"loc":{"start":{"line":59,"column":14},"end":{"line":73,"column":3}},"line":59},"7":{"name":"(anonymous_7)","decl":{"start":{"line":61,"column":12},"end":{"line":61,"column":13}},"loc":{"start":{"line":61,"column":21},"end":{"line":69,"column":7}},"line":61},"8":{"name":"(anonymous_8)","decl":{"start":{"line":70,"column":13},"end":{"line":70,"column":14}},"loc":{"start":{"line":70,"column":22},"end":{"line":72,"column":7}},"line":70},"9":{"name":"(anonymous_9)","decl":{"start":{"line":75,"column":2},"end":{"line":75,"column":3}},"loc":{"start":{"line":75,"column":27},"end":{"line":82,"column":3}},"line":75},"10":{"name":"(anonymous_10)","decl":{"start":{"line":84,"column":15},"end":{"line":84,"column":16}},"loc":{"start":{"line":84,"column":21},"end":{"line":95,"column":3}},"line":84},"11":{"name":"(anonymous_11)","decl":{"start":{"line":86,"column":12},"end":{"line":86,"column":13}},"loc":{"start":{"line":86,"column":21},"end":{"line":91,"column":7}},"line":86},"12":{"name":"(anonymous_12)","decl":{"start":{"line":92,"column":13},"end":{"line":92,"column":14}},"loc":{"start":{"line":92,"column":22},"end":{"line":94,"column":7}},"line":92},"13":{"name":"(anonymous_13)","decl":{"start":{"line":98,"column":2},"end":{"line":98,"column":3}},"loc":{"start":{"line":98,"column":14},"end":{"line":110,"column":3}},"line":98},"14":{"name":"(anonymous_14)","decl":{"start":{"line":101,"column":12},"end":{"line":101,"column":13}},"loc":{"start":{"line":101,"column":24},"end":{"line":106,"column":7}},"line":101},"15":{"name":"(anonymous_15)","decl":{"start":{"line":107,"column":13},"end":{"line":107,"column":14}},"loc":{"start":{"line":107,"column":24},"end":{"line":109,"column":7}},"line":107},"16":{"name":"(anonymous_16)","decl":{"start":{"line":112,"column":2},"end":{"line":112,"column":3}},"loc":{"start":{"line":112,"column":11},"end":{"line":158,"column":3}},"line":112}},"branchMap":{"0":{"loc":{"start":{"line":49,"column":24},"end":{"line":49,"column":54}},"type":"default-arg","locations":[{"start":{"line":49,"column":35},"end":{"line":49,"column":54}}],"line":49},"1":{"loc":{"start":{"line":148,"column":10},"end":{"line":154,"column":12}},"type":"binary-expr","locations":[{"start":{"line":148,"column":10},"end":{"line":148,"column":39}},{"start":{"line":150,"column":10},"end":{"line":154,"column":12}}],"line":148}},"s":{"0":2,"1":9,"2":9,"3":9,"4":9,"5":9,"6":9,"7":9,"8":9,"9":0,"10":9,"11":9,"12":0,"13":0,"14":9,"15":0,"16":0,"17":0,"18":0,"19":9,"20":9,"21":0,"22":0,"23":9,"24":9,"25":0,"26":0,"27":9,"28":9},"f":{"0":9,"1":9,"2":0,"3":9,"4":0,"5":0,"6":9,"7":0,"8":0,"9":0,"10":9,"11":0,"12":0,"13":9,"14":0,"15":0,"16":9},"b":{"0":[9],"1":[9,0]},"_coverageSchema":"1a1c01bbd47fc00a2c39e90264f33305004495a9","hash":"1604dceebabb966deb146324b5843dbe69d9d265"}
,"/Users/JohnFa 1/Desktop/Hack Reactor/FEC/project-catwalk/client/src/components/Banner.jsx": {"path":"/Users/JohnFa 1/Desktop/Hack Reactor/FEC/project-catwalk/client/src/components/Banner.jsx","statementMap":{"0":{"start":{"line":4,"column":13},"end":{"line":31,"column":1}},"1":{"start":{"line":5,"column":2},"end":{"line":30,"column":8}}},"fnMap":{"0":{"name":"(anonymous_0)","decl":{"start":{"line":4,"column":13},"end":{"line":4,"column":14}},"loc":{"start":{"line":5,"column":2},"end":{"line":30,"column":8}},"line":5}},"branchMap":{},"s":{"0":2,"1":9},"f":{"0":9},"b":{},"_coverageSchema":"1a1c01bbd47fc00a2c39e90264f33305004495a9","hash":"3f63083fddb41fb50c27a548f82184ff609f3fef"}
,"/Users/JohnFa 1/Desktop/Hack Reactor/FEC/project-catwalk/client/src/components/Q&A/AddAnswer.jsx": {"path":"/Users/JohnFa 1/Desktop/Hack Reactor/FEC/project-catwalk/client/src/components/Q&A/AddAnswer.jsx","statementMap":{"0":{"start":{"line":3,"column":18},"end":{"line":70,"column":1}},"1":{"start":{"line":4,"column":59},"end":{"line":4,"column":64}},"2":{"start":{"line":5,"column":26},"end":{"line":5,"column":38}},"3":{"start":{"line":6,"column":26},"end":{"line":6,"column":38}},"4":{"start":{"line":7,"column":28},"end":{"line":7,"column":40}},"5":{"start":{"line":8,"column":30},"end":{"line":8,"column":42}},"6":{"start":{"line":10,"column":18},"end":{"line":10,"column":52}},"7":{"start":{"line":12,"column":19},"end":{"line":12,"column":170}},"8":{"start":{"line":14,"column":19},"end":{"line":31,"column":3}},"9":{"start":{"line":15,"column":4},"end":{"line":15,"column":23}},"10":{"start":{"line":16,"column":4},"end":{"line":19,"column":5}},"11":{"start":{"line":17,"column":6},"end":{"line":17,"column":48}},"12":{"start":{"line":18,"column":6},"end":{"line":18,"column":13}},"13":{"start":{"line":20,"column":4},"end":{"line":23,"column":5}},"14":{"start":{"line":21,"column":6},"end":{"line":21,"column":51}},"15":{"start":{"line":22,"column":6},"end":{"line":22,"column":13}},"16":{"start":{"line":24,"column":4},"end":{"line":27,"column":5}},"17":{"start":{"line":25,"column":6},"end":{"line":25,"column":69}},"18":{"start":{"line":26,"column":6},"end":{"line":26,"column":13}},"19":{"start":{"line":29,"column":4},"end":{"line":29,"column":60}},"20":{"start":{"line":33,"column":2},"end":{"line":69,"column":3}},"21":{"start":{"line":42,"column":29},"end":{"line":42,"column":52}},"22":{"start":{"line":47,"column":114},"end":{"line":47,"column":137}},"23":{"start":{"line":54,"column":81},"end":{"line":54,"column":105}},"24":{"start":{"line":62,"column":95},"end":{"line":63,"column":12}}},"fnMap":{"0":{"name":"(anonymous_0)","decl":{"start":{"line":3,"column":18},"end":{"line":3,"column":19}},"loc":{"start":{"line":3,"column":29},"end":{"line":70,"column":1}},"line":3},"1":{"name":"(anonymous_1)","decl":{"start":{"line":14,"column":19},"end":{"line":14,"column":20}},"loc":{"start":{"line":14,"column":26},"end":{"line":31,"column":3}},"line":14},"2":{"name":"(anonymous_2)","decl":{"start":{"line":42,"column":22},"end":{"line":42,"column":23}},"loc":{"start":{"line":42,"column":29},"end":{"line":42,"column":52}},"line":42},"3":{"name":"(anonymous_3)","decl":{"start":{"line":47,"column":107},"end":{"line":47,"column":108}},"loc":{"start":{"line":47,"column":114},"end":{"line":47,"column":137}},"line":47},"4":{"name":"(anonymous_4)","decl":{"start":{"line":54,"column":74},"end":{"line":54,"column":75}},"loc":{"start":{"line":54,"column":81},"end":{"line":54,"column":105}},"line":54},"5":{"name":"(anonymous_5)","decl":{"start":{"line":62,"column":88},"end":{"line":62,"column":89}},"loc":{"start":{"line":62,"column":95},"end":{"line":63,"column":12}},"line":62}},"branchMap":{"0":{"loc":{"start":{"line":16,"column":4},"end":{"line":19,"column":5}},"type":"if","locations":[{"start":{"line":16,"column":4},"end":{"line":19,"column":5}},{"start":{"line":16,"column":4},"end":{"line":19,"column":5}}],"line":16},"1":{"loc":{"start":{"line":20,"column":4},"end":{"line":23,"column":5}},"type":"if","locations":[{"start":{"line":20,"column":4},"end":{"line":23,"column":5}},{"start":{"line":20,"column":4},"end":{"line":23,"column":5}}],"line":20},"2":{"loc":{"start":{"line":24,"column":4},"end":{"line":27,"column":5}},"type":"if","locations":[{"start":{"line":24,"column":4},"end":{"line":27,"column":5}},{"start":{"line":24,"column":4},"end":{"line":27,"column":5}}],"line":24},"3":{"loc":{"start":{"line":24,"column":8},"end":{"line":24,"column":55}},"type":"binary-expr","locations":[{"start":{"line":24,"column":8},"end":{"line":24,"column":14}},{"start":{"line":24,"column":18},"end":{"line":24,"column":55}}],"line":24}},"s":{"0":2,"1":0,"2":0,"3":0,"4":0,"5":0,"6":0,"7":0,"8":0,"9":0,"10":0,"11":0,"12":0,"13":0,"14":0,"15":0,"16":0,"17":0,"18":0,"19":0,"20":0,"21":0,"22":0,"23":0,"24":0},"f":{"0":0,"1":0,"2":0,"3":0,"4":0,"5":0},"b":{"0":[0,0],"1":[0,0],"2":[0,0],"3":[0,0]},"_coverageSchema":"1a1c01bbd47fc00a2c39e90264f33305004495a9","hash":"1c914e81f3deecfcc1ac5ea2fa04b3f0625b4da9"}
,"/Users/JohnFa 1/Desktop/Hack Reactor/FEC/project-catwalk/client/src/components/Q&A/AddQuestion.jsx": {"path":"/Users/JohnFa 1/Desktop/Hack Reactor/FEC/project-catwalk/client/src/components/Q&A/AddQuestion.jsx","statementMap":{"0":{"start":{"line":3,"column":20},"end":{"line":57,"column":1}},"1":{"start":{"line":4,"column":51},"end":{"line":4,"column":56}},"2":{"start":{"line":5,"column":26},"end":{"line":5,"column":38}},"3":{"start":{"line":6,"column":26},"end":{"line":6,"column":38}},"4":{"start":{"line":7,"column":28},"end":{"line":7,"column":40}},"5":{"start":{"line":9,"column":18},"end":{"line":9,"column":52}},"6":{"start":{"line":11,"column":19},"end":{"line":11,"column":171}},"7":{"start":{"line":13,"column":19},"end":{"line":29,"column":3}},"8":{"start":{"line":14,"column":4},"end":{"line":14,"column":23}},"9":{"start":{"line":15,"column":4},"end":{"line":18,"column":5}},"10":{"start":{"line":16,"column":6},"end":{"line":16,"column":48}},"11":{"start":{"line":17,"column":6},"end":{"line":17,"column":13}},"12":{"start":{"line":19,"column":4},"end":{"line":22,"column":5}},"13":{"start":{"line":20,"column":6},"end":{"line":20,"column":51}},"14":{"start":{"line":21,"column":6},"end":{"line":21,"column":13}},"15":{"start":{"line":23,"column":4},"end":{"line":26,"column":5}},"16":{"start":{"line":24,"column":6},"end":{"line":24,"column":69}},"17":{"start":{"line":25,"column":6},"end":{"line":25,"column":13}},"18":{"start":{"line":28,"column":4},"end":{"line":28,"column":63}},"19":{"start":{"line":31,"column":2},"end":{"line":56,"column":3}},"20":{"start":{"line":37,"column":126},"end":{"line":37,"column":149}},"21":{"start":{"line":41,"column":116},"end":{"line":41,"column":139}},"22":{"start":{"line":48,"column":127},"end":{"line":48,"column":151}}},"fnMap":{"0":{"name":"(anonymous_0)","decl":{"start":{"line":3,"column":20},"end":{"line":3,"column":21}},"loc":{"start":{"line":3,"column":31},"end":{"line":57,"column":1}},"line":3},"1":{"name":"(anonymous_1)","decl":{"start":{"line":13,"column":19},"end":{"line":13,"column":20}},"loc":{"start":{"line":13,"column":26},"end":{"line":29,"column":3}},"line":13},"2":{"name":"(anonymous_2)","decl":{"start":{"line":37,"column":119},"end":{"line":37,"column":120}},"loc":{"start":{"line":37,"column":126},"end":{"line":37,"column":149}},"line":37},"3":{"name":"(anonymous_3)","decl":{"start":{"line":41,"column":109},"end":{"line":41,"column":110}},"loc":{"start":{"line":41,"column":116},"end":{"line":41,"column":139}},"line":41},"4":{"name":"(anonymous_4)","decl":{"start":{"line":48,"column":120},"end":{"line":48,"column":121}},"loc":{"start":{"line":48,"column":127},"end":{"line":48,"column":151}},"line":48}},"branchMap":{"0":{"loc":{"start":{"line":15,"column":4},"end":{"line":18,"column":5}},"type":"if","locations":[{"start":{"line":15,"column":4},"end":{"line":18,"column":5}},{"start":{"line":15,"column":4},"end":{"line":18,"column":5}}],"line":15},"1":{"loc":{"start":{"line":19,"column":4},"end":{"line":22,"column":5}},"type":"if","locations":[{"start":{"line":19,"column":4},"end":{"line":22,"column":5}},{"start":{"line":19,"column":4},"end":{"line":22,"column":5}}],"line":19},"2":{"loc":{"start":{"line":23,"column":4},"end":{"line":26,"column":5}},"type":"if","locations":[{"start":{"line":23,"column":4},"end":{"line":26,"column":5}},{"start":{"line":23,"column":4},"end":{"line":26,"column":5}}],"line":23},"3":{"loc":{"start":{"line":23,"column":8},"end":{"line":23,"column":55}},"type":"binary-expr","locations":[{"start":{"line":23,"column":8},"end":{"line":23,"column":14}},{"start":{"line":23,"column":18},"end":{"line":23,"column":55}}],"line":23}},"s":{"0":2,"1":0,"2":0,"3":0,"4":0,"5":0,"6":0,"7":0,"8":0,"9":0,"10":0,"11":0,"12":0,"13":0,"14":0,"15":0,"16":0,"17":0,"18":0,"19":0,"20":0,"21":0,"22":0},"f":{"0":0,"1":0,"2":0,"3":0,"4":0},"b":{"0":[0,0],"1":[0,0],"2":[0,0],"3":[0,0]},"_coverageSchema":"1a1c01bbd47fc00a2c39e90264f33305004495a9","hash":"210c74f4642567ffc61ca134848263cef2f6e920"}
,"/Users/JohnFa 1/Desktop/Hack Reactor/FEC/project-catwalk/client/src/components/Q&A/Answer.jsx": {"path":"/Users/JohnFa 1/Desktop/Hack Reactor/FEC/project-catwalk/client/src/components/Q&A/Answer.jsx","statementMap":{"0":{"start":{"line":5,"column":15},"end":{"line":48,"column":1}},"1":{"start":{"line":6,"column":21},"end":{"line":6,"column":26}},"2":{"start":{"line":7,"column":38},"end":{"line":7,"column":53}},"3":{"start":{"line":8,"column":36},"end":{"line":8,"column":51}},"4":{"start":{"line":9,"column":36},"end":{"line":9,"column":64}},"5":{"start":{"line":11,"column":23},"end":{"line":19,"column":3}},"6":{"start":{"line":12,"column":4},"end":{"line":14,"column":5}},"7":{"start":{"line":13,"column":6},"end":{"line":13,"column":13}},"8":{"start":{"line":15,"column":4},"end":{"line":17,"column":59}},"9":{"start":{"line":16,"column":18},"end":{"line":16,"column":60}},"10":{"start":{"line":16,"column":46},"end":{"line":16,"column":59}},"11":{"start":{"line":17,"column":22},"end":{"line":17,"column":57}},"12":{"start":{"line":18,"column":4},"end":{"line":18,"column":24}},"13":{"start":{"line":21,"column":22},"end":{"line":28,"column":3}},"14":{"start":{"line":22,"column":4},"end":{"line":24,"column":5}},"15":{"start":{"line":23,"column":6},"end":{"line":23,"column":13}},"16":{"start":{"line":25,"column":4},"end":{"line":26,"column":60}},"17":{"start":{"line":26,"column":22},"end":{"line":26,"column":58}},"18":{"start":{"line":27,"column":6},"end":{"line":27,"column":25}},"19":{"start":{"line":30,"column":17},"end":{"line":30,"column":115}},"20":{"start":{"line":32,"column":2},"end":{"line":47,"column":3}},"21":{"start":{"line":37,"column":8},"end":{"line":37,"column":112}},"22":{"start":{"line":42,"column":25},"end":{"line":42,"column":39}},"23":{"start":{"line":44,"column":25},"end":{"line":44,"column":38}}},"fnMap":{"0":{"name":"(anonymous_0)","decl":{"start":{"line":5,"column":15},"end":{"line":5,"column":16}},"loc":{"start":{"line":5,"column":26},"end":{"line":48,"column":1}},"line":5},"1":{"name":"(anonymous_1)","decl":{"start":{"line":11,"column":23},"end":{"line":11,"column":24}},"loc":{"start":{"line":11,"column":29},"end":{"line":19,"column":3}},"line":11},"2":{"name":"(anonymous_2)","decl":{"start":{"line":16,"column":12},"end":{"line":16,"column":13}},"loc":{"start":{"line":16,"column":18},"end":{"line":16,"column":60}},"line":16},"3":{"name":"(anonymous_3)","decl":{"start":{"line":16,"column":31},"end":{"line":16,"column":32}},"loc":{"start":{"line":16,"column":46},"end":{"line":16,"column":59}},"line":16},"4":{"name":"(anonymous_4)","decl":{"start":{"line":17,"column":13},"end":{"line":17,"column":14}},"loc":{"start":{"line":17,"column":22},"end":{"line":17,"column":57}},"line":17},"5":{"name":"(anonymous_5)","decl":{"start":{"line":21,"column":22},"end":{"line":21,"column":23}},"loc":{"start":{"line":21,"column":28},"end":{"line":28,"column":3}},"line":21},"6":{"name":"(anonymous_6)","decl":{"start":{"line":26,"column":13},"end":{"line":26,"column":14}},"loc":{"start":{"line":26,"column":22},"end":{"line":26,"column":58}},"line":26},"7":{"name":"(anonymous_7)","decl":{"start":{"line":36,"column":53},"end":{"line":36,"column":54}},"loc":{"start":{"line":37,"column":8},"end":{"line":37,"column":112}},"line":37},"8":{"name":"(anonymous_8)","decl":{"start":{"line":42,"column":19},"end":{"line":42,"column":20}},"loc":{"start":{"line":42,"column":25},"end":{"line":42,"column":39}},"line":42},"9":{"name":"(anonymous_9)","decl":{"start":{"line":44,"column":19},"end":{"line":44,"column":20}},"loc":{"start":{"line":44,"column":25},"end":{"line":44,"column":38}},"line":44}},"branchMap":{"0":{"loc":{"start":{"line":12,"column":4},"end":{"line":14,"column":5}},"type":"if","locations":[{"start":{"line":12,"column":4},"end":{"line":14,"column":5}},{"start":{"line":12,"column":4},"end":{"line":14,"column":5}}],"line":12},"1":{"loc":{"start":{"line":22,"column":4},"end":{"line":24,"column":5}},"type":"if","locations":[{"start":{"line":22,"column":4},"end":{"line":24,"column":5}},{"start":{"line":22,"column":4},"end":{"line":24,"column":5}}],"line":22},"2":{"loc":{"start":{"line":30,"column":41},"end":{"line":30,"column":84}},"type":"binary-expr","locations":[{"start":{"line":30,"column":41},"end":{"line":30,"column":74}},{"start":{"line":30,"column":78},"end":{"line":30,"column":84}}],"line":30},"3":{"loc":{"start":{"line":36,"column":7},"end":{"line":37,"column":113}},"type":"binary-expr","locations":[{"start":{"line":36,"column":7},"end":{"line":36,"column":31}},{"start":{"line":36,"column":35},"end":{"line":37,"column":113}}],"line":36},"4":{"loc":{"start":{"line":44,"column":42},"end":{"line":44,"column":76}},"type":"cond-expr","locations":[{"start":{"line":44,"column":55},"end":{"line":44,"column":63}},{"start":{"line":44,"column":66},"end":{"line":44,"column":76}}],"line":44}},"s":{"0":2,"1":0,"2":0,"3":0,"4":0,"5":0,"6":0,"7":0,"8":0,"9":0,"10":0,"11":0,"12":0,"13":0,"14":0,"15":0,"16":0,"17":0,"18":0,"19":0,"20":0,"21":0,"22":0,"23":0},"f":{"0":0,"1":0,"2":0,"3":0,"4":0,"5":0,"6":0,"7":0,"8":0,"9":0},"b":{"0":[0,0],"1":[0,0],"2":[0,0],"3":[0,0],"4":[0,0]},"_coverageSchema":"1a1c01bbd47fc00a2c39e90264f33305004495a9","hash":"56c38364f258efbe5a94ffd3fe911476ffcc497d"}
,"/Users/JohnFa 1/Desktop/Hack Reactor/FEC/project-catwalk/client/src/components/Q&A/Question.jsx": {"path":"/Users/JohnFa 1/Desktop/Hack Reactor/FEC/project-catwalk/client/src/components/Q&A/Question.jsx","statementMap":{"0":{"start":{"line":6,"column":17},"end":{"line":79,"column":1}},"1":{"start":{"line":9,"column":59},"end":{"line":9,"column":64}},"2":{"start":{"line":11,"column":38},"end":{"line":11,"column":53}},"3":{"start":{"line":12,"column":36},"end":{"line":12,"column":75}},"4":{"start":{"line":13,"column":32},"end":{"line":13,"column":43}},"5":{"start":{"line":14,"column":28},"end":{"line":14,"column":43}},"6":{"start":{"line":16,"column":22},"end":{"line":24,"column":3}},"7":{"start":{"line":17,"column":4},"end":{"line":19,"column":5}},"8":{"start":{"line":18,"column":6},"end":{"line":18,"column":13}},"9":{"start":{"line":20,"column":4},"end":{"line":22,"column":59}},"10":{"start":{"line":21,"column":18},"end":{"line":21,"column":60}},"11":{"start":{"line":21,"column":46},"end":{"line":21,"column":59}},"12":{"start":{"line":22,"column":22},"end":{"line":22,"column":57}},"13":{"start":{"line":23,"column":4},"end":{"line":23,"column":24}},"14":{"start":{"line":26,"column":16},"end":{"line":26,"column":18}},"15":{"start":{"line":27,"column":19},"end":{"line":27,"column":48}},"16":{"start":{"line":28,"column":2},"end":{"line":30,"column":3}},"17":{"start":{"line":28,"column":15},"end":{"line":28,"column":16}},"18":{"start":{"line":29,"column":4},"end":{"line":29,"column":50}},"19":{"start":{"line":32,"column":24},"end":{"line":32,"column":406}},"20":{"start":{"line":32,"column":199},"end":{"line":32,"column":225}},"21":{"start":{"line":32,"column":370},"end":{"line":32,"column":383}},"22":{"start":{"line":34,"column":16},"end":{"line":34,"column":70}},"23":{"start":{"line":35,"column":2},"end":{"line":78,"column":3}},"24":{"start":{"line":42,"column":27},"end":{"line":42,"column":40}},"25":{"start":{"line":44,"column":29},"end":{"line":44,"column":43}},"26":{"start":{"line":51,"column":30},"end":{"line":51,"column":45}},"27":{"start":{"line":55,"column":32},"end":{"line":55,"column":51}},"28":{"start":{"line":57,"column":63},"end":{"line":57,"column":78}},"29":{"start":{"line":71,"column":6},"end":{"line":71,"column":44}},"30":{"start":{"line":73,"column":8},"end":{"line":74,"column":10}}},"fnMap":{"0":{"name":"(anonymous_0)","decl":{"start":{"line":6,"column":17},"end":{"line":6,"column":18}},"loc":{"start":{"line":6,"column":28},"end":{"line":79,"column":1}},"line":6},"1":{"name":"(anonymous_1)","decl":{"start":{"line":16,"column":22},"end":{"line":16,"column":23}},"loc":{"start":{"line":16,"column":28},"end":{"line":24,"column":3}},"line":16},"2":{"name":"(anonymous_2)","decl":{"start":{"line":21,"column":12},"end":{"line":21,"column":13}},"loc":{"start":{"line":21,"column":18},"end":{"line":21,"column":60}},"line":21},"3":{"name":"(anonymous_3)","decl":{"start":{"line":21,"column":31},"end":{"line":21,"column":32}},"loc":{"start":{"line":21,"column":46},"end":{"line":21,"column":59}},"line":21},"4":{"name":"(anonymous_4)","decl":{"start":{"line":22,"column":13},"end":{"line":22,"column":14}},"loc":{"start":{"line":22,"column":22},"end":{"line":22,"column":57}},"line":22},"5":{"name":"(anonymous_5)","decl":{"start":{"line":32,"column":193},"end":{"line":32,"column":194}},"loc":{"start":{"line":32,"column":199},"end":{"line":32,"column":225}},"line":32},"6":{"name":"(anonymous_6)","decl":{"start":{"line":32,"column":364},"end":{"line":32,"column":365}},"loc":{"start":{"line":32,"column":370},"end":{"line":32,"column":383}},"line":32},"7":{"name":"(anonymous_7)","decl":{"start":{"line":42,"column":21},"end":{"line":42,"column":22}},"loc":{"start":{"line":42,"column":27},"end":{"line":42,"column":40}},"line":42},"8":{"name":"(anonymous_8)","decl":{"start":{"line":44,"column":22},"end":{"line":44,"column":23}},"loc":{"start":{"line":44,"column":29},"end":{"line":44,"column":43}},"line":44},"9":{"name":"(anonymous_9)","decl":{"start":{"line":51,"column":23},"end":{"line":51,"column":24}},"loc":{"start":{"line":51,"column":30},"end":{"line":51,"column":45}},"line":51},"10":{"name":"(anonymous_10)","decl":{"start":{"line":55,"column":25},"end":{"line":55,"column":26}},"loc":{"start":{"line":55,"column":32},"end":{"line":55,"column":51}},"line":55},"11":{"name":"(anonymous_11)","decl":{"start":{"line":57,"column":56},"end":{"line":57,"column":57}},"loc":{"start":{"line":57,"column":63},"end":{"line":57,"column":78}},"line":57},"12":{"name":"(anonymous_12)","decl":{"start":{"line":70,"column":20},"end":{"line":70,"column":21}},"loc":{"start":{"line":71,"column":6},"end":{"line":71,"column":44}},"line":71},"13":{"name":"(anonymous_13)","decl":{"start":{"line":72,"column":31},"end":{"line":72,"column":32}},"loc":{"start":{"line":73,"column":8},"end":{"line":74,"column":10}},"line":73}},"branchMap":{"0":{"loc":{"start":{"line":17,"column":4},"end":{"line":19,"column":5}},"type":"if","locations":[{"start":{"line":17,"column":4},"end":{"line":19,"column":5}},{"start":{"line":17,"column":4},"end":{"line":19,"column":5}}],"line":17},"1":{"loc":{"start":{"line":32,"column":24},"end":{"line":32,"column":406}},"type":"cond-expr","locations":[{"start":{"line":32,"column":46},"end":{"line":32,"column":50}},{"start":{"line":32,"column":53},"end":{"line":32,"column":406}}],"line":32},"2":{"loc":{"start":{"line":32,"column":53},"end":{"line":32,"column":406}},"type":"cond-expr","locations":[{"start":{"line":32,"column":80},"end":{"line":32,"column":248}},{"start":{"line":32,"column":251},"end":{"line":32,"column":406}}],"line":32},"3":{"loc":{"start":{"line":47,"column":10},"end":{"line":67,"column":11}},"type":"binary-expr","locations":[{"start":{"line":47,"column":10},"end":{"line":47,"column":15}},{"start":{"line":49,"column":12},"end":{"line":66,"column":18}}],"line":47},"4":{"loc":{"start":{"line":71,"column":6},"end":{"line":71,"column":44}},"type":"cond-expr","locations":[{"start":{"line":71,"column":38},"end":{"line":71,"column":40}},{"start":{"line":71,"column":43},"end":{"line":71,"column":44}}],"line":71}},"s":{"0":2,"1":0,"2":0,"3":0,"4":0,"5":0,"6":0,"7":0,"8":0,"9":0,"10":0,"11":0,"12":0,"13":0,"14":0,"15":0,"16":0,"17":0,"18":0,"19":0,"20":0,"21":0,"22":0,"23":0,"24":0,"25":0,"26":0,"27":0,"28":0,"29":0,"30":0},"f":{"0":0,"1":0,"2":0,"3":0,"4":0,"5":0,"6":0,"7":0,"8":0,"9":0,"10":0,"11":0,"12":0,"13":0},"b":{"0":[0,0],"1":[0,0],"2":[0,0],"3":[0,0],"4":[0,0]},"_coverageSchema":"1a1c01bbd47fc00a2c39e90264f33305004495a9","hash":"dd694d05ccc857ef0ab7bf8baa6a57d3b005ba75"}
,"/Users/JohnFa 1/Desktop/Hack Reactor/FEC/project-catwalk/client/src/components/Q&A/QuestionList.jsx": {"path":"/Users/JohnFa 1/Desktop/Hack Reactor/FEC/project-catwalk/client/src/components/Q&A/QuestionList.jsx","statementMap":{"0":{"start":{"line":5,"column":21},"end":{"line":55,"column":1}},"1":{"start":{"line":6,"column":74},"end":{"line":6,"column":79}},"2":{"start":{"line":7,"column":32},"end":{"line":7,"column":43}},"3":{"start":{"line":8,"column":28},"end":{"line":8,"column":43}},"4":{"start":{"line":9,"column":26},"end":{"line":10,"column":101}},"5":{"start":{"line":10,"column":43},"end":{"line":10,"column":66}},"6":{"start":{"line":12,"column":2},"end":{"line":54,"column":4}},"7":{"start":{"line":17,"column":12},"end":{"line":22,"column":14}},"8":{"start":{"line":29,"column":48},"end":{"line":29,"column":62}},"9":{"start":{"line":35,"column":30},"end":{"line":35,"column":45}},"10":{"start":{"line":39,"column":32},"end":{"line":39,"column":51}},"11":{"start":{"line":41,"column":63},"end":{"line":41,"column":78}}},"fnMap":{"0":{"name":"(anonymous_0)","decl":{"start":{"line":5,"column":21},"end":{"line":5,"column":22}},"loc":{"start":{"line":5,"column":32},"end":{"line":55,"column":1}},"line":5},"1":{"name":"(anonymous_1)","decl":{"start":{"line":10,"column":37},"end":{"line":10,"column":38}},"loc":{"start":{"line":10,"column":43},"end":{"line":10,"column":66}},"line":10},"2":{"name":"(anonymous_2)","decl":{"start":{"line":16,"column":73},"end":{"line":16,"column":74}},"loc":{"start":{"line":17,"column":12},"end":{"line":22,"column":14}},"line":17},"3":{"name":"(anonymous_3)","decl":{"start":{"line":29,"column":41},"end":{"line":29,"column":42}},"loc":{"start":{"line":29,"column":48},"end":{"line":29,"column":62}},"line":29},"4":{"name":"(anonymous_4)","decl":{"start":{"line":35,"column":23},"end":{"line":35,"column":24}},"loc":{"start":{"line":35,"column":30},"end":{"line":35,"column":45}},"line":35},"5":{"name":"(anonymous_5)","decl":{"start":{"line":39,"column":25},"end":{"line":39,"column":26}},"loc":{"start":{"line":39,"column":32},"end":{"line":39,"column":51}},"line":39},"6":{"name":"(anonymous_6)","decl":{"start":{"line":41,"column":56},"end":{"line":41,"column":57}},"loc":{"start":{"line":41,"column":63},"end":{"line":41,"column":78}},"line":41}},"branchMap":{"0":{"loc":{"start":{"line":9,"column":26},"end":{"line":10,"column":101}},"type":"binary-expr","locations":[{"start":{"line":9,"column":26},"end":{"line":9,"column":52}},{"start":{"line":10,"column":4},"end":{"line":10,"column":101}}],"line":9},"1":{"loc":{"start":{"line":14,"column":7},"end":{"line":25,"column":14}},"type":"binary-expr","locations":[{"start":{"line":14,"column":7},"end":{"line":14,"column":27}},{"start":{"line":15,"column":8},"end":{"line":25,"column":14}}],"line":14},"2":{"loc":{"start":{"line":16,"column":11},"end":{"line":23,"column":12}},"type":"binary-expr","locations":[{"start":{"line":16,"column":11},"end":{"line":16,"column":31}},{"start":{"line":16,"column":35},"end":{"line":23,"column":12}}],"line":16},"3":{"loc":{"start":{"line":31,"column":10},"end":{"line":50,"column":11}},"type":"binary-expr","locations":[{"start":{"line":31,"column":10},"end":{"line":31,"column":15}},{"start":{"line":33,"column":12},"end":{"line":49,"column":18}}],"line":31}},"s":{"0":2,"1":9,"2":9,"3":9,"4":9,"5":0,"6":9,"7":0,"8":0,"9":0,"10":0,"11":0},"f":{"0":9,"1":0,"2":0,"3":0,"4":0,"5":0,"6":0},"b":{"0":[9,0],"1":[9,0],"2":[0,0],"3":[9,0]},"_coverageSchema":"1a1c01bbd47fc00a2c39e90264f33305004495a9","hash":"1ef0d5b5aa795ea36c92e11e8e5d9538bd3caf51"}
,"/Users/JohnFa 1/Desktop/Hack Reactor/FEC/project-catwalk/client/src/components/Q&A/QuestionsAndAnswers.jsx": {"path":"/Users/JohnFa 1/Desktop/Hack Reactor/FEC/project-catwalk/client/src/components/Q&A/QuestionsAndAnswers.jsx","statementMap":{"0":{"start":{"line":9,"column":4},"end":{"line":9,"column":17}},"1":{"start":{"line":11,"column":4},"end":{"line":13,"column":6}},"2":{"start":{"line":14,"column":4},"end":{"line":14,"column":53}},"3":{"start":{"line":17,"column":24},"end":{"line":17,"column":43}},"4":{"start":{"line":20,"column":26},"end":{"line":20,"column":36}},"5":{"start":{"line":21,"column":4},"end":{"line":31,"column":70}},"6":{"start":{"line":27,"column":8},"end":{"line":29,"column":10}},"7":{"start":{"line":31,"column":22},"end":{"line":31,"column":68}},"8":{"start":{"line":34,"column":20},"end":{"line":34,"column":68}},"9":{"start":{"line":37,"column":4},"end":{"line":39,"column":66}},"10":{"start":{"line":38,"column":18},"end":{"line":38,"column":37}},"11":{"start":{"line":39,"column":22},"end":{"line":39,"column":64}},"12":{"start":{"line":43,"column":4},"end":{"line":45,"column":64}},"13":{"start":{"line":44,"column":18},"end":{"line":44,"column":37}},"14":{"start":{"line":45,"column":22},"end":{"line":45,"column":62}},"15":{"start":{"line":50,"column":4},"end":{"line":61,"column":6}}},"fnMap":{"0":{"name":"(anonymous_0)","decl":{"start":{"line":8,"column":2},"end":{"line":8,"column":3}},"loc":{"start":{"line":8,"column":21},"end":{"line":15,"column":3}},"line":8},"1":{"name":"(anonymous_1)","decl":{"start":{"line":17,"column":2},"end":{"line":17,"column":3}},"loc":{"start":{"line":17,"column":22},"end":{"line":17,"column":45}},"line":17},"2":{"name":"(anonymous_2)","decl":{"start":{"line":19,"column":2},"end":{"line":19,"column":3}},"loc":{"start":{"line":19,"column":17},"end":{"line":32,"column":3}},"line":19},"3":{"name":"(anonymous_3)","decl":{"start":{"line":26,"column":12},"end":{"line":26,"column":13}},"loc":{"start":{"line":26,"column":21},"end":{"line":30,"column":7}},"line":26},"4":{"name":"(anonymous_4)","decl":{"start":{"line":31,"column":13},"end":{"line":31,"column":14}},"loc":{"start":{"line":31,"column":22},"end":{"line":31,"column":68}},"line":31},"5":{"name":"(anonymous_5)","decl":{"start":{"line":34,"column":2},"end":{"line":34,"column":3}},"loc":{"start":{"line":34,"column":18},"end":{"line":34,"column":70}},"line":34},"6":{"name":"(anonymous_6)","decl":{"start":{"line":36,"column":2},"end":{"line":36,"column":3}},"loc":{"start":{"line":36,"column":21},"end":{"line":40,"column":3}},"line":36},"7":{"name":"(anonymous_7)","decl":{"start":{"line":38,"column":12},"end":{"line":38,"column":13}},"loc":{"start":{"line":38,"column":18},"end":{"line":38,"column":37}},"line":38},"8":{"name":"(anonymous_8)","decl":{"start":{"line":39,"column":13},"end":{"line":39,"column":14}},"loc":{"start":{"line":39,"column":22},"end":{"line":39,"column":64}},"line":39},"9":{"name":"(anonymous_9)","decl":{"start":{"line":42,"column":2},"end":{"line":42,"column":3}},"loc":{"start":{"line":42,"column":23},"end":{"line":46,"column":3}},"line":42},"10":{"name":"(anonymous_10)","decl":{"start":{"line":44,"column":12},"end":{"line":44,"column":13}},"loc":{"start":{"line":44,"column":18},"end":{"line":44,"column":37}},"line":44},"11":{"name":"(anonymous_11)","decl":{"start":{"line":45,"column":13},"end":{"line":45,"column":14}},"loc":{"start":{"line":45,"column":22},"end":{"line":45,"column":62}},"line":45},"12":{"name":"(anonymous_12)","decl":{"start":{"line":49,"column":2},"end":{"line":49,"column":3}},"loc":{"start":{"line":49,"column":11},"end":{"line":62,"column":3}},"line":49}},"branchMap":{},"s":{"0":9,"1":9,"2":9,"3":9,"4":9,"5":9,"6":0,"7":0,"8":0,"9":0,"10":0,"11":0,"12":0,"13":0,"14":0,"15":9},"f":{"0":9,"1":9,"2":9,"3":0,"4":0,"5":0,"6":0,"7":0,"8":0,"9":0,"10":0,"11":0,"12":9},"b":{},"_coverageSchema":"1a1c01bbd47fc00a2c39e90264f33305004495a9","hash":"ae54c3d5781e73e6ed2cf85cf69bd2fff27b8351"}
,"/Users/JohnFa 1/Desktop/Hack Reactor/FEC/project-catwalk/client/src/components/Q&A/Search.jsx": {"path":"/Users/JohnFa 1/Desktop/Hack Reactor/FEC/project-catwalk/client/src/components/Q&A/Search.jsx","statementMap":{"0":{"start":{"line":6,"column":15},"end":{"line":40,"column":1}},"1":{"start":{"line":7,"column":74},"end":{"line":7,"column":79}},"2":{"start":{"line":8,"column":28},"end":{"line":8,"column":40}},"3":{"start":{"line":10,"column":21},"end":{"line":19,"column":3}},"4":{"start":{"line":11,"column":19},"end":{"line":11,"column":21}},"5":{"start":{"line":13,"column":4},"end":{"line":18,"column":5}},"6":{"start":{"line":14,"column":6},"end":{"line":15,"column":76}},"7":{"start":{"line":15,"column":8},"end":{"line":15,"column":74}},"8":{"start":{"line":17,"column":6},"end":{"line":17,"column":23}},"9":{"start":{"line":21,"column":2},"end":{"line":39,"column":3}},"10":{"start":{"line":26,"column":27},"end":{"line":26,"column":51}}},"fnMap":{"0":{"name":"(anonymous_0)","decl":{"start":{"line":6,"column":15},"end":{"line":6,"column":16}},"loc":{"start":{"line":6,"column":26},"end":{"line":40,"column":1}},"line":6},"1":{"name":"(anonymous_1)","decl":{"start":{"line":10,"column":21},"end":{"line":10,"column":22}},"loc":{"start":{"line":10,"column":32},"end":{"line":19,"column":3}},"line":10},"2":{"name":"(anonymous_2)","decl":{"start":{"line":14,"column":30},"end":{"line":14,"column":31}},"loc":{"start":{"line":15,"column":8},"end":{"line":15,"column":74}},"line":15},"3":{"name":"(anonymous_3)","decl":{"start":{"line":26,"column":20},"end":{"line":26,"column":21}},"loc":{"start":{"line":26,"column":27},"end":{"line":26,"column":51}},"line":26}},"branchMap":{"0":{"loc":{"start":{"line":13,"column":4},"end":{"line":18,"column":5}},"type":"if","locations":[{"start":{"line":13,"column":4},"end":{"line":18,"column":5}},{"start":{"line":13,"column":4},"end":{"line":18,"column":5}}],"line":13}},"s":{"0":2,"1":9,"2":9,"3":9,"4":9,"5":9,"6":0,"7":0,"8":9,"9":9,"10":0},"f":{"0":9,"1":9,"2":0,"3":0},"b":{"0":[0,9]},"_coverageSchema":"1a1c01bbd47fc00a2c39e90264f33305004495a9","hash":"40ebf5ddf917acca7813e0210c09cd86b7fa8205"}
,"/Users/JohnFa 1/Desktop/Hack Reactor/FEC/project-catwalk/client/src/components/RelatedItems&OutfitCreation/Cards.jsx": {"path":"/Users/JohnFa 1/Desktop/Hack Reactor/FEC/project-catwalk/client/src/components/RelatedItems&OutfitCreation/Cards.jsx","statementMap":{"0":{"start":{"line":7,"column":14},"end":{"line":56,"column":1}},"1":{"start":{"line":8,"column":43},"end":{"line":8,"column":48}},"2":{"start":{"line":9,"column":32},"end":{"line":9,"column":44}},"3":{"start":{"line":10,"column":46},"end":{"line":10,"column":61}},"4":{"start":{"line":11,"column":48},"end":{"line":11,"column":67}},"5":{"start":{"line":13,"column":26},"end":{"line":15,"column":3}},"6":{"start":{"line":14,"column":4},"end":{"line":14,"column":37}},"7":{"start":{"line":17,"column":29},"end":{"line":19,"column":3}},"8":{"start":{"line":18,"column":4},"end":{"line":18,"column":68}},"9":{"start":{"line":18,"column":27},"end":{"line":18,"column":66}},"10":{"start":{"line":18,"column":57},"end":{"line":18,"column":65}},"11":{"start":{"line":20,"column":27},"end":{"line":23,"column":3}},"12":{"start":{"line":21,"column":4},"end":{"line":21,"column":44}},"13":{"start":{"line":22,"column":4},"end":{"line":22,"column":28}},"14":{"start":{"line":24,"column":25},"end":{"line":27,"column":3}},"15":{"start":{"line":25,"column":4},"end":{"line":25,"column":34}},"16":{"start":{"line":26,"column":4},"end":{"line":26,"column":29}},"17":{"start":{"line":29,"column":2},"end":{"line":55,"column":3}}},"fnMap":{"0":{"name":"(anonymous_0)","decl":{"start":{"line":7,"column":14},"end":{"line":7,"column":15}},"loc":{"start":{"line":7,"column":25},"end":{"line":56,"column":1}},"line":7},"1":{"name":"(anonymous_1)","decl":{"start":{"line":13,"column":26},"end":{"line":13,"column":27}},"loc":{"start":{"line":13,"column":38},"end":{"line":15,"column":3}},"line":13},"2":{"name":"(anonymous_2)","decl":{"start":{"line":17,"column":29},"end":{"line":17,"column":30}},"loc":{"start":{"line":17,"column":37},"end":{"line":19,"column":3}},"line":17},"3":{"name":"(anonymous_3)","decl":{"start":{"line":18,"column":15},"end":{"line":18,"column":16}},"loc":{"start":{"line":18,"column":27},"end":{"line":18,"column":66}},"line":18},"4":{"name":"(anonymous_4)","decl":{"start":{"line":18,"column":42},"end":{"line":18,"column":43}},"loc":{"start":{"line":18,"column":57},"end":{"line":18,"column":65}},"line":18},"5":{"name":"(anonymous_5)","decl":{"start":{"line":20,"column":27},"end":{"line":20,"column":28}},"loc":{"start":{"line":20,"column":35},"end":{"line":23,"column":3}},"line":20},"6":{"name":"(anonymous_6)","decl":{"start":{"line":24,"column":25},"end":{"line":24,"column":26}},"loc":{"start":{"line":24,"column":32},"end":{"line":27,"column":3}},"line":24}},"branchMap":{"0":{"loc":{"start":{"line":46,"column":8},"end":{"line":52,"column":9}},"type":"binary-expr","locations":[{"start":{"line":46,"column":8},"end":{"line":46,"column":22}},{"start":{"line":47,"column":10},"end":{"line":51,"column":12}}],"line":46}},"s":{"0":2,"1":9,"2":9,"3":9,"4":9,"5":9,"6":0,"7":9,"8":0,"9":0,"10":0,"11":9,"12":0,"13":0,"14":9,"15":0,"16":0,"17":9},"f":{"0":9,"1":0,"2":0,"3":0,"4":0,"5":0,"6":0},"b":{"0":[9,0]},"_coverageSchema":"1a1c01bbd47fc00a2c39e90264f33305004495a9","hash":"4041622dc95372871b93dc2f36f75facfc5b14c7"}
,"/Users/JohnFa 1/Desktop/Hack Reactor/FEC/project-catwalk/client/src/components/RelatedItems&OutfitCreation/Comparing/Comparing.jsx": {"path":"/Users/JohnFa 1/Desktop/Hack Reactor/FEC/project-catwalk/client/src/components/RelatedItems&OutfitCreation/Comparing/Comparing.jsx","statementMap":{"0":{"start":{"line":6,"column":18},"end":{"line":64,"column":1}},"1":{"start":{"line":7,"column":57},"end":{"line":7,"column":62}},"2":{"start":{"line":9,"column":22},"end":{"line":9,"column":38}},"3":{"start":{"line":10,"column":22},"end":{"line":10,"column":42}},"4":{"start":{"line":12,"column":26},"end":{"line":12,"column":46}},"5":{"start":{"line":13,"column":21},"end":{"line":17,"column":4}},"6":{"start":{"line":14,"column":14},"end":{"line":14,"column":51}},"7":{"start":{"line":15,"column":4},"end":{"line":15,"column":35}},"8":{"start":{"line":16,"column":4},"end":{"line":16,"column":15}},"9":{"start":{"line":19,"column":26},"end":{"line":19,"column":50}},"10":{"start":{"line":20,"column":21},"end":{"line":24,"column":4}},"11":{"start":{"line":21,"column":15},"end":{"line":21,"column":52}},"12":{"start":{"line":22,"column":4},"end":{"line":22,"column":35}},"13":{"start":{"line":23,"column":4},"end":{"line":23,"column":15}},"14":{"start":{"line":26,"column":29},"end":{"line":26,"column":73}},"15":{"start":{"line":28,"column":25},"end":{"line":36,"column":4}},"16":{"start":{"line":29,"column":4},"end":{"line":35,"column":5}},"17":{"start":{"line":38,"column":2},"end":{"line":63,"column":3}},"18":{"start":{"line":45,"column":71},"end":{"line":45,"column":87}}},"fnMap":{"0":{"name":"(anonymous_0)","decl":{"start":{"line":6,"column":18},"end":{"line":6,"column":19}},"loc":{"start":{"line":6,"column":29},"end":{"line":64,"column":1}},"line":6},"1":{"name":"(anonymous_1)","decl":{"start":{"line":13,"column":41},"end":{"line":13,"column":42}},"loc":{"start":{"line":13,"column":52},"end":{"line":17,"column":3}},"line":13},"2":{"name":"(anonymous_2)","decl":{"start":{"line":20,"column":41},"end":{"line":20,"column":42}},"loc":{"start":{"line":20,"column":52},"end":{"line":24,"column":3}},"line":20},"3":{"name":"(anonymous_3)","decl":{"start":{"line":28,"column":48},"end":{"line":28,"column":49}},"loc":{"start":{"line":28,"column":68},"end":{"line":36,"column":3}},"line":28},"4":{"name":"(anonymous_4)","decl":{"start":{"line":45,"column":65},"end":{"line":45,"column":66}},"loc":{"start":{"line":45,"column":71},"end":{"line":45,"column":87}},"line":45}},"branchMap":{},"s":{"0":2,"1":0,"2":0,"3":0,"4":0,"5":0,"6":0,"7":0,"8":0,"9":0,"10":0,"11":0,"12":0,"13":0,"14":0,"15":0,"16":0,"17":0,"18":0},"f":{"0":0,"1":0,"2":0,"3":0,"4":0},"b":{},"_coverageSchema":"1a1c01bbd47fc00a2c39e90264f33305004495a9","hash":"822ceed28727552346ca755ae7d10fbc4df97246"}
,"/Users/JohnFa 1/Desktop/Hack Reactor/FEC/project-catwalk/client/src/components/RelatedItems&OutfitCreation/Outfit/OutfitCard.jsx": {"path":"/Users/JohnFa 1/Desktop/Hack Reactor/FEC/project-catwalk/client/src/components/RelatedItems&OutfitCreation/Outfit/OutfitCard.jsx","statementMap":{"0":{"start":{"line":7,"column":19},"end":{"line":32,"column":1}},"1":{"start":{"line":8,"column":42},"end":{"line":8,"column":47}},"2":{"start":{"line":10,"column":17},"end":{"line":23,"column":3}},"3":{"start":{"line":11,"column":4},"end":{"line":22,"column":10}},"4":{"start":{"line":25,"column":2},"end":{"line":31,"column":3}}},"fnMap":{"0":{"name":"(anonymous_0)","decl":{"start":{"line":7,"column":19},"end":{"line":7,"column":20}},"loc":{"start":{"line":7,"column":30},"end":{"line":32,"column":1}},"line":7},"1":{"name":"(anonymous_1)","decl":{"start":{"line":10,"column":29},"end":{"line":10,"column":30}},"loc":{"start":{"line":11,"column":4},"end":{"line":22,"column":10}},"line":11}},"branchMap":{},"s":{"0":2,"1":0,"2":0,"3":0,"4":0},"f":{"0":0,"1":0},"b":{},"_coverageSchema":"1a1c01bbd47fc00a2c39e90264f33305004495a9","hash":"0486b8997e4381d44b69e273f4c89809a01f124e"}
,"/Users/JohnFa 1/Desktop/Hack Reactor/FEC/project-catwalk/client/src/components/RelatedItems&OutfitCreation/Outfit/OutfitCreations.jsx": {"path":"/Users/JohnFa 1/Desktop/Hack Reactor/FEC/project-catwalk/client/src/components/RelatedItems&OutfitCreation/Outfit/OutfitCreations.jsx","statementMap":{"0":{"start":{"line":6,"column":24},"end":{"line":34,"column":1}},"1":{"start":{"line":7,"column":72},"end":{"line":7,"column":77}},"2":{"start":{"line":9,"column":27},"end":{"line":17,"column":3}},"3":{"start":{"line":10,"column":17},"end":{"line":15,"column":5}},"4":{"start":{"line":16,"column":4},"end":{"line":16,"column":28}},"5":{"start":{"line":20,"column":2},"end":{"line":33,"column":3}}},"fnMap":{"0":{"name":"(anonymous_0)","decl":{"start":{"line":6,"column":24},"end":{"line":6,"column":25}},"loc":{"start":{"line":6,"column":35},"end":{"line":34,"column":1}},"line":6},"1":{"name":"(anonymous_1)","decl":{"start":{"line":9,"column":27},"end":{"line":9,"column":28}},"loc":{"start":{"line":9,"column":33},"end":{"line":17,"column":3}},"line":9}},"branchMap":{"0":{"loc":{"start":{"line":23,"column":7},"end":{"line":29,"column":14}},"type":"cond-expr","locations":[{"start":{"line":24,"column":8},"end":{"line":24,"column":79}},{"start":{"line":26,"column":8},"end":{"line":29,"column":14}}],"line":23}},"s":{"0":2,"1":9,"2":9,"3":0,"4":0,"5":9},"f":{"0":9,"1":0},"b":{"0":[0,9]},"_coverageSchema":"1a1c01bbd47fc00a2c39e90264f33305004495a9","hash":"ca9ab520a70793a20b9a75ff531d0e5effb1b963"}
,"/Users/JohnFa 1/Desktop/Hack Reactor/FEC/project-catwalk/client/src/components/RelatedItems&OutfitCreation/Outfit/OutfitImages.jsx": {"path":"/Users/JohnFa 1/Desktop/Hack Reactor/FEC/project-catwalk/client/src/components/RelatedItems&OutfitCreation/Outfit/OutfitImages.jsx","statementMap":{"0":{"start":{"line":4,"column":21},"end":{"line":15,"column":1}},"1":{"start":{"line":5,"column":44},"end":{"line":5,"column":49}},"2":{"start":{"line":7,"column":20},"end":{"line":7,"column":35}},"3":{"start":{"line":9,"column":2},"end":{"line":14,"column":3}},"4":{"start":{"line":11,"column":53},"end":{"line":11,"column":75}}},"fnMap":{"0":{"name":"(anonymous_0)","decl":{"start":{"line":4,"column":21},"end":{"line":4,"column":22}},"loc":{"start":{"line":4,"column":32},"end":{"line":15,"column":1}},"line":4},"1":{"name":"(anonymous_1)","decl":{"start":{"line":11,"column":47},"end":{"line":11,"column":48}},"loc":{"start":{"line":11,"column":53},"end":{"line":11,"column":75}},"line":11}},"branchMap":{},"s":{"0":2,"1":0,"2":0,"3":0,"4":0},"f":{"0":0,"1":0},"b":{},"_coverageSchema":"1a1c01bbd47fc00a2c39e90264f33305004495a9","hash":"19080d3e9bdff98780549ddbe95f211bd72beb07"}
,"/Users/JohnFa 1/Desktop/Hack Reactor/FEC/project-catwalk/client/src/components/RelatedItems&OutfitCreation/Outfit/OutfitInformation.jsx": {"path":"/Users/JohnFa 1/Desktop/Hack Reactor/FEC/project-catwalk/client/src/components/RelatedItems&OutfitCreation/Outfit/OutfitInformation.jsx","statementMap":{"0":{"start":{"line":4,"column":26},"end":{"line":18,"column":1}},"1":{"start":{"line":5,"column":37},"end":{"line":5,"column":42}},"2":{"start":{"line":7,"column":23},"end":{"line":7,"column":39}},"3":{"start":{"line":8,"column":2},"end":{"line":8,"column":36}},"4":{"start":{"line":10,"column":2},"end":{"line":17,"column":3}}},"fnMap":{"0":{"name":"(anonymous_0)","decl":{"start":{"line":4,"column":26},"end":{"line":4,"column":27}},"loc":{"start":{"line":4,"column":37},"end":{"line":18,"column":1}},"line":4}},"branchMap":{},"s":{"0":2,"1":0,"2":0,"3":0,"4":0},"f":{"0":0},"b":{},"_coverageSchema":"1a1c01bbd47fc00a2c39e90264f33305004495a9","hash":"88f247fbebe817fbdafc43676ddb7ca7c61a4a61"}
,"/Users/JohnFa 1/Desktop/Hack Reactor/FEC/project-catwalk/client/src/components/RelatedItems&OutfitCreation/Related/ProductInformation.jsx": {"path":"/Users/JohnFa 1/Desktop/Hack Reactor/FEC/project-catwalk/client/src/components/RelatedItems&OutfitCreation/Related/ProductInformation.jsx","statementMap":{"0":{"start":{"line":4,"column":27},"end":{"line":18,"column":1}},"1":{"start":{"line":5,"column":35},"end":{"line":5,"column":40}},"2":{"start":{"line":7,"column":14},"end":{"line":7,"column":46}},"3":{"start":{"line":8,"column":2},"end":{"line":8,"column":27}},"4":{"start":{"line":10,"column":2},"end":{"line":17,"column":3}}},"fnMap":{"0":{"name":"(anonymous_0)","decl":{"start":{"line":4,"column":27},"end":{"line":4,"column":28}},"loc":{"start":{"line":4,"column":38},"end":{"line":18,"column":1}},"line":4}},"branchMap":{},"s":{"0":2,"1":0,"2":0,"3":0,"4":0},"f":{"0":0},"b":{},"_coverageSchema":"1a1c01bbd47fc00a2c39e90264f33305004495a9","hash":"460654cd1cdbf8af11f027cd09cad1cbb2e8a520"}
,"/Users/JohnFa 1/Desktop/Hack Reactor/FEC/project-catwalk/client/src/components/RelatedItems&OutfitCreation/Related/ProductPreviewImages.jsx": {"path":"/Users/JohnFa 1/Desktop/Hack Reactor/FEC/project-catwalk/client/src/components/RelatedItems&OutfitCreation/Related/ProductPreviewImages.jsx","statementMap":{"0":{"start":{"line":4,"column":29},"end":{"line":15,"column":1}},"1":{"start":{"line":5,"column":50},"end":{"line":5,"column":55}},"2":{"start":{"line":7,"column":15},"end":{"line":7,"column":41}},"3":{"start":{"line":9,"column":2},"end":{"line":14,"column":3}},"4":{"start":{"line":11,"column":60},"end":{"line":11,"column":80}}},"fnMap":{"0":{"name":"(anonymous_0)","decl":{"start":{"line":4,"column":29},"end":{"line":4,"column":30}},"loc":{"start":{"line":4,"column":40},"end":{"line":15,"column":1}},"line":4},"1":{"name":"(anonymous_1)","decl":{"start":{"line":11,"column":54},"end":{"line":11,"column":55}},"loc":{"start":{"line":11,"column":60},"end":{"line":11,"column":80}},"line":11}},"branchMap":{},"s":{"0":2,"1":0,"2":0,"3":0,"4":0},"f":{"0":0,"1":0},"b":{},"_coverageSchema":"1a1c01bbd47fc00a2c39e90264f33305004495a9","hash":"dba650d56c1c414b143b93691bba92e4a2353405"}
,"/Users/JohnFa 1/Desktop/Hack Reactor/FEC/project-catwalk/client/src/components/RelatedItems&OutfitCreation/Related/RelatedProductCards.jsx": {"path":"/Users/JohnFa 1/Desktop/Hack Reactor/FEC/project-catwalk/client/src/components/RelatedItems&OutfitCreation/Related/RelatedProductCards.jsx","statementMap":{"0":{"start":{"line":7,"column":28},"end":{"line":32,"column":1}},"1":{"start":{"line":8,"column":61},"end":{"line":8,"column":66}},"2":{"start":{"line":10,"column":19},"end":{"line":23,"column":3}},"3":{"start":{"line":11,"column":4},"end":{"line":22,"column":10}},"4":{"start":{"line":25,"column":2},"end":{"line":31,"column":3}}},"fnMap":{"0":{"name":"(anonymous_0)","decl":{"start":{"line":7,"column":28},"end":{"line":7,"column":29}},"loc":{"start":{"line":7,"column":39},"end":{"line":32,"column":1}},"line":7},"1":{"name":"(anonymous_1)","decl":{"start":{"line":10,"column":39},"end":{"line":10,"column":40}},"loc":{"start":{"line":11,"column":4},"end":{"line":22,"column":10}},"line":11}},"branchMap":{},"s":{"0":2,"1":9,"2":9,"3":0,"4":9},"f":{"0":9,"1":0},"b":{},"_coverageSchema":"1a1c01bbd47fc00a2c39e90264f33305004495a9","hash":"82524a95dad344bc8cd28163f812242acee3e11b"}
,"/Users/JohnFa 1/Desktop/Hack Reactor/FEC/project-catwalk/client/src/components/product-details/AddToCart.jsx": {"path":"/Users/JohnFa 1/Desktop/Hack Reactor/FEC/project-catwalk/client/src/components/product-details/AddToCart.jsx","statementMap":{"0":{"start":{"line":8,"column":16},"end":{"line":53,"column":1}},"1":{"start":{"line":9,"column":21},"end":{"line":9,"column":23}},"2":{"start":{"line":10,"column":2},"end":{"line":14,"column":3}},"3":{"start":{"line":11,"column":4},"end":{"line":13,"column":5}},"4":{"start":{"line":11,"column":17},"end":{"line":11,"column":18}},"5":{"start":{"line":12,"column":6},"end":{"line":12,"column":25}},"6":{"start":{"line":16,"column":2},"end":{"line":52,"column":4}},"7":{"start":{"line":25,"column":14},"end":{"line":25,"column":91}},"8":{"start":{"line":35,"column":14},"end":{"line":35,"column":70}}},"fnMap":{"0":{"name":"(anonymous_0)","decl":{"start":{"line":8,"column":16},"end":{"line":8,"column":17}},"loc":{"start":{"line":8,"column":27},"end":{"line":53,"column":1}},"line":8},"1":{"name":"(anonymous_1)","decl":{"start":{"line":24,"column":54},"end":{"line":24,"column":55}},"loc":{"start":{"line":25,"column":14},"end":{"line":25,"column":91}},"line":25},"2":{"name":"(anonymous_2)","decl":{"start":{"line":34,"column":29},"end":{"line":34,"column":30}},"loc":{"start":{"line":35,"column":14},"end":{"line":35,"column":70}},"line":35}},"branchMap":{"0":{"loc":{"start":{"line":10,"column":2},"end":{"line":14,"column":3}},"type":"if","locations":[{"start":{"line":10,"column":2},"end":{"line":14,"column":3}},{"start":{"line":10,"column":2},"end":{"line":14,"column":3}}],"line":10},"1":{"loc":{"start":{"line":11,"column":20},"end":{"line":11,"column":63}},"type":"binary-expr","locations":[{"start":{"line":11,"column":20},"end":{"line":11,"column":52}},{"start":{"line":11,"column":56},"end":{"line":11,"column":63}}],"line":11},"2":{"loc":{"start":{"line":23,"column":11},"end":{"line":27,"column":41}},"type":"cond-expr","locations":[{"start":{"line":24,"column":12},"end":{"line":26,"column":14}},{"start":{"line":27,"column":12},"end":{"line":27,"column":41}}],"line":23},"3":{"loc":{"start":{"line":33,"column":11},"end":{"line":37,"column":32}},"type":"cond-expr","locations":[{"start":{"line":34,"column":14},"end":{"line":36,"column":14}},{"start":{"line":37,"column":14},"end":{"line":37,"column":32}}],"line":33},"4":{"loc":{"start":{"line":43,"column":7},"end":{"line":47,"column":113}},"type":"cond-expr","locations":[{"start":{"line":44,"column":10},"end":{"line":46,"column":85}},{"start":{"line":47,"column":10},"end":{"line":47,"column":113}}],"line":43},"5":{"loc":{"start":{"line":44,"column":10},"end":{"line":46,"column":85}},"type":"cond-expr","locations":[{"start":{"line":45,"column":12},"end":{"line":45,"column":75}},{"start":{"line":46,"column":12},"end":{"line":46,"column":85}}],"line":44}},"s":{"0":2,"1":9,"2":9,"3":0,"4":0,"5":0,"6":9,"7":0,"8":0},"f":{"0":9,"1":0,"2":0},"b":{"0":[0,9],"1":[0,0],"2":[9,0],"3":[0,9],"4":[0,9],"5":[0,0]},"_coverageSchema":"1a1c01bbd47fc00a2c39e90264f33305004495a9","hash":"51d41b5c3edfa6d9a59343ca8eb4e7ad6fb79c08"}
,"/Users/JohnFa 1/Desktop/Hack Reactor/FEC/project-catwalk/client/src/components/product-details/ExpandedView.jsx": {"path":"/Users/JohnFa 1/Desktop/Hack Reactor/FEC/project-catwalk/client/src/components/product-details/ExpandedView.jsx","statementMap":{"0":{"start":{"line":17,"column":19},"end":{"line":60,"column":1}},"1":{"start":{"line":18,"column":2},"end":{"line":59,"column":8}},"2":{"start":{"line":24,"column":8},"end":{"line":26,"column":158}}},"fnMap":{"0":{"name":"(anonymous_0)","decl":{"start":{"line":17,"column":19},"end":{"line":17,"column":20}},"loc":{"start":{"line":18,"column":2},"end":{"line":59,"column":8}},"line":18},"1":{"name":"(anonymous_1)","decl":{"start":{"line":20,"column":24},"end":{"line":20,"column":25}},"loc":{"start":{"line":24,"column":8},"end":{"line":26,"column":158}},"line":24}},"branchMap":{"0":{"loc":{"start":{"line":24,"column":8},"end":{"line":26,"column":158}},"type":"cond-expr","locations":[{"start":{"line":25,"column":12},"end":{"line":25,"column":166}},{"start":{"line":26,"column":12},"end":{"line":26,"column":158}}],"line":24},"1":{"loc":{"start":{"line":31,"column":5},"end":{"line":49,"column":43}},"type":"cond-expr","locations":[{"start":{"line":32,"column":8},"end":{"line":48,"column":18}},{"start":{"line":49,"column":10},"end":{"line":49,"column":43}}],"line":31},"2":{"loc":{"start":{"line":52,"column":9},"end":{"line":52,"column":131}},"type":"binary-expr","locations":[{"start":{"line":52,"column":9},"end":{"line":52,"column":37}},{"start":{"line":52,"column":41},"end":{"line":52,"column":131}}],"line":52},"3":{"loc":{"start":{"line":54,"column":9},"end":{"line":55,"column":101}},"type":"binary-expr","locations":[{"start":{"line":54,"column":9},"end":{"line":54,"column":59}},{"start":{"line":55,"column":8},"end":{"line":55,"column":101}}],"line":54}},"s":{"0":2,"1":0,"2":0},"f":{"0":0,"1":0},"b":{"0":[0,0],"1":[0,0],"2":[0,0],"3":[0,0]},"_coverageSchema":"1a1c01bbd47fc00a2c39e90264f33305004495a9","hash":"a37cf4ea0270dc26e94e11e18f886ce9d3d666f9"}
,"/Users/JohnFa 1/Desktop/Hack Reactor/FEC/project-catwalk/client/src/components/product-details/ImageGallery.jsx": {"path":"/Users/JohnFa 1/Desktop/Hack Reactor/FEC/project-catwalk/client/src/components/product-details/ImageGallery.jsx","statementMap":{"0":{"start":{"line":26,"column":19},"end":{"line":65,"column":1}},"1":{"start":{"line":27,"column":2},"end":{"line":64,"column":8}}},"fnMap":{"0":{"name":"(anonymous_0)","decl":{"start":{"line":26,"column":19},"end":{"line":26,"column":20}},"loc":{"start":{"line":27,"column":2},"end":{"line":64,"column":8}},"line":27}},"branchMap":{"0":{"loc":{"start":{"line":28,"column":7},"end":{"line":37,"column":47}},"type":"cond-expr","locations":[{"start":{"line":29,"column":10},"end":{"line":36,"column":11}},{"start":{"line":37,"column":10},"end":{"line":37,"column":47}}],"line":28},"1":{"loc":{"start":{"line":40,"column":5},"end":{"line":55,"column":45}},"type":"cond-expr","locations":[{"start":{"line":41,"column":8},"end":{"line":54,"column":17}},{"start":{"line":55,"column":12},"end":{"line":55,"column":45}}],"line":40},"2":{"loc":{"start":{"line":58,"column":9},"end":{"line":58,"column":131}},"type":"binary-expr","locations":[{"start":{"line":58,"column":9},"end":{"line":58,"column":37}},{"start":{"line":58,"column":41},"end":{"line":58,"column":131}}],"line":58},"3":{"loc":{"start":{"line":60,"column":9},"end":{"line":60,"column":156}},"type":"binary-expr","locations":[{"start":{"line":60,"column":9},"end":{"line":60,"column":59}},{"start":{"line":60,"column":63},"end":{"line":60,"column":156}}],"line":60}},"s":{"0":2,"1":9},"f":{"0":9},"b":{"0":[9,0],"1":[0,9],"2":[9,0],"3":[9,0]},"_coverageSchema":"1a1c01bbd47fc00a2c39e90264f33305004495a9","hash":"3a5e730307097df62c9427c5e08a8a636c92c0cb"}
,"/Users/JohnFa 1/Desktop/Hack Reactor/FEC/project-catwalk/client/src/components/product-details/ProductDetail.jsx": {"path":"/Users/JohnFa 1/Desktop/Hack Reactor/FEC/project-catwalk/client/src/components/product-details/ProductDetail.jsx","statementMap":{"0":{"start":{"line":13,"column":4},"end":{"line":13,"column":17}},"1":{"start":{"line":14,"column":4},"end":{"line":24,"column":5}},"2":{"start":{"line":28,"column":4},"end":{"line":36,"column":8}},"3":{"start":{"line":30,"column":8},"end":{"line":32,"column":11}},"4":{"start":{"line":35,"column":8},"end":{"line":35,"column":27}},"5":{"start":{"line":40,"column":4},"end":{"line":47,"column":8}},"6":{"start":{"line":46,"column":8},"end":{"line":46,"column":27}},"7":{"start":{"line":51,"column":4},"end":{"line":51,"column":27}},"8":{"start":{"line":52,"column":16},"end":{"line":52,"column":53}},"9":{"start":{"line":53,"column":4},"end":{"line":55,"column":5}},"10":{"start":{"line":53,"column":17},"end":{"line":53,"column":18}},"11":{"start":{"line":54,"column":6},"end":{"line":54,"column":62}},"12":{"start":{"line":60,"column":4},"end":{"line":60,"column":57}},"13":{"start":{"line":64,"column":4},"end":{"line":64,"column":27}},"14":{"start":{"line":65,"column":4},"end":{"line":67,"column":7}},"15":{"start":{"line":68,"column":4},"end":{"line":68,"column":28}},"16":{"start":{"line":72,"column":4},"end":{"line":72,"column":27}},"17":{"start":{"line":73,"column":4},"end":{"line":75,"column":7}},"18":{"start":{"line":79,"column":4},"end":{"line":79,"column":27}},"19":{"start":{"line":83,"column":24},"end":{"line":83,"column":60}},"20":{"start":{"line":84,"column":4},"end":{"line":86,"column":7}},"21":{"start":{"line":88,"column":4},"end":{"line":94,"column":5}},"22":{"start":{"line":90,"column":6},"end":{"line":90,"column":56}},"23":{"start":{"line":91,"column":6},"end":{"line":91,"column":41}},"24":{"start":{"line":93,"column":6},"end":{"line":93,"column":62}},"25":{"start":{"line":95,"column":4},"end":{"line":95,"column":46}},"26":{"start":{"line":99,"column":4},"end":{"line":99,"column":27}},"27":{"start":{"line":100,"column":4},"end":{"line":102,"column":7}},"28":{"start":{"line":106,"column":4},"end":{"line":106,"column":27}},"29":{"start":{"line":107,"column":4},"end":{"line":109,"column":7}},"30":{"start":{"line":113,"column":4},"end":{"line":113,"column":27}},"31":{"start":{"line":114,"column":24},"end":{"line":114,"column":57}},"32":{"start":{"line":115,"column":4},"end":{"line":117,"column":6}},"33":{"start":{"line":128,"column":4},"end":{"line":128,"column":27}},"34":{"start":{"line":129,"column":24},"end":{"line":129,"column":57}},"35":{"start":{"line":130,"column":4},"end":{"line":132,"column":7}},"36":{"start":{"line":143,"column":4},"end":{"line":143,"column":27}},"37":{"start":{"line":144,"column":4},"end":{"line":146,"column":7}},"38":{"start":{"line":150,"column":4},"end":{"line":150,"column":27}},"39":{"start":{"line":151,"column":4},"end":{"line":153,"column":6}},"40":{"start":{"line":171,"column":4},"end":{"line":221,"column":6}}},"fnMap":{"0":{"name":"(anonymous_0)","decl":{"start":{"line":12,"column":2},"end":{"line":12,"column":3}},"loc":{"start":{"line":12,"column":21},"end":{"line":25,"column":3}},"line":12},"1":{"name":"(anonymous_1)","decl":{"start":{"line":27,"column":2},"end":{"line":27,"column":3}},"loc":{"start":{"line":27,"column":12},"end":{"line":37,"column":3}},"line":27},"2":{"name":"(anonymous_2)","decl":{"start":{"line":29,"column":12},"end":{"line":29,"column":13}},"loc":{"start":{"line":29,"column":21},"end":{"line":33,"column":7}},"line":29},"3":{"name":"(anonymous_3)","decl":{"start":{"line":34,"column":13},"end":{"line":34,"column":14}},"loc":{"start":{"line":34,"column":22},"end":{"line":36,"column":7}},"line":34},"4":{"name":"(anonymous_4)","decl":{"start":{"line":39,"column":2},"end":{"line":39,"column":3}},"loc":{"start":{"line":39,"column":23},"end":{"line":48,"column":3}},"line":39},"5":{"name":"(anonymous_5)","decl":{"start":{"line":41,"column":12},"end":{"line":41,"column":13}},"loc":{"start":{"line":41,"column":21},"end":{"line":44,"column":7}},"line":41},"6":{"name":"(anonymous_6)","decl":{"start":{"line":45,"column":13},"end":{"line":45,"column":14}},"loc":{"start":{"line":45,"column":22},"end":{"line":47,"column":7}},"line":45},"7":{"name":"(anonymous_7)","decl":{"start":{"line":50,"column":2},"end":{"line":50,"column":3}},"loc":{"start":{"line":50,"column":26},"end":{"line":56,"column":3}},"line":50},"8":{"name":"(anonymous_8)","decl":{"start":{"line":58,"column":2},"end":{"line":58,"column":3}},"loc":{"start":{"line":58,"column":19},"end":{"line":61,"column":3}},"line":58},"9":{"name":"(anonymous_9)","decl":{"start":{"line":63,"column":2},"end":{"line":63,"column":3}},"loc":{"start":{"line":63,"column":26},"end":{"line":69,"column":3}},"line":63},"10":{"name":"(anonymous_10)","decl":{"start":{"line":71,"column":2},"end":{"line":71,"column":3}},"loc":{"start":{"line":71,"column":30},"end":{"line":76,"column":3}},"line":71},"11":{"name":"(anonymous_11)","decl":{"start":{"line":78,"column":2},"end":{"line":78,"column":3}},"loc":{"start":{"line":78,"column":30},"end":{"line":96,"column":3}},"line":78},"12":{"name":"(anonymous_12)","decl":{"start":{"line":98,"column":2},"end":{"line":98,"column":3}},"loc":{"start":{"line":98,"column":28},"end":{"line":103,"column":3}},"line":98},"13":{"name":"(anonymous_13)","decl":{"start":{"line":105,"column":2},"end":{"line":105,"column":3}},"loc":{"start":{"line":105,"column":30},"end":{"line":110,"column":3}},"line":105},"14":{"name":"(anonymous_14)","decl":{"start":{"line":112,"column":2},"end":{"line":112,"column":3}},"loc":{"start":{"line":112,"column":30},"end":{"line":125,"column":3}},"line":112},"15":{"name":"(anonymous_15)","decl":{"start":{"line":127,"column":2},"end":{"line":127,"column":3}},"loc":{"start":{"line":127,"column":31},"end":{"line":140,"column":3}},"line":127},"16":{"name":"(anonymous_16)","decl":{"start":{"line":142,"column":2},"end":{"line":142,"column":3}},"loc":{"start":{"line":142,"column":33},"end":{"line":147,"column":3}},"line":142},"17":{"name":"(anonymous_17)","decl":{"start":{"line":149,"column":2},"end":{"line":149,"column":3}},"loc":{"start":{"line":149,"column":33},"end":{"line":154,"column":3}},"line":149},"18":{"name":"(anonymous_18)","decl":{"start":{"line":157,"column":2},"end":{"line":157,"column":3}},"loc":{"start":{"line":157,"column":22},"end":{"line":168,"column":3}},"line":157},"19":{"name":"(anonymous_19)","decl":{"start":{"line":170,"column":2},"end":{"line":170,"column":3}},"loc":{"start":{"line":170,"column":11},"end":{"line":222,"column":3}},"line":170}},"branchMap":{"0":{"loc":{"start":{"line":88,"column":4},"end":{"line":94,"column":5}},"type":"if","locations":[{"start":{"line":88,"column":4},"end":{"line":94,"column":5}},{"start":{"line":88,"column":4},"end":{"line":94,"column":5}}],"line":88},"1":{"loc":{"start":{"line":173,"column":9},"end":{"line":195,"column":10}},"type":"cond-expr","locations":[{"start":{"line":174,"column":12},"end":{"line":185,"column":12}},{"start":{"line":186,"column":12},"end":{"line":195,"column":10}}],"line":173}},"s":{"0":9,"1":9,"2":0,"3":0,"4":0,"5":0,"6":0,"7":0,"8":0,"9":0,"10":0,"11":0,"12":0,"13":0,"14":0,"15":0,"16":0,"17":0,"18":0,"19":0,"20":0,"21":0,"22":0,"23":0,"24":0,"25":0,"26":0,"27":0,"28":0,"29":0,"30":0,"31":0,"32":0,"33":0,"34":0,"35":0,"36":0,"37":0,"38":0,"39":0,"40":9},"f":{"0":9,"1":0,"2":0,"3":0,"4":0,"5":0,"6":0,"7":0,"8":0,"9":0,"10":0,"11":0,"12":0,"13":0,"14":0,"15":0,"16":0,"17":0,"18":9,"19":9},"b":{"0":[0,0],"1":[9,0]},"_coverageSchema":"1a1c01bbd47fc00a2c39e90264f33305004495a9","hash":"2da70f0af590e3f7ed7882e5b5505dfdbe2fb696"}
,"/Users/JohnFa 1/Desktop/Hack Reactor/FEC/project-catwalk/client/src/components/product-details/ProductInfo.jsx": {"path":"/Users/JohnFa 1/Desktop/Hack Reactor/FEC/project-catwalk/client/src/components/product-details/ProductInfo.jsx","statementMap":{"0":{"start":{"line":9,"column":18},"end":{"line":49,"column":2}},"1":{"start":{"line":11,"column":15},"end":{"line":11,"column":16}},"2":{"start":{"line":12,"column":16},"end":{"line":12,"column":17}},"3":{"start":{"line":13,"column":4},"end":{"line":16,"column":5}},"4":{"start":{"line":14,"column":6},"end":{"line":14,"column":55}},"5":{"start":{"line":15,"column":6},"end":{"line":15,"column":36}},"6":{"start":{"line":17,"column":19},"end":{"line":17,"column":31}},"7":{"start":{"line":18,"column":4},"end":{"line":20,"column":5}},"8":{"start":{"line":19,"column":6},"end":{"line":19,"column":15}},"9":{"start":{"line":21,"column":4},"end":{"line":21,"column":18}},"10":{"start":{"line":24,"column":2},"end":{"line":49,"column":1}}},"fnMap":{"0":{"name":"(anonymous_0)","decl":{"start":{"line":9,"column":18},"end":{"line":9,"column":19}},"loc":{"start":{"line":9,"column":29},"end":{"line":49,"column":2}},"line":9},"1":{"name":"averageRating","decl":{"start":{"line":10,"column":11},"end":{"line":10,"column":24}},"loc":{"start":{"line":10,"column":30},"end":{"line":22,"column":3}},"line":10}},"branchMap":{"0":{"loc":{"start":{"line":18,"column":4},"end":{"line":20,"column":5}},"type":"if","locations":[{"start":{"line":18,"column":4},"end":{"line":20,"column":5}},{"start":{"line":18,"column":4},"end":{"line":20,"column":5}}],"line":18},"1":{"loc":{"start":{"line":29,"column":23},"end":{"line":29,"column":77}},"type":"cond-expr","locations":[{"start":{"line":29,"column":56},"end":{"line":29,"column":67}},{"start":{"line":29,"column":70},"end":{"line":29,"column":77}}],"line":29},"2":{"loc":{"start":{"line":30,"column":7},"end":{"line":31,"column":75}},"type":"binary-expr","locations":[{"start":{"line":30,"column":7},"end":{"line":30,"column":37}},{"start":{"line":31,"column":8},"end":{"line":31,"column":75}}],"line":30},"3":{"loc":{"start":{"line":34,"column":5},"end":{"line":36,"column":36}},"type":"cond-expr","locations":[{"start":{"line":35,"column":8},"end":{"line":35,"column":57}},{"start":{"line":36,"column":8},"end":{"line":36,"column":36}}],"line":34}},"s":{"0":2,"1":9,"2":9,"3":9,"4":0,"5":0,"6":9,"7":9,"8":9,"9":0,"10":9},"f":{"0":9,"1":9},"b":{"0":[9,0],"1":[0,9],"2":[9,0],"3":[0,9]},"_coverageSchema":"1a1c01bbd47fc00a2c39e90264f33305004495a9","hash":"ec22f4e25bfcde064be1fcaff51561ef22129691"}
,"/Users/JohnFa 1/Desktop/Hack Reactor/FEC/project-catwalk/client/src/components/product-details/StyleSelector.jsx": {"path":"/Users/JohnFa 1/Desktop/Hack Reactor/FEC/project-catwalk/client/src/components/product-details/StyleSelector.jsx","statementMap":{"0":{"start":{"line":6,"column":20},"end":{"line":24,"column":1}},"1":{"start":{"line":7,"column":2},"end":{"line":23,"column":8}},"2":{"start":{"line":12,"column":10},"end":{"line":18,"column":16}}},"fnMap":{"0":{"name":"(anonymous_0)","decl":{"start":{"line":6,"column":20},"end":{"line":6,"column":21}},"loc":{"start":{"line":7,"column":2},"end":{"line":23,"column":8}},"line":7},"1":{"name":"(anonymous_1)","decl":{"start":{"line":11,"column":27},"end":{"line":11,"column":28}},"loc":{"start":{"line":12,"column":10},"end":{"line":18,"column":16}},"line":12}},"branchMap":{"0":{"loc":{"start":{"line":10,"column":7},"end":{"line":20,"column":47}},"type":"cond-expr","locations":[{"start":{"line":11,"column":10},"end":{"line":19,"column":12}},{"start":{"line":20,"column":10},"end":{"line":20,"column":47}}],"line":10},"1":{"loc":{"start":{"line":14,"column":51},"end":{"line":14,"column":126}},"type":"cond-expr","locations":[{"start":{"line":14,"column":105},"end":{"line":14,"column":121}},{"start":{"line":14,"column":124},"end":{"line":14,"column":126}}],"line":14},"2":{"loc":{"start":{"line":15,"column":15},"end":{"line":15,"column":107}},"type":"binary-expr","locations":[{"start":{"line":15,"column":15},"end":{"line":15,"column":66}},{"start":{"line":15,"column":70},"end":{"line":15,"column":107}}],"line":15}},"s":{"0":2,"1":9,"2":0},"f":{"0":9,"1":0},"b":{"0":[0,9],"1":[0,0],"2":[0,0]},"_coverageSchema":"1a1c01bbd47fc00a2c39e90264f33305004495a9","hash":"32ad253d55f6240268dfee08aaf8cb283c3d3ef5"}
,"/Users/JohnFa 1/Desktop/Hack Reactor/FEC/project-catwalk/client/src/components/product-details/ThumbnailList.jsx": {"path":"/Users/JohnFa 1/Desktop/Hack Reactor/FEC/project-catwalk/client/src/components/product-details/ThumbnailList.jsx","statementMap":{"0":{"start":{"line":5,"column":20},"end":{"line":20,"column":1}},"1":{"start":{"line":6,"column":4},"end":{"line":19,"column":10}},"2":{"start":{"line":9,"column":10},"end":{"line":16,"column":18}}},"fnMap":{"0":{"name":"(anonymous_0)","decl":{"start":{"line":5,"column":20},"end":{"line":5,"column":21}},"loc":{"start":{"line":6,"column":4},"end":{"line":19,"column":10}},"line":6},"1":{"name":"(anonymous_1)","decl":{"start":{"line":8,"column":74},"end":{"line":8,"column":75}},"loc":{"start":{"line":9,"column":10},"end":{"line":16,"column":18}},"line":9}},"branchMap":{"0":{"loc":{"start":{"line":7,"column":7},"end":{"line":7,"column":117}},"type":"binary-expr","locations":[{"start":{"line":7,"column":7},"end":{"line":7,"column":29}},{"start":{"line":7,"column":33},"end":{"line":7,"column":117}}],"line":7},"1":{"loc":{"start":{"line":11,"column":16},"end":{"line":11,"column":96}},"type":"cond-expr","locations":[{"start":{"line":11,"column":75},"end":{"line":11,"column":91}},{"start":{"line":11,"column":94},"end":{"line":11,"column":96}}],"line":11},"2":{"loc":{"start":{"line":18,"column":7},"end":{"line":18,"column":145}},"type":"binary-expr","locations":[{"start":{"line":18,"column":7},"end":{"line":18,"column":51}},{"start":{"line":18,"column":55},"end":{"line":18,"column":145}}],"line":18}},"s":{"0":2,"1":9,"2":0},"f":{"0":9,"1":0},"b":{"0":[9,0],"1":[0,0],"2":[9,0]},"_coverageSchema":"1a1c01bbd47fc00a2c39e90264f33305004495a9","hash":"f4e94a4c43ab13f8012501f0b18b51b1415025c6"}
,"/Users/JohnFa 1/Desktop/Hack Reactor/FEC/project-catwalk/client/src/components/ratings&reviews/RatingsAndReviews.jsx": {"path":"/Users/JohnFa 1/Desktop/Hack Reactor/FEC/project-catwalk/client/src/components/ratings&reviews/RatingsAndReviews.jsx","statementMap":{"0":{"start":{"line":11,"column":14},"end":{"line":11,"column":30}},"1":{"start":{"line":14,"column":4},"end":{"line":14,"column":17}},"2":{"start":{"line":16,"column":4},"end":{"line":26,"column":5}},"3":{"start":{"line":28,"column":4},"end":{"line":28,"column":59}},"4":{"start":{"line":29,"column":4},"end":{"line":29,"column":67}},"5":{"start":{"line":30,"column":4},"end":{"line":30,"column":61}},"6":{"start":{"line":31,"column":4},"end":{"line":31,"column":61}},"7":{"start":{"line":32,"column":4},"end":{"line":32,"column":59}},"8":{"start":{"line":33,"column":4},"end":{"line":33,"column":61}},"9":{"start":{"line":34,"column":4},"end":{"line":34,"column":61}},"10":{"start":{"line":35,"column":4},"end":{"line":35,"column":69}},"11":{"start":{"line":36,"column":4},"end":{"line":36,"column":49}},"12":{"start":{"line":37,"column":4},"end":{"line":37,"column":59}},"13":{"start":{"line":38,"column":4},"end":{"line":38,"column":49}},"14":{"start":{"line":43,"column":26},"end":{"line":43,"column":36}},"15":{"start":{"line":44,"column":24},"end":{"line":44,"column":42}},"16":{"start":{"line":45,"column":4},"end":{"line":68,"column":8}},"17":{"start":{"line":47,"column":8},"end":{"line":64,"column":9}},"18":{"start":{"line":48,"column":10},"end":{"line":50,"column":13}},"19":{"start":{"line":52,"column":25},"end":{"line":52,"column":50}},"20":{"start":{"line":53,"column":31},"end":{"line":53,"column":80}},"21":{"start":{"line":54,"column":37},"end":{"line":54,"column":93}},"22":{"start":{"line":55,"column":22},"end":{"line":55,"column":54}},"23":{"start":{"line":57,"column":10},"end":{"line":63,"column":12}},"24":{"start":{"line":67,"column":8},"end":{"line":67,"column":59}},"25":{"start":{"line":73,"column":26},"end":{"line":73,"column":36}},"26":{"start":{"line":74,"column":24},"end":{"line":74,"column":42}},"27":{"start":{"line":75,"column":4},"end":{"line":102,"column":8}},"28":{"start":{"line":77,"column":8},"end":{"line":81,"column":9}},"29":{"start":{"line":78,"column":10},"end":{"line":80,"column":13}},"30":{"start":{"line":83,"column":25},"end":{"line":83,"column":53}},"31":{"start":{"line":84,"column":29},"end":{"line":84,"column":31}},"32":{"start":{"line":85,"column":8},"end":{"line":88,"column":9}},"33":{"start":{"line":86,"column":22},"end":{"line":86,"column":64}},"34":{"start":{"line":87,"column":10},"end":{"line":87,"column":56}},"35":{"start":{"line":89,"column":8},"end":{"line":89,"column":68}},"36":{"start":{"line":90,"column":8},"end":{"line":93,"column":9}},"37":{"start":{"line":91,"column":22},"end":{"line":91,"column":91}},"38":{"start":{"line":92,"column":10},"end":{"line":92,"column":56}},"39":{"start":{"line":95,"column":8},"end":{"line":98,"column":10}},"40":{"start":{"line":101,"column":8},"end":{"line":101,"column":59}},"41":{"start":{"line":106,"column":4},"end":{"line":106,"column":46}},"42":{"start":{"line":111,"column":4},"end":{"line":117,"column":8}},"43":{"start":{"line":113,"column":8},"end":{"line":113,"column":53}},"44":{"start":{"line":116,"column":8},"end":{"line":116,"column":59}},"45":{"start":{"line":122,"column":4},"end":{"line":135,"column":8}},"46":{"start":{"line":124,"column":8},"end":{"line":124,"column":52}},"47":{"start":{"line":126,"column":24},"end":{"line":126,"column":51}},"48":{"start":{"line":127,"column":8},"end":{"line":129,"column":10}},"49":{"start":{"line":131,"column":8},"end":{"line":131,"column":67}},"50":{"start":{"line":134,"column":8},"end":{"line":134,"column":59}},"51":{"start":{"line":139,"column":4},"end":{"line":139,"column":78}},"52":{"start":{"line":143,"column":15},"end":{"line":143,"column":29}},"53":{"start":{"line":144,"column":4},"end":{"line":149,"column":7}},"54":{"start":{"line":150,"column":4},"end":{"line":150,"column":52}},"55":{"start":{"line":154,"column":4},"end":{"line":156,"column":6}},"56":{"start":{"line":160,"column":4},"end":{"line":162,"column":6}},"57":{"start":{"line":166,"column":25},"end":{"line":166,"column":35}},"58":{"start":{"line":167,"column":16},"end":{"line":167,"column":37}},"59":{"start":{"line":169,"column":4},"end":{"line":182,"column":5}},"60":{"start":{"line":170,"column":25},"end":{"line":170,"column":52}},"61":{"start":{"line":171,"column":6},"end":{"line":171,"column":31}},"62":{"start":{"line":172,"column":6},"end":{"line":172,"column":33}},"63":{"start":{"line":173,"column":6},"end":{"line":175,"column":9}},"64":{"start":{"line":177,"column":25},"end":{"line":177,"column":52}},"65":{"start":{"line":178,"column":6},"end":{"line":178,"column":58}},"66":{"start":{"line":179,"column":6},"end":{"line":181,"column":9}},"67":{"start":{"line":186,"column":4},"end":{"line":186,"column":40}},"68":{"start":{"line":186,"column":33},"end":{"line":186,"column":38}},"69":{"start":{"line":187,"column":4},"end":{"line":187,"column":25}},"70":{"start":{"line":191,"column":4},"end":{"line":193,"column":7}},"71":{"start":{"line":197,"column":4},"end":{"line":197,"column":78}},"72":{"start":{"line":201,"column":25},"end":{"line":201,"column":35}},"73":{"start":{"line":202,"column":4},"end":{"line":280,"column":6}},"74":{"start":{"line":232,"column":38},"end":{"line":232,"column":57}}},"fnMap":{"0":{"name":"(anonymous_0)","decl":{"start":{"line":13,"column":2},"end":{"line":13,"column":3}},"loc":{"start":{"line":13,"column":21},"end":{"line":39,"column":3}},"line":13},"1":{"name":"(anonymous_1)","decl":{"start":{"line":42,"column":2},"end":{"line":42,"column":3}},"loc":{"start":{"line":42,"column":43},"end":{"line":69,"column":3}},"line":42},"2":{"name":"(anonymous_2)","decl":{"start":{"line":46,"column":12},"end":{"line":46,"column":13}},"loc":{"start":{"line":46,"column":24},"end":{"line":65,"column":7}},"line":46},"3":{"name":"(anonymous_3)","decl":{"start":{"line":66,"column":13},"end":{"line":66,"column":14}},"loc":{"start":{"line":66,"column":24},"end":{"line":68,"column":7}},"line":66},"4":{"name":"(anonymous_4)","decl":{"start":{"line":72,"column":2},"end":{"line":72,"column":3}},"loc":{"start":{"line":72,"column":44},"end":{"line":103,"column":3}},"line":72},"5":{"name":"(anonymous_5)","decl":{"start":{"line":76,"column":12},"end":{"line":76,"column":13}},"loc":{"start":{"line":76,"column":24},"end":{"line":99,"column":7}},"line":76},"6":{"name":"(anonymous_6)","decl":{"start":{"line":100,"column":13},"end":{"line":100,"column":14}},"loc":{"start":{"line":100,"column":24},"end":{"line":102,"column":7}},"line":100},"7":{"name":"(anonymous_7)","decl":{"start":{"line":105,"column":2},"end":{"line":105,"column":3}},"loc":{"start":{"line":105,"column":40},"end":{"line":107,"column":3}},"line":105},"8":{"name":"(anonymous_8)","decl":{"start":{"line":110,"column":2},"end":{"line":110,"column":3}},"loc":{"start":{"line":110,"column":31},"end":{"line":118,"column":3}},"line":110},"9":{"name":"(anonymous_9)","decl":{"start":{"line":112,"column":12},"end":{"line":112,"column":13}},"loc":{"start":{"line":112,"column":24},"end":{"line":114,"column":7}},"line":112},"10":{"name":"(anonymous_10)","decl":{"start":{"line":115,"column":13},"end":{"line":115,"column":14}},"loc":{"start":{"line":115,"column":24},"end":{"line":117,"column":7}},"line":115},"11":{"name":"(anonymous_11)","decl":{"start":{"line":121,"column":2},"end":{"line":121,"column":3}},"loc":{"start":{"line":121,"column":42},"end":{"line":136,"column":3}},"line":121},"12":{"name":"(anonymous_12)","decl":{"start":{"line":123,"column":12},"end":{"line":123,"column":13}},"loc":{"start":{"line":123,"column":24},"end":{"line":132,"column":7}},"line":123},"13":{"name":"(anonymous_13)","decl":{"start":{"line":133,"column":13},"end":{"line":133,"column":14}},"loc":{"start":{"line":133,"column":24},"end":{"line":135,"column":7}},"line":133},"14":{"name":"(anonymous_14)","decl":{"start":{"line":138,"column":2},"end":{"line":138,"column":3}},"loc":{"sta
[...]
34,"column":43}},"35":{"start":{"line":135,"column":21},"end":{"line":135,"column":38}},"36":{"start":{"line":136,"column":22},"end":{"line":136,"column":39}},"37":{"start":{"line":137,"column":23},"end":{"line":137,"column":40}},"38":{"start":{"line":138,"column":32},"end":{"line":138,"column":49}},"39":{"start":{"line":140,"column":4},"end":{"line":140,"column":23}},"40":{"start":{"line":141,"column":23},"end":{"line":141,"column":25}},"41":{"start":{"line":143,"column":4},"end":{"line":145,"column":5}},"42":{"start":{"line":144,"column":6},"end":{"line":144,"column":68}},"43":{"start":{"line":147,"column":4},"end":{"line":149,"column":5}},"44":{"start":{"line":148,"column":6},"end":{"line":148,"column":72}},"45":{"start":{"line":151,"column":4},"end":{"line":153,"column":5}},"46":{"start":{"line":152,"column":6},"end":{"line":152,"column":73}},"47":{"start":{"line":155,"column":4},"end":{"line":157,"column":5}},"48":{"start":{"line":156,"column":6},"end":{"line":156,"column":71}},"49":{"start":{"line":159,"column":4},"end":{"line":161,"column":5}},"50":{"start":{"line":160,"column":6},"end":{"line":160,"column":85}},"51":{"start":{"line":163,"column":26},"end":{"line":163,"column":177}},"52":{"start":{"line":164,"column":19},"end":{"line":164,"column":66}},"53":{"start":{"line":166,"column":4},"end":{"line":168,"column":5}},"54":{"start":{"line":167,"column":6},"end":{"line":167,"column":60}},"55":{"start":{"line":170,"column":4},"end":{"line":173,"column":5}},"56":{"start":{"line":171,"column":6},"end":{"line":171,"column":63}},"57":{"start":{"line":172,"column":6},"end":{"line":172,"column":13}},"58":{"start":{"line":187,"column":4},"end":{"line":187,"column":40}},"59":{"start":{"line":188,"column":4},"end":{"line":188,"column":43}},"60":{"start":{"line":192,"column":18},"end":{"line":192,"column":54}},"61":{"start":{"line":193,"column":4},"end":{"line":193,"column":34}},"62":{"start":{"line":195,"column":25},"end":{"line":195,"column":40}},"63":{"start":{"line":196,"column":24},"end":{"line":196,"column":26}},"64":{"start":{"line":198,"column":4},"end":{"line":256,"column":5}},"65":{"start":{"line":199,"column":6},"end":{"line":202,"column":7}},"66":{"start":{"line":200,"column":8},"end":{"line":200,"column":41}},"67":{"start":{"line":201,"column":8},"end":{"line":201,"column":31}},"68":{"start":{"line":203,"column":6},"end":{"line":207,"column":9}},"69":{"start":{"line":208,"column":11},"end":{"line":256,"column":5}},"70":{"start":{"line":210,"column":6},"end":{"line":213,"column":7}},"71":{"start":{"line":211,"column":8},"end":{"line":211,"column":41}},"72":{"start":{"line":212,"column":8},"end":{"line":212,"column":31}},"73":{"start":{"line":215,"column":6},"end":{"line":219,"column":9}},"74":{"start":{"line":220,"column":11},"end":{"line":256,"column":5}},"75":{"start":{"line":222,"column":6},"end":{"line":225,"column":7}},"76":{"start":{"line":223,"column":8},"end":{"line":223,"column":41}},"77":{"start":{"line":224,"column":8},"end":{"line":224,"column":34}},"78":{"start":{"line":227,"column":6},"end":{"line":231,"column":9}},"79":{"start":{"line":232,"column":11},"end":{"line":256,"column":5}},"80":{"start":{"line":234,"column":6},"end":{"line":237,"column":7}},"81":{"start":{"line":235,"column":8},"end":{"line":235,"column":41}},"82":{"start":{"line":236,"column":8},"end":{"line":236,"column":31}},"83":{"start":{"line":239,"column":6},"end":{"line":243,"column":9}},"84":{"start":{"line":244,"column":11},"end":{"line":256,"column":5}},"85":{"start":{"line":246,"column":6},"end":{"line":249,"column":7}},"86":{"start":{"line":247,"column":8},"end":{"line":247,"column":41}},"87":{"start":{"line":248,"column":8},"end":{"line":248,"column":32}},"88":{"start":{"line":251,"column":6},"end":{"line":255,"column":9}},"89":{"start":{"line":276,"column":4},"end":{"line":437,"column":5}},"90":{"start":{"line":297,"column":42},"end":{"line":297,"column":61}},"91":{"start":{"line":298,"column":37},"end":{"line":298,"column":60}},"92":{"start":{"line":301,"column":42},"end":{"line":301,"column":61}},"93":{"start":{"line":302,"column":37},"end":{"line":302,"column":60}},"94":{"start":{"line":307,"column":42},"end":{"line":307,"column":61}},"95":{"start":{"line":308,"column":37},"end":{"line":308,"column":60}},"96":{"start":{"line":311,"column":42},"end":{"line":311,"column":61}},"97":{"start":{"line":312,"column":37},"end":{"line":312,"column":60}},"98":{"start":{"line":317,"column":42},"end":{"line":317,"column":61}},"99":{"start":{"line":318,"column":37},"end":{"line":318,"column":60}},"100":{"start":{"line":321,"column":42},"end":{"line":321,"column":61}},"101":{"start":{"line":322,"column":37},"end":{"line":322,"column":60}},"102":{"start":{"line":327,"column":42},"end":{"line":327,"column":61}},"103":{"start":{"line":328,"column":37},"end":{"line":328,"column":60}},"104":{"start":{"line":331,"column":42},"end":{"line":331,"column":61}},"105":{"start":{"line":332,"column":37},"end":{"line":332,"column":60}},"106":{"start":{"line":337,"column":42},"end":{"line":337,"column":61}},"107":{"start":{"line":338,"column":37},"end":{"line":338,"column":60}},"108":{"start":{"line":341,"column":42},"end":{"line":341,"column":61}},"109":{"start":{"line":342,"column":37},"end":{"line":342,"column":60}},"110":{"start":{"line":433,"column":69},"end":{"line":433,"column":89}}},"fnMap":{"0":{"name":"(anonymous_0)","decl":{"start":{"line":6,"column":2},"end":{"line":6,"column":3}},"loc":{"start":{"line":6,"column":21},"end":{"line":35,"column":3}},"line":6},"1":{"name":"(anonymous_1)","decl":{"start":{"line":38,"column":2},"end":{"line":38,"column":3}},"loc":{"start":{"line":38,"column":23},"end":{"line":45,"column":3}},"line":38},"2":{"name":"(anonymous_2)","decl":{"start":{"line":47,"column":2},"end":{"line":47,"column":3}},"loc":{"start":{"line":47,"column":37},"end":{"line":91,"column":3}},"line":47},"3":{"name":"(anonymous_3)","decl":{"start":{"line":93,"column":2},"end":{"line":93,"column":3}},"loc":{"start":{"line":93,"column":21},"end":{"line":100,"column":3}},"line":93},"4":{"name":"(anonymous_4)","decl":{"start":{"line":102,"column":2},"end":{"line":102,"column":3}},"loc":{"start":{"line":102,"column":26},"end":{"line":116,"column":3}},"line":102},"5":{"name":"(anonymous_5)","decl":{"start":{"line":119,"column":2},"end":{"line":119,"column":3}},"loc":{"start":{"line":119,"column":17},"end":{"line":128,"column":3}},"line":119},"6":{"name":"(anonymous_6)","decl":{"start":{"line":130,"column":2},"end":{"line":130,"column":3}},"loc":{"start":{"line":130,"column":18},"end":{"line":189,"column":3}},"line":130},"7":{"name":"(anonymous_7)","decl":{"start":{"line":191,"column":2},"end":{"line":191,"column":3}},"loc":{"start":{"line":191,"column":25},"end":{"line":257,"column":3}},"line":191},"8":{"name":"(anonymous_8)","decl":{"start":{"line":259,"column":2},"end":{"line":259,"column":3}},"loc":{"start":{"line":259,"column":21},"end":{"line":271,"column":3}},"line":259},"9":{"name":"(anonymous_9)","decl":{"start":{"line":273,"column":2},"end":{"line":273,"column":3}},"loc":{"start":{"line":273,"column":11},"end":{"line":438,"column":3}},"line":273},"10":{"name":"(anonymous_10)","decl":{"start":{"line":297,"column":34},"end":{"line":297,"column":35}},"loc":{"start":{"line":297,"column":40},"end":{"line":297,"column":63}},"line":297},"11":{"name":"(anonymous_11)","decl":{"start":{"line":298,"column":29},"end":{"line":298,"column":30}},"loc":{"start":{"line":298,"column":35},"end":{"line":298,"column":62}},"line":298},"12":{"name":"(anonymous_12)","decl":{"start":{"line":301,"column":34},"end":{"line":301,"column":35}},"loc":{"start":{"line":301,"column":40},"end":{"line":301,"column":63}},"line":301},"13":{"name":"(anonymous_13)","decl":{"start":{"line":302,"column":29},"end":{"line":302,"column":30}},"loc":{"start":{"line":302,"column":35},"end":{"line":302,"column":62}},"line":302},"14":{"name":"(anonymous_14)","decl":{"start":{"line":307,"column":34},"end":{"line":307,"column":35}},"loc":{"start":{"line":307,"column":40},"end":{"line":307,"column":63}},"line":307},"15":{"name":"(anonymous_15)","decl":{"start":{"line":308,"column":29},"end":{"line":308,"column":30}},"loc":{"start":{"line":308,"column":35},"end":{"line":308,"column":62}},"line":308},"16":{"name":"(anonymous_16)","decl":{"start":{"line":311,"column":34},"end":{"line":311,"column":35}},"loc":{"start":{"line":311,"column":40},"end":{"line":311,"column":63}},"line":311},"17":{"name":"(anonymous_17)","decl":{"start":{"line":312,"column":29},"end":{"line":312,"column":30}},"loc":{"start":{"line":312,"column":35},"end":{"line":312,"column":62}},"line":312},"18":{"name":"(anonymous_18)","decl":{"start":{"line":317,"column":34},"end":{"line":317,"column":35}},"loc":{"start":{"line":317,"column":40},"end":{"line":317,"column":63}},"line":317},"19":{"name":"(anonymous_19)","decl":{"start":{"line":318,"column":29},"end":{"line":318,"column":30}},"loc":{"start":{"line":318,"column":35},"end":{"line":318,"column":62}},"line":318},"20":{"name":"(anonymous_20)","decl":{"start":{"line":321,"column":34},"end":{"line":321,"column":35}},"loc":{"start":{"line":321,"column":40},"end":{"line":321,"column":63}},"line":321},"21":{"name":"(anonymous_21)","decl":{"start":{"line":322,"column":29},"end":{"line":322,"column":30}},"loc":{"start":{"line":322,"column":35},"end":{"line":322,"column":62}},"line":322},"22":{"name":"(anonymous_22)","decl":{"start":{"line":327,"column":34},"end":{"line":327,"column":35}},"loc":{"start":{"line":327,"column":40},"end":{"line":327,"column":63}},"line":327},"23":{"name":"(anonymous_23)","decl":{"start":{"line":328,"column":29},"end":{"line":328,"column":30}},"loc":{"start":{"line":328,"column":35},"end":{"line":328,"column":62}},"line":328},"24":{"name":"(anonymous_24)","decl":{"start":{"line":331,"column":34},"end":{"line":331,"column":35}},"loc":{"start":{"line":331,"column":40},"end":{"line":331,"column":63}},"line":331},"25":{"name":"(anonymous_25)","decl":{"start":{"line":332,"column":29},"end":{"line":332,"column":30}},"loc":{"start":{"line":332,"column":35},"end":{"line":332,"column":62}},"line":332},"26":{"name":"(anonymous_26)","decl":{"start":{"line":337,"column":34},"end":{"line":337,"column":35}},"loc":{"start":{"line":337,"column":40},"end":{"line":337,"column":63}},"line":337},"27":{"name":"(anonymous_27)","decl":{"start":{"line":338,"column":29},"end":{"line":338,"column":30}},"loc":{"start":{"line":338,"column":35},"end":{"line":338,"column":62}},"line":338},"28":{"name":"(anonymous_28)","decl":{"start":{"line":341,"column":34},"end":{"line":341,"column":35}},"loc":{"start":{"line":341,"column":40},"end":{"line":341,"column":63}},"line":341},"29":{"name":"(anonymous_29)","decl":{"start":{"line":342,"column":29},"end":{"line":342,"column":30}},"loc":{"start":{"line":342,"column":35},"end":{"line":342,"column":62}},"line":342},"30":{"name":"(anonymous_30)","decl":{"start":{"line":433,"column":60},"end":{"line":433,"column":61}},"loc":{"start":{"line":433,"column":67},"end":{"line":433,"column":91}},"line":433}},"branchMap":{"0":{"loc":{"start":{"line":104,"column":4},"end":{"line":108,"column":5}},"type":"if","locations":[{"start":{"line":104,"column":4},"end":{"line":108,"column":5}},{"start":{"line":104,"column":4},"end":{"line":108,"column":5}}],"line":104},"1":{"loc":{"start":{"line":121,"column":4},"end":{"line":123,"column":5}},"type":"if","locations":[{"start":{"line":121,"column":4},"end":{"line":123,"column":5}},{"start":{"line":121,"column":4},"end":{"line":123,"column":5}}],"line":121},"2":{"loc":{"start":{"line":125,"column":4},"end":{"line":127,"column":5}},"type":"if","locations":[{"start":{"line":125,"column":4},"end":{"line":127,"column":5}},{"start":{"line":125,"column":4},"end":{"line":127,"column":5}}],"line":125},"3":{"loc":{"start":{"line":143,"column":4},"end":{"line":145,"column":5}},"type":"if","locations":[{"start":{"line":143,"column":4},"end":{"line":145,"column":5}},{"start":{"line":143,"column":4},"end":{"line":145,"column":5}}],"line":143},"4":{"loc":{"start":{"line":147,"column":4},"end":{"line":149,"column":5}},"type":"if","locations":[{"start":{"line":147,"column":4},"end":{"line":149,"column":5}},{"start":{"line":147,"column":4},"end":{"line":149,"column":5}}],"line":147},"5":{"loc":{"start":{"line":151,"column":4},"end":{"line":153,"column":5}},"type":"if","locations":[{"start":{"line":151,"column":4},"end":{"line":153,"column":5}},{"start":{"line":151,"column":4},"end":{"line":153,"column":5}}],"line":151},"6":{"loc":{"start":{"line":155,"column":4},"end":{"line":157,"column":5}},"type":"if","locations":[{"start":{"line":155,"column":4},"end":{"line":157,"column":5}},{"start":{"line":155,"column":4},"end":{"line":157,"column":5}}],"line":155},"7":{"loc":{"start":{"line":155,"column":8},"end":{"line":155,"column":46}},"type":"binary-expr","locations":[{"start":{"line":155,"column":8},"end":{"line":155,"column":26}},{"start":{"line":155,"column":30},"end":{"line":155,"column":46}}],"line":155},"8":{"loc":{"start":{"line":159,"column":4},"end":{"line":161,"column":5}},"type":"if","locations":[{"start":{"line":159,"column":4},"end":{"line":161,"column":5}},{"start":{"line":159,"column":4},"end":{"line":161,"column":5}}],"line":159},"9":{"loc":{"start":{"line":159,"column":8},"end":{"line":159,"column":45}},"type":"binary-expr","locations":[{"start":{"line":159,"column":8},"end":{"line":159,"column":24}},{"start":{"line":159,"column":28},"end":{"line":159,"column":45}}],"line":159},"10":{"loc":{"start":{"line":166,"column":4},"end":{"line":168,"column":5}},"type":"if","locations":[{"start":{"line":166,"column":4},"end":{"line":168,"column":5}},{"start":{"line":166,"column":4},"end":{"line":168,"column":5}}],"line":166},"11":{"loc":{"start":{"line":166,"column":8},"end":{"line":166,"column":67}},"type":"binary-expr","locations":[{"start":{"line":166,"column":8},"end":{"line":166,"column":24}},{"start":{"line":166,"column":28},"end":{"line":166,"column":45}},{"start":{"line":166,"column":49},"end":{"line":166,"column":67}}],"line":166},"12":{"loc":{"start":{"line":170,"column":4},"end":{"line":173,"column":5}},"type":"if","locations":[{"start":{"line":170,"column":4},"end":{"line":173,"column":5}},{"start":{"line":170,"column":4},"end":{"line":173,"column":5}}],"line":170},"13":{"loc":{"start":{"line":198,"column":4},"end":{"line":256,"column":5}},"type":"if","locations":[{"start":{"line":198,"column":4},"end":{"line":256,"column":5}},{"start":{"line":198,"column":4},"end":{"line":256,"column":5}}],"line":198},"14":{"loc":{"start":{"line":199,"column":6},"end":{"line":202,"column":7}},"type":"if","locations":[{"start":{"line":199,"column":6},"end":{"line":202,"column":7}},{"start":{"line":199,"column":6},"end":{"line":202,"column":7}}],"line":199},"15":{"loc":{"start":{"line":208,"column":11},"end":{"line":256,"column":5}},"type":"if","locations":[{"start":{"line":208,"column":11},"end":{"line":256,"column":5}},{"start":{"line":208,"column":11},"end":{"line":256,"column":5}}],"line":208},"16":{"loc":{"start":{"line":210,"column":6},"end":{"line":213,"column":7}},"type":"if","locations":[{"start":{"line":210,"column":6},"end":{"line":213,"column":7}},{"start":{"line":210,"column":6},"end":{"line":213,"column":7}}],"line":210},"17":{"loc":{"start":{"line":220,"column":11},"end":{"line":256,"column":5}},"type":"if","locations":[{"start":{"line":220,"column":11},"end":{"line":256,"column":5}},{"start":{"line":220,"column":11},"end":{"line":256,"column":5}}],"line":220},"18":{"loc":{"start":{"line":222,"column":6},"end":{"line":225,"column":7}},"type":"if","locations":[{"start":{"line":222,"column":6},"end":{"line":225,"column":7}},{"start":{"line":222,"column":6},"end":{"line":225,"column":7}}],"line":222},"19":{"loc":{"start":{"line":232,"column":11},"end":{"line":256,"column":5}},"type":"if","locations":[{"start":{"line":232,"column":11},"end":{"line":256,"column":5}},{"start":{"line":232,"column":11},"end":{"line":256,"column":5}}],"line":232},"20":{"loc":{"start":{"line":234,"column":6},"end":{"line":237,"column":7}},"type":"if","locations":[{"start":{"line":234,"column":6},"end":{"line":237,"column":7}},{"start":{"line":234,"column":6},"end":{"line":237,"column":7}}],"line":234},"21":{"loc":{"start":{"line":244,"column":11},"end":{"line":256,"column":5}},"type":"if","locations":[{"start":{"line":244,"column":11},"end":{"line":256,"column":5}},{"start":{"line":244,"column":11},"end":{"line":256,"column":5}}],"line":244},"22":{"loc":{"start":{"line":246,"column":6},"end":{"line":249,"column":7}},"type":"if","locations":[{"start":{"line":246,"column":6},"end":{"line":249,"column":7}},{"start":{"line":246,"column":6},"end":{"line":249,"column":7}}],"line":246},"23":{"loc":{"start":{"line":295,"column":16},"end":{"line":302,"column":66}},"type":"cond-expr","locations":[{"start":{"line":296,"column":20},"end":{"line":298,"column":66}},{"start":{"line":300,"column":18},"end":{"line":302,"column":66}}],"line":295},"24":{"loc":{"start":{"line":305,"column":16},"end":{"line":312,"column":66}},"type":"cond-expr","locations":[{"start":{"line":306,"column":20},"end":{"line":308,"column":66}},{"start":{"line":310,"column":18},"end":{"line":312,"column":66}}],"line":305},"25":{"loc":{"start":{"line":315,"column":16},"end":{"line":322,"column":66}},"type":"cond-expr","locations":[{"start":{"line":316,"column":20},"end":{"line":318,"column":66}},{"start":{"line":320,"column":18},"end":{"line":322,"column":66}}],"line":315},"26":{"loc":{"start":{"line":325,"column":16},"end":{"line":332,"column":66}},"type":"cond-expr","locations":[{"start":{"line":326,"column":20},"end":{"line":328,"column":66}},{"start":{"line":330,"column":18},"end":{"line":332,"column":66}}],"line":325},"27":{"loc":{"start":{"line":335,"column":16},"end":{"line":342,"column":66}},"type":"cond-expr","locations":[{"start":{"line":336,"column":20},"end":{"line":338,"column":66}},{"start":{"line":340,"column":18},"end":{"line":342,"column":66}}],"line":335}},"s":{"0":1,"1":1,"2":1,"3":1,"4":1,"5":1,"6":1,"7":1,"8":1,"9":0,"10":0,"11":0,"12":0,"13":0,"14":0,"15":0,"16":0,"17":0,"18":0,"19":0,"20":0,"21":0,"22":0,"23":0,"24":0,"25":0,"26":1,"27":1,"28":0,"29":1,"30":1,"31":0,"32":0,"33":0,"34":0,"35":0,"36":0,"37":0,"38":0,"39":0,"40":0,"41":0,"42":0,"43":0,"44":0,"45":0,"46":0,"47":0,"48":0,"49":0,"50":0,"51":0,"52":0,"53":0,"54":0,"55":0,"56":0,"57":0,"58":0,"59":0,"60":0,"61":0,"62":0,"63":0,"64":0,"65":0,"66":0,"67":0,"68":0,"69":0,"70":0,"71":0,"72":0,"73":0,"74":0,"75":0,"76":0,"77":0,"78":0,"79":0,"80":0,"81":0,"82":0,"83":0,"84":0,"85":0,"86":0,"87":0,"88":0,"89":1,"90":0,"91":0,"92":0,"93":0,"94":0,"95":0,"96":0,"97":0,"98":0,"99":0,"100":0,"101":0,"102":0,"103":0,"104":0,"105":0,"106":0,"107":0,"108":0,"109":0,"110":0},"f":{"0":1,"1":0,"2":0,"3":0,"4":0,"5":1,"6":0,"7":0,"8":0,"9":1,"10":0,"11":0,"12":0,"13":0,"14":0,"15":0,"16":0,"17":0,"18":0,"19":0,"20":0,"21":0,"22":0,"23":0,"24":0,"25":0,"26":0,"27":0,"28":0,"29":0,"30":0},"b":{"0":[0,0],"1":[0,1],"2":[1,0],"3":[0,0],"4":[0,0],"5":[0,0],"6":[0,0],"7":[0,0],"8":[0,0],"9":[0,0],"10":[0,0],"11":[0,0,0],"12":[0,0],"13":[0,0],"14":[0,0],"15":[0,0],"16":[0,0],"17":[0,0],"18":[0,0],"19":[0,0],"20":[0,0],"21":[0,0],"22":[0,0],"23":[0,1],"24":[0,1],"25":[0,1],"26":[0,1],"27":[0,1]},"_coverageSchema":"1a1c01bbd47fc00a2c39e90264f33305004495a9","hash":"b5cf4f79a0a10324060e7cc0646a5449ce63e1af"}
,"/Users/JohnFa 1/Desktop/Hack Reactor/FEC/project-catwalk/client/src/components/ratings&reviews/WriteReview/characteristicOptions.js": {"path":"/Users/JohnFa 1/Desktop/Hack Reactor/FEC/project-catwalk/client/src/components/ratings&reviews/WriteReview/characteristicOptions.js","statementMap":{"0":{"start":{"line":1,"column":16},"end":{"line":49,"column":1}}},"fnMap":{},"branchMap":{},"s":{"0":2},"f":{},"b":{},"_coverageSchema":"1a1c01bbd47fc00a2c39e90264f33305004495a9","hash":"481ff876d6259c3e508fc79ed70cd23309e140f6"}
}
