{"/Users/JohnFa 1/Desktop/Hack Reactor/FEC/project-catwalk/client/src/components/App.jsx": {"path":"/Users/JohnFa 1/Desktop/Hack Reactor/FEC/project-catwalk/client/src/components/App.jsx","statementMap":{"0":{"start":{"line":8,"column":14},"end":{"line":8,"column":30}},"1":{"start":{"line":12,"column":4},"end":{"line":12,"column":17}},"2":{"start":{"line":13,"column":4},"end":{"line":22,"column":5}},"3":{"start":{"line":23,"column":4},"end":{"line":23,"column":47}},"4":{"start":{"line":27,"column":39},"end":{"line":27,"column":49}},"5":{"start":{"line":28,"column":4},"end":{"line":28,"column":21}},"6":{"start":{"line":29,"column":4},"end":{"line":29,"column":31}},"7":{"start":{"line":30,"column":4},"end":{"line":30,"column":35}},"8":{"start":{"line":31,"column":4},"end":{"line":31,"column":21}},"9":{"start":{"line":34,"column":19},"end":{"line":38,"column":3}},"10":{"start":{"line":35,"column":4},"end":{"line":37,"column":6}},"11":{"start":{"line":42,"column":19},"end":{"line":50,"column":3}},"12":{"start":{"line":43,"column":4},"end":{"line":49,"column":9}},"13":{"start":{"line":45,"column":8},"end":{"line":45,"column":23}},"14":{"start":{"line":48,"column":8},"end":{"line":48,"column":27}},"15":{"start":{"line":53,"column":4},"end":{"line":65,"column":8}},"16":{"start":{"line":56,"column":8},"end":{"line":60,"column":11}},"17":{"start":{"line":64,"column":8},"end":{"line":64,"column":27}},"18":{"start":{"line":69,"column":4},"end":{"line":69,"column":27}},"19":{"start":{"line":72,"column":4},"end":{"line":74,"column":6}},"20":{"start":{"line":77,"column":15},"end":{"line":88,"column":3}},"21":{"start":{"line":78,"column":4},"end":{"line":87,"column":9}},"22":{"start":{"line":81,"column":8},"end":{"line":83,"column":10}},"23":{"start":{"line":86,"column":8},"end":{"line":86,"column":27}},"24":{"start":{"line":92,"column":26},"end":{"line":92,"column":36}},"25":{"start":{"line":93,"column":4},"end":{"line":102,"column":8}},"26":{"start":{"line":95,"column":8},"end":{"line":98,"column":11}},"27":{"start":{"line":101,"column":8},"end":{"line":101,"column":53}},"28":{"start":{"line":106,"column":89},"end":{"line":106,"column":99}},"29":{"start":{"line":107,"column":4},"end":{"line":140,"column":5}}},"fnMap":{"0":{"name":"(anonymous_0)","decl":{"start":{"line":11,"column":2},"end":{"line":11,"column":3}},"loc":{"start":{"line":11,"column":21},"end":{"line":24,"column":3}},"line":11},"1":{"name":"(anonymous_1)","decl":{"start":{"line":26,"column":2},"end":{"line":26,"column":3}},"loc":{"start":{"line":26,"column":22},"end":{"line":32,"column":3}},"line":26},"2":{"name":"(anonymous_2)","decl":{"start":{"line":34,"column":19},"end":{"line":34,"column":20}},"loc":{"start":{"line":34,"column":29},"end":{"line":38,"column":3}},"line":34},"3":{"name":"(anonymous_3)","decl":{"start":{"line":42,"column":19},"end":{"line":42,"column":20}},"loc":{"start":{"line":42,"column":59},"end":{"line":50,"column":3}},"line":42},"4":{"name":"(anonymous_4)","decl":{"start":{"line":44,"column":12},"end":{"line":44,"column":13}},"loc":{"start":{"line":44,"column":26},"end":{"line":46,"column":7}},"line":44},"5":{"name":"(anonymous_5)","decl":{"start":{"line":47,"column":13},"end":{"line":47,"column":14}},"loc":{"start":{"line":47,"column":22},"end":{"line":49,"column":7}},"line":47},"6":{"name":"(anonymous_6)","decl":{"start":{"line":52,"column":2},"end":{"line":52,"column":3}},"loc":{"start":{"line":52,"column":14},"end":{"line":66,"column":3}},"line":52},"7":{"name":"(anonymous_7)","decl":{"start":{"line":54,"column":12},"end":{"line":54,"column":13}},"loc":{"start":{"line":54,"column":21},"end":{"line":62,"column":7}},"line":54},"8":{"name":"(anonymous_8)","decl":{"start":{"line":63,"column":13},"end":{"line":63,"column":14}},"loc":{"start":{"line":63,"column":22},"end":{"line":65,"column":7}},"line":63},"9":{"name":"(anonymous_9)","decl":{"start":{"line":68,"column":2},"end":{"line":68,"column":3}},"loc":{"start":{"line":68,"column":27},"end":{"line":75,"column":3}},"line":68},"10":{"name":"(anonymous_10)","decl":{"start":{"line":77,"column":15},"end":{"line":77,"column":16}},"loc":{"start":{"line":77,"column":21},"end":{"line":88,"column":3}},"line":77},"11":{"name":"(anonymous_11)","decl":{"start":{"line":79,"column":12},"end":{"line":79,"column":13}},"loc":{"start":{"line":79,"column":21},"end":{"line":84,"column":7}},"line":79},"12":{"name":"(anonymous_12)","decl":{"start":{"line":85,"column":13},"end":{"line":85,"column":14}},"loc":{"start":{"line":85,"column":22},"end":{"line":87,"column":7}},"line":85},"13":{"name":"(anonymous_13)","decl":{"start":{"line":91,"column":2},"end":{"line":91,"column":3}},"loc":{"start":{"line":91,"column":14},"end":{"line":103,"column":3}},"line":91},"14":{"name":"(anonymous_14)","decl":{"start":{"line":94,"column":12},"end":{"line":94,"column":13}},"loc":{"start":{"line":94,"column":24},"end":{"line":99,"column":7}},"line":94},"15":{"name":"(anonymous_15)","decl":{"start":{"line":100,"column":13},"end":{"line":100,"column":14}},"loc":{"start":{"line":100,"column":24},"end":{"line":102,"column":7}},"line":100},"16":{"name":"(anonymous_16)","decl":{"start":{"line":105,"column":2},"end":{"line":105,"column":3}},"loc":{"start":{"line":105,"column":11},"end":{"line":141,"column":3}},"line":105}},"branchMap":{"0":{"loc":{"start":{"line":42,"column":24},"end":{"line":42,"column":54}},"type":"default-arg","locations":[{"start":{"line":42,"column":35},"end":{"line":42,"column":54}}],"line":42},"1":{"loc":{"start":{"line":118,"column":10},"end":{"line":124,"column":12}},"type":"binary-expr","locations":[{"start":{"line":118,"column":10},"end":{"line":118,"column":39}},{"start":{"line":120,"column":10},"end":{"line":124,"column":12}}],"line":118}},"s":{"0":2,"1":3,"2":3,"3":3,"4":3,"5":3,"6":3,"7":3,"8":3,"9":3,"10":0,"11":3,"12":3,"13":0,"14":0,"15":3,"16":0,"17":0,"18":0,"19":0,"20":3,"21":3,"22":0,"23":0,"24":3,"25":3,"26":0,"27":0,"28":3,"29":3},"f":{"0":3,"1":3,"2":0,"3":3,"4":0,"5":0,"6":3,"7":0,"8":0,"9":0,"10":3,"11":0,"12":0,"13":3,"14":0,"15":0,"16":3},"b":{"0":[3],"1":[3,0]},"_coverageSchema":"1a1c01bbd47fc00a2c39e90264f33305004495a9","hash":"1264aaeea74d93cd8ce8ac4a113f04331c6b43c2"}
,"/Users/JohnFa 1/Desktop/Hack Reactor/FEC/project-catwalk/client/src/components/Q&A/AddQuestion.jsx": {"path":"/Users/JohnFa 1/Desktop/Hack Reactor/FEC/project-catwalk/client/src/components/Q&A/AddQuestion.jsx","statementMap":{"0":{"start":{"line":3,"column":20},"end":{"line":44,"column":1}},"1":{"start":{"line":4,"column":50},"end":{"line":4,"column":55}},"2":{"start":{"line":5,"column":26},"end":{"line":5,"column":38}},"3":{"start":{"line":6,"column":26},"end":{"line":6,"column":38}},"4":{"start":{"line":7,"column":28},"end":{"line":7,"column":40}},"5":{"start":{"line":9,"column":18},"end":{"line":9,"column":52}},"6":{"start":{"line":11,"column":19},"end":{"line":26,"column":3}},"7":{"start":{"line":12,"column":4},"end":{"line":12,"column":23}},"8":{"start":{"line":13,"column":4},"end":{"line":16,"column":5}},"9":{"start":{"line":14,"column":6},"end":{"line":14,"column":48}},"10":{"start":{"line":15,"column":6},"end":{"line":15,"column":13}},"11":{"start":{"line":17,"column":4},"end":{"line":20,"column":5}},"12":{"start":{"line":18,"column":6},"end":{"line":18,"column":51}},"13":{"start":{"line":19,"column":6},"end":{"line":19,"column":13}},"14":{"start":{"line":21,"column":4},"end":{"line":24,"column":5}},"15":{"start":{"line":22,"column":6},"end":{"line":22,"column":69}},"16":{"start":{"line":23,"column":6},"end":{"line":23,"column":13}},"17":{"start":{"line":25,"column":4},"end":{"line":25,"column":50}},"18":{"start":{"line":28,"column":2},"end":{"line":43,"column":3}},"19":{"start":{"line":32,"column":129},"end":{"line":32,"column":152}},"20":{"start":{"line":33,"column":129},"end":{"line":33,"column":152}},"21":{"start":{"line":37,"column":124},"end":{"line":37,"column":148}}},"fnMap":{"0":{"name":"(anonymous_0)","decl":{"start":{"line":3,"column":20},"end":{"line":3,"column":21}},"loc":{"start":{"line":3,"column":31},"end":{"line":44,"column":1}},"line":3},"1":{"name":"(anonymous_1)","decl":{"start":{"line":11,"column":19},"end":{"line":11,"column":20}},"loc":{"start":{"line":11,"column":26},"end":{"line":26,"column":3}},"line":11},"2":{"name":"(anonymous_2)","decl":{"start":{"line":32,"column":122},"end":{"line":32,"column":123}},"loc":{"start":{"line":32,"column":129},"end":{"line":32,"column":152}},"line":32},"3":{"name":"(anonymous_3)","decl":{"start":{"line":33,"column":122},"end":{"line":33,"column":123}},"loc":{"start":{"line":33,"column":129},"end":{"line":33,"column":152}},"line":33},"4":{"name":"(anonymous_4)","decl":{"start":{"line":37,"column":117},"end":{"line":37,"column":118}},"loc":{"start":{"line":37,"column":124},"end":{"line":37,"column":148}},"line":37}},"branchMap":{"0":{"loc":{"start":{"line":13,"column":4},"end":{"line":16,"column":5}},"type":"if","locations":[{"start":{"line":13,"column":4},"end":{"line":16,"column":5}},{"start":{"line":13,"column":4},"end":{"line":16,"column":5}}],"line":13},"1":{"loc":{"start":{"line":17,"column":4},"end":{"line":20,"column":5}},"type":"if","locations":[{"start":{"line":17,"column":4},"end":{"line":20,"column":5}},{"start":{"line":17,"column":4},"end":{"line":20,"column":5}}],"line":17},"2":{"loc":{"start":{"line":21,"column":4},"end":{"line":24,"column":5}},"type":"if","locations":[{"start":{"line":21,"column":4},"end":{"line":24,"column":5}},{"start":{"line":21,"column":4},"end":{"line":24,"column":5}}],"line":21}},"s":{"0":2,"1":0,"2":0,"3":0,"4":0,"5":0,"6":0,"7":0,"8":0,"9":0,"10":0,"11":0,"12":0,"13":0,"14":0,"15":0,"16":0,"17":0,"18":0,"19":0,"20":0,"21":0},"f":{"0":0,"1":0,"2":0,"3":0,"4":0},"b":{"0":[0,0],"1":[0,0],"2":[0,0]},"_coverageSchema":"1a1c01bbd47fc00a2c39e90264f33305004495a9","hash":"7bcbe8f5395ac7bbf589df7ff8eb60cd401cf2b4"}
,"/Users/JohnFa 1/Desktop/Hack Reactor/FEC/project-catwalk/client/src/components/Q&A/Answer.jsx": {"path":"/Users/JohnFa 1/Desktop/Hack Reactor/FEC/project-catwalk/client/src/components/Q&A/Answer.jsx","statementMap":{"0":{"start":{"line":4,"column":15},"end":{"line":22,"column":1}},"1":{"start":{"line":5,"column":33},"end":{"line":5,"column":38}},"2":{"start":{"line":9,"column":17},"end":{"line":9,"column":115}},"3":{"start":{"line":11,"column":2},"end":{"line":21,"column":3}},"4":{"start":{"line":17,"column":23},"end":{"line":17,"column":66}},"5":{"start":{"line":19,"column":23},"end":{"line":19,"column":65}}},"fnMap":{"0":{"name":"(anonymous_0)","decl":{"start":{"line":4,"column":15},"end":{"line":4,"column":16}},"loc":{"start":{"line":4,"column":26},"end":{"line":22,"column":1}},"line":4},"1":{"name":"(anonymous_1)","decl":{"start":{"line":17,"column":17},"end":{"line":17,"column":18}},"loc":{"start":{"line":17,"column":23},"end":{"line":17,"column":66}},"line":17},"2":{"name":"(anonymous_2)","decl":{"start":{"line":19,"column":17},"end":{"line":19,"column":18}},"loc":{"start":{"line":19,"column":23},"end":{"line":19,"column":65}},"line":19}},"branchMap":{"0":{"loc":{"start":{"line":9,"column":41},"end":{"line":9,"column":84}},"type":"binary-expr","locations":[{"start":{"line":9,"column":41},"end":{"line":9,"column":74}},{"start":{"line":9,"column":78},"end":{"line":9,"column":84}}],"line":9}},"s":{"0":2,"1":0,"2":0,"3":0,"4":0,"5":0},"f":{"0":0,"1":0,"2":0},"b":{"0":[0,0]},"_coverageSchema":"1a1c01bbd47fc00a2c39e90264f33305004495a9","hash":"4a664935fa1cf80cc1eb718cb4ab644e97e310cc"}
,"/Users/JohnFa 1/Desktop/Hack Reactor/FEC/project-catwalk/client/src/components/Q&A/Question.jsx": {"path":"/Users/JohnFa 1/Desktop/Hack Reactor/FEC/project-catwalk/client/src/components/Q&A/Question.jsx","statementMap":{"0":{"start":{"line":4,"column":17},"end":{"line":50,"column":1}},"1":{"start":{"line":7,"column":35},"end":{"line":7,"column":40}},"2":{"start":{"line":9,"column":38},"end":{"line":9,"column":53}},"3":{"start":{"line":10,"column":32},"end":{"line":10,"column":43}},"4":{"start":{"line":12,"column":22},"end":{"line":17,"column":3}},"5":{"start":{"line":13,"column":4},"end":{"line":15,"column":5}},"6":{"start":{"line":14,"column":6},"end":{"line":14,"column":13}},"7":{"start":{"line":16,"column":4},"end":{"line":16,"column":20}},"8":{"start":{"line":19,"column":16},"end":{"line":19,"column":18}},"9":{"start":{"line":20,"column":19},"end":{"line":20,"column":48}},"10":{"start":{"line":22,"column":2},"end":{"line":24,"column":3}},"11":{"start":{"line":22,"column":15},"end":{"line":22,"column":16}},"12":{"start":{"line":23,"column":4},"end":{"line":23,"column":50}},"13":{"start":{"line":26,"column":24},"end":{"line":26,"column":352}},"14":{"start":{"line":26,"column":172},"end":{"line":26,"column":198}},"15":{"start":{"line":26,"column":316},"end":{"line":26,"column":329}},"16":{"start":{"line":28,"column":16},"end":{"line":28,"column":70}},"17":{"start":{"line":29,"column":2},"end":{"line":49,"column":3}},"18":{"start":{"line":36,"column":12},"end":{"line":36,"column":51}},"19":{"start":{"line":37,"column":12},"end":{"line":37,"column":69}},"20":{"start":{"line":43,"column":8},"end":{"line":45,"column":10}}},"fnMap":{"0":{"name":"(anonymous_0)","decl":{"start":{"line":4,"column":17},"end":{"line":4,"column":18}},"loc":{"start":{"line":4,"column":28},"end":{"line":50,"column":1}},"line":4},"1":{"name":"(anonymous_1)","decl":{"start":{"line":12,"column":22},"end":{"line":12,"column":23}},"loc":{"start":{"line":12,"column":45},"end":{"line":17,"column":3}},"line":12},"2":{"name":"(anonymous_2)","decl":{"start":{"line":26,"column":166},"end":{"line":26,"column":167}},"loc":{"start":{"line":26,"column":172},"end":{"line":26,"column":198}},"line":26},"3":{"name":"(anonymous_3)","decl":{"start":{"line":26,"column":310},"end":{"line":26,"column":311}},"loc":{"start":{"line":26,"column":316},"end":{"line":26,"column":329}},"line":26},"4":{"name":"(anonymous_4)","decl":{"start":{"line":35,"column":19},"end":{"line":35,"column":20}},"loc":{"start":{"line":35,"column":25},"end":{"line":38,"column":11}},"line":35},"5":{"name":"(anonymous_5)","decl":{"start":{"line":42,"column":37},"end":{"line":42,"column":38}},"loc":{"start":{"line":43,"column":8},"end":{"line":45,"column":10}},"line":43}},"branchMap":{"0":{"loc":{"start":{"line":13,"column":4},"end":{"line":15,"column":5}},"type":"if","locations":[{"start":{"line":13,"column":4},"end":{"line":15,"column":5}},{"start":{"line":13,"column":4},"end":{"line":15,"column":5}}],"line":13},"1":{"loc":{"start":{"line":26,"column":24},"end":{"line":26,"column":352}},"type":"cond-expr","locations":[{"start":{"line":26,"column":46},"end":{"line":26,"column":50}},{"start":{"line":26,"column":53},"end":{"line":26,"column":352}}],"line":26},"2":{"loc":{"start":{"line":26,"column":53},"end":{"line":26,"column":352}},"type":"cond-expr","locations":[{"start":{"line":26,"column":80},"end":{"line":26,"column":221}},{"start":{"line":26,"column":224},"end":{"line":26,"column":352}}],"line":26}},"s":{"0":2,"1":0,"2":0,"3":0,"4":0,"5":0,"6":0,"7":0,"8":0,"9":0,"10":0,"11":0,"12":0,"13":0,"14":0,"15":0,"16":0,"17":0,"18":0,"19":0,"20":0},"f":{"0":0,"1":0,"2":0,"3":0,"4":0,"5":0},"b":{"0":[0,0],"1":[0,0],"2":[0,0]},"_coverageSchema":"1a1c01bbd47fc00a2c39e90264f33305004495a9","hash":"49b92adf8a346cbae1ba38bfe94370e01e564b54"}
,"/Users/JohnFa 1/Desktop/Hack Reactor/FEC/project-catwalk/client/src/components/Q&A/QuestionList.jsx": {"path":"/Users/JohnFa 1/Desktop/Hack Reactor/FEC/project-catwalk/client/src/components/Q&A/QuestionList.jsx","statementMap":{"0":{"start":{"line":6,"column":21},"end":{"line":49,"column":1}},"1":{"start":{"line":7,"column":86},"end":{"line":7,"column":91}},"2":{"start":{"line":8,"column":32},"end":{"line":8,"column":43}},"3":{"start":{"line":9,"column":28},"end":{"line":9,"column":43}},"4":{"start":{"line":10,"column":26},"end":{"line":11,"column":115}},"5":{"start":{"line":11,"column":57},"end":{"line":11,"column":80}},"6":{"start":{"line":13,"column":2},"end":{"line":48,"column":4}},"7":{"start":{"line":17,"column":10},"end":{"line":19,"column":12}},"8":{"start":{"line":23,"column":61},"end":{"line":23,"column":75}},"9":{"start":{"line":29,"column":30},"end":{"line":29,"column":45}},"10":{"start":{"line":33,"column":32},"end":{"line":33,"column":51}},"11":{"start":{"line":35,"column":63},"end":{"line":35,"column":78}}},"fnMap":{"0":{"name":"(anonymous_0)","decl":{"start":{"line":6,"column":21},"end":{"line":6,"column":22}},"loc":{"start":{"line":6,"column":32},"end":{"line":49,"column":1}},"line":6},"1":{"name":"(anonymous_1)","decl":{"start":{"line":11,"column":51},"end":{"line":11,"column":52}},"loc":{"start":{"line":11,"column":57},"end":{"line":11,"column":80}},"line":11},"2":{"name":"(anonymous_2)","decl":{"start":{"line":16,"column":71},"end":{"line":16,"column":72}},"loc":{"start":{"line":17,"column":10},"end":{"line":19,"column":12}},"line":17},"3":{"name":"(anonymous_3)","decl":{"start":{"line":23,"column":54},"end":{"line":23,"column":55}},"loc":{"start":{"line":23,"column":61},"end":{"line":23,"column":75}},"line":23},"4":{"name":"(anonymous_4)","decl":{"start":{"line":29,"column":23},"end":{"line":29,"column":24}},"loc":{"start":{"line":29,"column":30},"end":{"line":29,"column":45}},"line":29},"5":{"name":"(anonymous_5)","decl":{"start":{"line":33,"column":25},"end":{"line":33,"column":26}},"loc":{"start":{"line":33,"column":32},"end":{"line":33,"column":51}},"line":33},"6":{"name":"(anonymous_6)","decl":{"start":{"line":35,"column":56},"end":{"line":35,"column":57}},"loc":{"start":{"line":35,"column":63},"end":{"line":35,"column":78}},"line":35}},"branchMap":{"0":{"loc":{"start":{"line":10,"column":26},"end":{"line":11,"column":115}},"type":"binary-expr","locations":[{"start":{"line":10,"column":26},"end":{"line":10,"column":52}},{"start":{"line":11,"column":4},"end":{"line":11,"column":115}}],"line":10},"1":{"loc":{"start":{"line":16,"column":9},"end":{"line":20,"column":10}},"type":"binary-expr","locations":[{"start":{"line":16,"column":9},"end":{"line":16,"column":29}},{"start":{"line":16,"column":33},"end":{"line":20,"column":10}}],"line":16},"2":{"loc":{"start":{"line":25,"column":10},"end":{"line":44,"column":11}},"type":"binary-expr","locations":[{"start":{"line":25,"column":10},"end":{"line":25,"column":15}},{"start":{"line":27,"column":12},"end":{"line":43,"column":18}}],"line":25}},"s":{"0":2,"1":3,"2":3,"3":3,"4":3,"5":0,"6":3,"7":0,"8":0,"9":0,"10":0,"11":0},"f":{"0":3,"1":0,"2":0,"3":0,"4":0,"5":0,"6":0},"b":{"0":[3,0],"1":[3,0],"2":[3,0]},"_coverageSchema":"1a1c01bbd47fc00a2c39e90264f33305004495a9","hash":"a2090f42d545e674997db97781962ffe9e640641"}
,"/Users/JohnFa 1/Desktop/Hack Reactor/FEC/project-catwalk/client/src/components/Q&A/QuestionsAndAnswers.jsx": {"path":"/Users/JohnFa 1/Desktop/Hack Reactor/FEC/project-catwalk/client/src/components/Q&A/QuestionsAndAnswers.jsx","statementMap":{"0":{"start":{"line":8,"column":4},"end":{"line":8,"column":17}},"1":{"start":{"line":10,"column":4},"end":{"line":14,"column":6}},"2":{"start":{"line":15,"column":4},"end":{"line":15,"column":53}},"3":{"start":{"line":16,"column":4},"end":{"line":16,"column":53}},"4":{"start":{"line":17,"column":4},"end":{"line":17,"column":49}},"5":{"start":{"line":20,"column":24},"end":{"line":20,"column":43}},"6":{"start":{"line":35,"column":26},"end":{"line":35,"column":36}},"7":{"start":{"line":36,"column":4},"end":{"line":47,"column":70}},"8":{"start":{"line":43,"column":8},"end":{"line":45,"column":10}},"9":{"start":{"line":47,"column":22},"end":{"line":47,"column":68}},"10":{"start":{"line":52,"column":4},"end":{"line":54,"column":7}},"11":{"start":{"line":66,"column":4},"end":{"line":74,"column":5}},"12":{"start":{"line":67,"column":20},"end":{"line":69,"column":7}},"13":{"start":{"line":68,"column":8},"end":{"line":68,"column":74}},"14":{"start":{"line":70,"column":6},"end":{"line":73,"column":8}},"15":{"start":{"line":79,"column":4},"end":{"line":81,"column":5}},"16":{"start":{"line":80,"column":6},"end":{"line":80,"column":13}},"17":{"start":{"line":82,"column":4},"end":{"line":85,"column":59}},"18":{"start":{"line":83,"column":18},"end":{"line":83,"column":37}},"19":{"start":{"line":84,"column":18},"end":{"line":84,"column":51}},"20":{"start":{"line":85,"column":22},"end":{"line":85,"column":57}},"21":{"start":{"line":90,"column":4},"end":{"line":92,"column":64}},"22":{"start":{"line":91,"column":16},"end":{"line":91,"column":35}},"23":{"start":{"line":92,"column":20},"end":{"line":92,"column":62}},"24":{"start":{"line":96,"column":4},"end":{"line":110,"column":6}}},"fnMap":{"0":{"name":"(anonymous_0)","decl":{"start":{"line":7,"column":2},"end":{"line":7,"column":3}},"loc":{"start":{"line":7,"column":21},"end":{"line":18,"column":3}},"line":7},"1":{"name":"(anonymous_1)","decl":{"start":{"line":20,"column":2},"end":{"line":20,"column":3}},"loc":{"start":{"line":20,"column":22},"end":{"line":20,"column":45}},"line":20},"2":{"name":"(anonymous_2)","decl":{"start":{"line":34,"column":2},"end":{"line":34,"column":3}},"loc":{"start":{"line":34,"column":17},"end":{"line":49,"column":3}},"line":34},"3":{"name":"(anonymous_3)","decl":{"start":{"line":41,"column":12},"end":{"line":41,"column":13}},"loc":{"start":{"line":41,"column":21},"end":{"line":46,"column":7}},"line":41},"4":{"name":"(anonymous_4)","decl":{"start":{"line":47,"column":13},"end":{"line":47,"column":14}},"loc":{"start":{"line":47,"column":22},"end":{"line":47,"column":68}},"line":47},"5":{"name":"(anonymous_5)","decl":{"start":{"line":51,"column":2},"end":{"line":51,"column":3}},"loc":{"start":{"line":51,"column":18},"end":{"line":56,"column":3}},"line":51},"6":{"name":"(anonymous_6)","decl":{"start":{"line":65,"column":2},"end":{"line":65,"column":3}},"loc":{"start":{"line":65,"column":18},"end":{"line":76,"column":3}},"line":65},"7":{"name":"(anonymous_7)","decl":{"start":{"line":67,"column":48},"end":{"line":67,"column":49}},"loc":{"start":{"line":68,"column":8},"end":{"line":68,"column":74}},"line":68},"8":{"name":"(anonymous_8)","decl":{"start":{"line":78,"column":2},"end":{"line":78,"column":3}},"loc":{"start":{"line":78,"column":33},"end":{"line":86,"column":3}},"line":78},"9":{"name":"(anonymous_9)","decl":{"start":{"line":83,"column":12},"end":{"line":83,"column":13}},"loc":{"start":{"line":83,"column":18},"end":{"line":83,"column":37}},"line":83},"10":{"name":"(anonymous_10)","decl":{"start":{"line":84,"column":12},"end":{"line":84,"column":13}},"loc":{"start":{"line":84,"column":18},"end":{"line":84,"column":51}},"line":84},"11":{"name":"(anonymous_11)","decl":{"start":{"line":85,"column":13},"end":{"line":85,"column":14}},"loc":{"start":{"line":85,"column":22},"end":{"line":85,"column":57}},"line":85},"12":{"name":"(anonymous_12)","decl":{"start":{"line":89,"column":2},"end":{"line":89,"column":3}},"loc":{"start":{"line":89,"column":34},"end":{"line":93,"column":3}},"line":89},"13":{"name":"(anonymous_13)","decl":{"start":{"line":91,"column":10},"end":{"line":91,"column":11}},"loc":{"start":{"line":91,"column":16},"end":{"line":91,"column":35}},"line":91},"14":{"name":"(anonymous_14)","decl":{"start":{"line":92,"column":11},"end":{"line":92,"column":12}},"loc":{"start":{"line":92,"column":20},"end":{"line":92,"column":62}},"line":92},"15":{"name":"(anonymous_15)","decl":{"start":{"line":95,"column":2},"end":{"line":95,"column":3}},"loc":{"start":{"line":95,"column":11},"end":{"line":111,"column":3}},"line":95}},"branchMap":{"0":{"loc":{"start":{"line":66,"column":4},"end":{"line":74,"column":5}},"type":"if","locations":[{"start":{"line":66,"column":4},"end":{"line":74,"column":5}},{"start":{"line":66,"column":4},"end":{"line":74,"column":5}}],"line":66},"1":{"loc":{"start":{"line":79,"column":4},"end":{"line":81,"column":5}},"type":"if","locations":[{"start":{"line":79,"column":4},"end":{"line":81,"column":5}},{"start":{"line":79,"column":4},"end":{"line":81,"column":5}}],"line":79}},"s":{"0":3,"1":3,"2":3,"3":3,"4":3,"5":3,"6":3,"7":3,"8":0,"9":0,"10":0,"11":0,"12":0,"13":0,"14":0,"15":0,"16":0,"17":0,"18":0,"19":0,"20":0,"21":0,"22":0,"23":0,"24":3},"f":{"0":3,"1":3,"2":3,"3":0,"4":0,"5":0,"6":0,"7":0,"8":0,"9":0,"10":0,"11":0,"12":0,"13":0,"14":0,"15":3},"b":{"0":[0,0],"1":[0,0]},"_coverageSchema":"1a1c01bbd47fc00a2c39e90264f33305004495a9","hash":"6ac4fdc073d55abba53515218961eff7d2455cbf"}
,"/Users/JohnFa 1/Desktop/Hack Reactor/FEC/project-catwalk/client/src/components/Q&A/Search.jsx": {"path":"/Users/JohnFa 1/Desktop/Hack Reactor/FEC/project-catwalk/client/src/components/Q&A/Search.jsx","statementMap":{"0":{"start":{"line":4,"column":15},"end":{"line":23,"column":1}},"1":{"start":{"line":5,"column":23},"end":{"line":5,"column":28}},"2":{"start":{"line":6,"column":30},"end":{"line":6,"column":42}},"3":{"start":{"line":8,"column":23},"end":{"line":12,"column":3}},"4":{"start":{"line":9,"column":4},"end":{"line":9,"column":30}},"5":{"start":{"line":11,"column":4},"end":{"line":11,"column":21}},"6":{"start":{"line":14,"column":2},"end":{"line":22,"column":3}},"7":{"start":{"line":18,"column":25},"end":{"line":18,"column":40}}},"fnMap":{"0":{"name":"(anonymous_0)","decl":{"start":{"line":4,"column":15},"end":{"line":4,"column":16}},"loc":{"start":{"line":4,"column":26},"end":{"line":23,"column":1}},"line":4},"1":{"name":"(anonymous_1)","decl":{"start":{"line":8,"column":23},"end":{"line":8,"column":24}},"loc":{"start":{"line":8,"column":30},"end":{"line":12,"column":3}},"line":8},"2":{"name":"(anonymous_2)","decl":{"start":{"line":18,"column":18},"end":{"line":18,"column":19}},"loc":{"start":{"line":18,"column":25},"end":{"line":18,"column":40}},"line":18}},"branchMap":{},"s":{"0":2,"1":3,"2":3,"3":3,"4":0,"5":0,"6":3,"7":0},"f":{"0":3,"1":0,"2":0},"b":{},"_coverageSchema":"1a1c01bbd47fc00a2c39e90264f33305004495a9","hash":"49ed05316e4f5401daacb38f423a468df1bc8249"}
,"/Users/JohnFa 1/Desktop/Hack Reactor/FEC/project-catwalk/client/src/components/RelatedItems&OutfitCreation/OutfitCreations.jsx": {"path":"/Users/JohnFa 1/Desktop/Hack Reactor/FEC/project-catwalk/client/src/components/RelatedItems&OutfitCreation/OutfitCreations.jsx","statementMap":{"0":{"start":{"line":3,"column":24},"end":{"line":13,"column":1}},"1":{"start":{"line":4,"column":2},"end":{"line":12,"column":3}}},"fnMap":{"0":{"name":"(anonymous_0)","decl":{"start":{"line":3,"column":24},"end":{"line":3,"column":25}},"loc":{"start":{"line":3,"column":35},"end":{"line":13,"column":1}},"line":3}},"branchMap":{},"s":{"0":2,"1":3},"f":{"0":3},"b":{},"_coverageSchema":"1a1c01bbd47fc00a2c39e90264f33305004495a9","hash":"425ea31f633a78d53d08104bfa50ad22bcc096a7"}
,"/Users/JohnFa 1/Desktop/Hack Reactor/FEC/project-catwalk/client/src/components/RelatedItems&OutfitCreation/ProductInformation.jsx": {"path":"/Users/JohnFa 1/Desktop/Hack Reactor/FEC/project-catwalk/client/src/components/RelatedItems&OutfitCreation/ProductInformation.jsx","statementMap":{"0":{"start":{"line":5,"column":27},"end":{"line":23,"column":1}},"1":{"start":{"line":6,"column":35},"end":{"line":6,"column":40}},"2":{"start":{"line":7,"column":22},"end":{"line":7,"column":53}},"3":{"start":{"line":12,"column":2},"end":{"line":22,"column":3}}},"fnMap":{"0":{"name":"(anonymous_0)","decl":{"start":{"line":5,"column":27},"end":{"line":5,"column":28}},"loc":{"start":{"line":5,"column":38},"end":{"line":23,"column":1}},"line":5}},"branchMap":{},"s":{"0":2,"1":0,"2":0,"3":0},"f":{"0":0},"b":{},"_coverageSchema":"1a1c01bbd47fc00a2c39e90264f33305004495a9","hash":"2f427eaace09b343f8bd817ba2e626c2029d9e89"}
,"/Users/JohnFa 1/Desktop/Hack Reactor/FEC/project-catwalk/client/src/components/RelatedItems&OutfitCreation/ProductPreviewImages.jsx": {"path":"/Users/JohnFa 1/Desktop/Hack Reactor/FEC/project-catwalk/client/src/components/RelatedItems&OutfitCreation/ProductPreviewImages.jsx","statementMap":{"0":{"start":{"line":4,"column":29},"end":{"line":22,"column":1}},"1":{"start":{"line":5,"column":26},"end":{"line":5,"column":31}},"2":{"start":{"line":6,"column":17},"end":{"line":6,"column":50}},"3":{"start":{"line":11,"column":2},"end":{"line":21,"column":3}},"4":{"start":{"line":14,"column":8},"end":{"line":14,"column":14}},"5":{"start":{"line":15,"column":10},"end":{"line":18,"column":12}}},"fnMap":{"0":{"name":"(anonymous_0)","decl":{"start":{"line":4,"column":29},"end":{"line":4,"column":30}},"loc":{"start":{"line":4,"column":40},"end":{"line":22,"column":1}},"line":4},"1":{"name":"(anonymous_1)","decl":{"start":{"line":13,"column":18},"end":{"line":13,"column":19}},"loc":{"start":{"line":13,"column":27},"end":{"line":19,"column":7}},"line":13}},"branchMap":{},"s":{"0":2,"1":0,"2":0,"3":0,"4":0,"5":0},"f":{"0":0,"1":0},"b":{},"_coverageSchema":"1a1c01bbd47fc00a2c39e90264f33305004495a9","hash":"1a1c1779c3aa899549cfebc612a4b7ec633a0a36"}
,"/Users/JohnFa 1/Desktop/Hack Reactor/FEC/project-catwalk/client/src/components/RelatedItems&OutfitCreation/RelatedItems.jsx": {"path":"/Users/JohnFa 1/Desktop/Hack Reactor/FEC/project-catwalk/client/src/components/RelatedItems&OutfitCreation/RelatedItems.jsx","statementMap":{"0":{"start":{"line":6,"column":21},"end":{"line":22,"column":1}},"1":{"start":{"line":7,"column":85},"end":{"line":7,"column":90}},"2":{"start":{"line":9,"column":2},"end":{"line":21,"column":3}}},"fnMap":{"0":{"name":"(anonymous_0)","decl":{"start":{"line":6,"column":21},"end":{"line":6,"column":22}},"loc":{"start":{"line":6,"column":32},"end":{"line":22,"column":1}},"line":6}},"branchMap":{},"s":{"0":2,"1":3,"2":3},"f":{"0":3},"b":{},"_coverageSchema":"1a1c01bbd47fc00a2c39e90264f33305004495a9","hash":"57f0b82a21caa74cce8914d3e489edbd17fab46b"}
,"/Users/JohnFa 1/Desktop/Hack Reactor/FEC/project-catwalk/client/src/components/RelatedItems&OutfitCreation/RelatedProductCards.jsx": {"path":"/Users/JohnFa 1/Desktop/Hack Reactor/FEC/project-catwalk/client/src/components/RelatedItems&OutfitCreation/RelatedProductCards.jsx","statementMap":{"0":{"start":{"line":7,"column":28},"end":{"line":50,"column":1}},"1":{"start":{"line":8,"column":74},"end":{"line":8,"column":79}},"2":{"start":{"line":27,"column":19},"end":{"line":32,"column":3}},"3":{"start":{"line":28,"column":4},"end":{"line":31,"column":10}},"4":{"start":{"line":39,"column":2},"end":{"line":49,"column":3}}},"fnMap":{"0":{"name":"(anonymous_0)","decl":{"start":{"line":7,"column":28},"end":{"line":7,"column":29}},"loc":{"start":{"line":7,"column":39},"end":{"line":50,"column":1}},"line":7},"1":{"name":"(anonymous_1)","decl":{"start":{"line":27,"column":39},"end":{"line":27,"column":40}},"loc":{"start":{"line":28,"column":4},"end":{"line":31,"column":10}},"line":28}},"branchMap":{},"s":{"0":2,"1":3,"2":3,"3":0,"4":3},"f":{"0":3,"1":0},"b":{},"_coverageSchema":"1a1c01bbd47fc00a2c39e90264f33305004495a9","hash":"09aee5bbd3845e985ee2d2086ded6bd9b495e77a"}
,"/Users/JohnFa 1/Desktop/Hack Reactor/FEC/project-catwalk/client/src/components/helpers/_functions.js": {"path":"/Users/JohnFa 1/Desktop/Hack Reactor/FEC/project-catwalk/client/src/components/helpers/_functions.js","statementMap":{"0":{"start":{"line":1,"column":34},"end":{"line":5,"column":2}},"1":{"start":{"line":1,"column":81},"end":{"line":5,"column":1}},"2":{"start":{"line":7,"column":34},"end":{"line":9,"column":1}},"3":{"start":{"line":8,"column":2},"end":{"line":8,"column":8}}},"fnMap":{"0":{"name":"(anonymous_0)","decl":{"start":{"line":1,"column":34},"end":{"line":1,"column":35}},"loc":{"start":{"line":1,"column":81},"end":{"line":5,"column":1}},"line":1},"1":{"name":"(anonymous_1)","decl":{"start":{"line":7,"column":34},"end":{"line":7,"column":35}},"loc":{"start":{"line":8,"column":2},"end":{"line":8,"column":8}},"line":8}},"branchMap":{},"s":{"0":2,"1":0,"2":2,"3":0},"f":{"0":0,"1":0},"b":{},"_coverageSchema":"1a1c01bbd47fc00a2c39e90264f33305004495a9","hash":"a4d8ec056de59d9996ab7b989ce612d52dbf2a69"}
,"/Users/JohnFa 1/Desktop/Hack Reactor/FEC/project-catwalk/client/src/components/product-details/AddToCart.jsx": {"path":"/Users/JohnFa 1/Desktop/Hack Reactor/FEC/project-catwalk/client/src/components/product-details/AddToCart.jsx","statementMap":{"0":{"start":{"line":8,"column":16},"end":{"line":53,"column":1}},"1":{"start":{"line":9,"column":21},"end":{"line":9,"column":23}},"2":{"start":{"line":10,"column":2},"end":{"line":14,"column":3}},"3":{"start":{"line":11,"column":4},"end":{"line":13,"column":5}},"4":{"start":{"line":11,"column":17},"end":{"line":11,"column":18}},"5":{"start":{"line":12,"column":6},"end":{"line":12,"column":25}},"6":{"start":{"line":16,"column":2},"end":{"line":52,"column":4}},"7":{"start":{"line":25,"column":14},"end":{"line":25,"column":91}},"8":{"start":{"line":35,"column":14},"end":{"line":35,"column":70}}},"fnMap":{"0":{"name":"(anonymous_0)","decl":{"start":{"line":8,"column":16},"end":{"line":8,"column":17}},"loc":{"start":{"line":8,"column":27},"end":{"line":53,"column":1}},"line":8},"1":{"name":"(anonymous_1)","decl":{"start":{"line":24,"column":54},"end":{"line":24,"column":55}},"loc":{"start":{"line":25,"column":14},"end":{"line":25,"column":91}},"line":25},"2":{"name":"(anonymous_2)","decl":{"start":{"line":34,"column":29},"end":{"line":34,"column":30}},"loc":{"start":{"line":35,"column":14},"end":{"line":35,"column":70}},"line":35}},"branchMap":{"0":{"loc":{"start":{"line":10,"column":2},"end":{"line":14,"column":3}},"type":"if","locations":[{"start":{"line":10,"column":2},"end":{"line":14,"column":3}},{"start":{"line":10,"column":2},"end":{"line":14,"column":3}}],"line":10},"1":{"loc":{"start":{"line":11,"column":20},"end":{"line":11,"column":63}},"type":"binary-expr","locations":[{"start":{"line":11,"column":20},"end":{"line":11,"column":52}},{"start":{"line":11,"column":56},"end":{"line":11,"column":63}}],"line":11},"2":{"loc":{"start":{"line":23,"column":11},"end":{"line":27,"column":41}},"type":"cond-expr","locations":[{"start":{"line":24,"column":12},"end":{"line":26,"column":14}},{"start":{"line":27,"column":12},"end":{"line":27,"column":41}}],"line":23},"3":{"loc":{"start":{"line":33,"column":11},"end":{"line":37,"column":32}},"type":"cond-expr","locations":[{"start":{"line":34,"column":14},"end":{"line":36,"column":14}},{"start":{"line":37,"column":14},"end":{"line":37,"column":32}}],"line":33},"4":{"loc":{"start":{"line":43,"column":7},"end":{"line":47,"column":113}},"type":"cond-expr","locations":[{"start":{"line":44,"column":10},"end":{"line":46,"column":85}},{"start":{"line":47,"column":10},"end":{"line":47,"column":113}}],"line":43},"5":{"loc":{"start":{"line":44,"column":10},"end":{"line":46,"column":85}},"type":"cond-expr","locations":[{"start":{"line":45,"column":12},"end":{"line":45,"column":75}},{"start":{"line":46,"column":12},"end":{"line":46,"column":85}}],"line":44}},"s":{"0":2,"1":0,"2":0,"3":0,"4":0,"5":0,"6":0,"7":0,"8":0},"f":{"0":0,"1":0,"2":0},"b":{"0":[0,0],"1":[0,0],"2":[0,0],"3":[0,0],"4":[0,0],"5":[0,0]},"_coverageSchema":"1a1c01bbd47fc00a2c39e90264f33305004495a9","hash":"51d41b5c3edfa6d9a59343ca8eb4e7ad6fb79c08"}
,"/Users/JohnFa 1/Desktop/Hack Reactor/FEC/project-catwalk/client/src/components/product-details/ImageGallery.jsx": {"path":"/Users/JohnFa 1/Desktop/Hack Reactor/FEC/project-catwalk/client/src/components/product-details/ImageGallery.jsx","statementMap":{"0":{"start":{"line":23,"column":19},"end":{"line":39,"column":1}},"1":{"start":{"line":24,"column":2},"end":{"line":38,"column":8}},"2":{"start":{"line":33,"column":10},"end":{"line":33,"column":107}}},"fnMap":{"0":{"name":"(anonymous_0)","decl":{"start":{"line":23,"column":19},"end":{"line":23,"column":20}},"loc":{"start":{"line":24,"column":2},"end":{"line":38,"column":8}},"line":24},"1":{"name":"(anonymous_1)","decl":{"start":{"line":32,"column":27},"end":{"line":32,"column":28}},"loc":{"start":{"line":33,"column":10},"end":{"line":33,"column":107}},"line":33}},"branchMap":{"0":{"loc":{"start":{"line":25,"column":5},"end":{"line":28,"column":44}},"type":"cond-expr","locations":[{"start":{"line":26,"column":8},"end":{"line":27,"column":12}},{"start":{"line":28,"column":8},"end":{"line":28,"column":44}}],"line":25},"1":{"loc":{"start":{"line":31,"column":7},"end":{"line":35,"column":47}},"type":"cond-expr","locations":[{"start":{"line":32,"column":10},"end":{"line":34,"column":12}},{"start":{"line":35,"column":10},"end":{"line":35,"column":47}}],"line":31}},"s":{"0":2,"1":0,"2":0},"f":{"0":0,"1":0},"b":{"0":[0,0],"1":[0,0]},"_coverageSchema":"1a1c01bbd47fc00a2c39e90264f33305004495a9","hash":"412ebdd99a9904e6cb3152b493b683eed1f34061"}
,"/Users/JohnFa 1/Desktop/Hack Reactor/FEC/project-catwalk/client/src/components/product-details/ProductDetail.jsx": {"path":"/Users/JohnFa 1/Desktop/Hack Reactor/FEC/project-catwalk/client/src/components/product-details/ProductDetail.jsx","statementMap":{"0":{"start":{"line":12,"column":4},"end":{"line":12,"column":17}},"1":{"start":{"line":13,"column":4},"end":{"line":21,"column":5}},"2":{"start":{"line":25,"column":4},"end":{"line":33,"column":8}},"3":{"start":{"line":27,"column":8},"end":{"line":29,"column":11}},"4":{"start":{"line":32,"column":8},"end":{"line":32,"column":27}},"5":{"start":{"line":37,"column":4},"end":{"line":44,"column":8}},"6":{"start":{"line":40,"column":8},"end":{"line":40,"column":49}},"7":{"start":{"line":43,"column":8},"end":{"line":43,"column":27}},"8":{"start":{"line":48,"column":4},"end":{"line":48,"column":27}},"9":{"start":{"line":49,"column":4},"end":{"line":49,"column":75}},"10":{"start":{"line":50,"column":4},"end":{"line":50,"column":77}},"11":{"start":{"line":51,"column":4},"end":{"line":51,"column":66}},"12":{"start":{"line":53,"column":16},"end":{"line":53,"column":53}},"13":{"start":{"line":54,"column":4},"end":{"line":56,"column":5}},"14":{"start":{"line":54,"column":17},"end":{"line":54,"column":18}},"15":{"start":{"line":55,"column":6},"end":{"line":55,"column":62}},"16":{"start":{"line":61,"column":4},"end":{"line":61,"column":27}},"17":{"start":{"line":62,"column":4},"end":{"line":62,"column":58}},"18":{"start":{"line":63,"column":4},"end":{"line":65,"column":7}},"19":{"start":{"line":66,"column":4},"end":{"line":66,"column":28}},"20":{"start":{"line":71,"column":4},"end":{"line":71,"column":27}},"21":{"start":{"line":72,"column":4},"end":{"line":74,"column":7}},"22":{"start":{"line":79,"column":4},"end":{"line":79,"column":57}},"23":{"start":{"line":96,"column":4},"end":{"line":122,"column":6}}},"fnMap":{"0":{"name":"(anonymous_0)","decl":{"start":{"line":11,"column":2},"end":{"line":11,"column":3}},"loc":{"start":{"line":11,"column":21},"end":{"line":22,"column":3}},"line":11},"1":{"name":"(anonymous_1)","decl":{"start":{"line":24,"column":2},"end":{"line":24,"column":3}},"loc":{"start":{"line":24,"column":12},"end":{"line":34,"column":3}},"line":24},"2":{"name":"(anonymous_2)","decl":{"start":{"line":26,"column":12},"end":{"line":26,"column":13}},"loc":{"start":{"line":26,"column":21},"end":{"line":30,"column":7}},"line":26},"3":{"name":"(anonymous_3)","decl":{"start":{"line":31,"column":13},"end":{"line":31,"column":14}},"loc":{"start":{"line":31,"column":22},"end":{"line":33,"column":7}},"line":31},"4":{"name":"(anonymous_4)","decl":{"start":{"line":36,"column":2},"end":{"line":36,"column":3}},"loc":{"start":{"line":36,"column":23},"end":{"line":45,"column":3}},"line":36},"5":{"name":"(anonymous_5)","decl":{"start":{"line":38,"column":12},"end":{"line":38,"column":13}},"loc":{"start":{"line":38,"column":21},"end":{"line":41,"column":7}},"line":38},"6":{"name":"(anonymous_6)","decl":{"start":{"line":42,"column":13},"end":{"line":42,"column":14}},"loc":{"start":{"line":42,"column":22},"end":{"line":44,"column":7}},"line":42},"7":{"name":"(anonymous_7)","decl":{"start":{"line":47,"column":2},"end":{"line":47,"column":3}},"loc":{"start":{"line":47,"column":26},"end":{"line":58,"column":3}},"line":47},"8":{"name":"(anonymous_8)","decl":{"start":{"line":60,"column":2},"end":{"line":60,"column":3}},"loc":{"start":{"line":60,"column":26},"end":{"line":68,"column":3}},"line":60},"9":{"name":"(anonymous_9)","decl":{"start":{"line":70,"column":2},"end":{"line":70,"column":3}},"loc":{"start":{"line":70,"column":30},"end":{"line":75,"column":3}},"line":70},"10":{"name":"(anonymous_10)","decl":{"start":{"line":77,"column":2},"end":{"line":77,"column":3}},"loc":{"start":{"line":77,"column":19},"end":{"line":80,"column":3}},"line":77},"11":{"name":"(anonymous_11)","decl":{"start":{"line":82,"column":2},"end":{"line":82,"column":3}},"loc":{"start":{"line":82,"column":22},"end":{"line":93,"column":3}},"line":82},"12":{"name":"(anonymous_12)","decl":{"start":{"line":95,"column":2},"end":{"line":95,"column":3}},"loc":{"start":{"line":95,"column":11},"end":{"line":123,"column":3}},"line":95}},"branchMap":{},"s":{"0":0,"1":0,"2":0,"3":0,"4":0,"5":0,"6":0,"7":0,"8":0,"9":0,"10":0,"11":0,"12":0,"13":0,"14":0,"15":0,"16":0,"17":0,"18":0,"19":0,"20":0,"21":0,"22":0,"23":0},"f":{"0":0,"1":0,"2":0,"3":0,"4":0,"5":0,"6":0,"7":0,"8":0,"9":0,"10":0,"11":0,"12":0},"b":{},"_coverageSchema":"1a1c01bbd47fc00a2c39e90264f33305004495a9","hash":"2d85b71a1b60322f0205777e7d98ae97d1ca768c"}
,"/Users/JohnFa 1/Desktop/Hack Reactor/FEC/project-catwalk/client/src/components/product-details/ProductInfo.jsx": {"path":"/Users/JohnFa 1/Desktop/Hack Reactor/FEC/project-catwalk/client/src/components/product-details/ProductInfo.jsx","statementMap":{"0":{"start":{"line":5,"column":18},"end":{"line":22,"column":1}},"1":{"start":{"line":6,"column":2},"end":{"line":21,"column":8}}},"fnMap":{"0":{"name":"(anonymous_0)","decl":{"start":{"line":5,"column":18},"end":{"line":5,"column":19}},"loc":{"start":{"line":6,"column":2},"end":{"line":21,"column":8}},"line":6}},"branchMap":{},"s":{"0":2,"1":0},"f":{"0":0},"b":{},"_coverageSchema":"1a1c01bbd47fc00a2c39e90264f33305004495a9","hash":"6ce11cdab95615ec8bf3a9037f7ddce456db1d52"}
,"/Users/JohnFa 1/Desktop/Hack Reactor/FEC/project-catwalk/client/src/components/product-details/StyleSelector.jsx": {"path":"/Users/JohnFa 1/Desktop/Hack Reactor/FEC/project-catwalk/client/src/components/product-details/StyleSelector.jsx","statementMap":{"0":{"start":{"line":5,"column":20},"end":{"line":15,"column":1}},"1":{"start":{"line":6,"column":2},"end":{"line":14,"column":8}},"2":{"start":{"line":10,"column":8},"end":{"line":10,"column":159}}},"fnMap":{"0":{"name":"(anonymous_0)","decl":{"start":{"line":5,"column":20},"end":{"line":5,"column":21}},"loc":{"start":{"line":6,"column":2},"end":{"line":14,"column":8}},"line":6},"1":{"name":"(anonymous_1)","decl":{"start":{"line":9,"column":25},"end":{"line":9,"column":26}},"loc":{"start":{"line":10,"column":8},"end":{"line":10,"column":159}},"line":10}},"branchMap":{"0":{"loc":{"start":{"line":8,"column":5},"end":{"line":12,"column":45}},"type":"cond-expr","locations":[{"start":{"line":9,"column":8},"end":{"line":11,"column":10}},{"start":{"line":12,"column":8},"end":{"line":12,"column":45}}],"line":8}},"s":{"0":2,"1":0,"2":0},"f":{"0":0,"1":0},"b":{"0":[0,0]},"_coverageSchema":"1a1c01bbd47fc00a2c39e90264f33305004495a9","hash":"a8cd6406a200e89e241dc4b0ed87edd167e7246f"}
,"/Users/JohnFa 1/Desktop/Hack Reactor/FEC/project-catwalk/client/src/components/product-details/data/dummy-data.js": {"path":"/Users/JohnFa 1/Desktop/Hack Reactor/FEC/project-catwalk/client/src/components/product-details/data/dummy-data.js","statementMap":{"0":{"start":{"line":1,"column":13},"end":{"line":122,"column":1}}},"fnMap":{},"branchMap":{},"s":{"0":2},"f":{},"b":{},"_coverageSchema":"1a1c01bbd47fc00a2c39e90264f33305004495a9","hash":"373dfe153583de86739f4b3ca3d5249428792a02"}
,"/Users/JohnFa 1/Desktop/Hack Reactor/FEC/project-catwalk/client/src/components/ratings&reviews/RatingsAndReviews.jsx": {"path":"/Users/JohnFa 1/Desktop/Hack Reactor/FEC/project-catwalk/client/src/components/ratings&reviews/RatingsAndReviews.jsx","statementMap":{"0":{"start":{"line":11,"column":14},"end":{"line":11,"column":30}},"1":{"start":{"line":14,"column":4},"end":{"line":14,"column":17}},"2":{"start":{"line":16,"column":4},"end":{"line":27,"column":5}},"3":{"start":{"line":29,"column":4},"end":{"line":29,"column":59}},"4":{"start":{"line":30,"column":4},"end":{"line":30,"column":67}},"5":{"start":{"line":31,"column":4},"end":{"line":31,"column":61}},"6":{"start":{"line":32,"column":4},"end":{"line":32,"column":61}},"7":{"start":{"line":33,"column":4},"end":{"line":33,"column":59}},"8":{"start":{"line":34,"column":4},"end":{"line":34,"column":61}},"9":{"start":{"line":35,"column":4},"end":{"line":35,"column":61}},"10":{"start":{"line":36,"column":4},"end":{"line":36,"column":69}},"11":{"start":{"line":37,"column":4},"end":{"line":37,"column":49}},"12":{"start":{"line":38,"column":4},"end":{"line":38,"column":59}},"13":{"start":{"line":39,"column":4},"end":{"line":39,"column":49}},"14":{"start":{"line":45,"column":26},"end":{"line":45,"column":36}},"15":{"start":{"line":46,"column":24},"end":{"line":46,"column":42}},"16":{"start":{"line":47,"column":4},"end":{"line":67,"column":8}},"17":{"start":{"line":49,"column":8},"end":{"line":53,"column":9}},"18":{"start":{"line":50,"column":10},"end":{"line":52,"column":13}},"19":{"start":{"line":54,"column":23},"end":{"line":54,"column":48}},"20":{"start":{"line":55,"column":29},"end":{"line":55,"column":78}},"21":{"start":{"line":56,"column":35},"end":{"line":56,"column":91}},"22":{"start":{"line":58,"column":8},"end":{"line":63,"column":10}},"23":{"start":{"line":66,"column":8},"end":{"line":66,"column":59}},"24":{"start":{"line":71,"column":26},"end":{"line":71,"column":36}},"25":{"start":{"line":72,"column":24},"end":{"line":72,"column":42}},"26":{"start":{"line":73,"column":4},"end":{"line":104,"column":8}},"27":{"start":{"line":75,"column":8},"end":{"line":79,"column":9}},"28":{"start":{"line":76,"column":10},"end":{"line":78,"column":13}},"29":{"start":{"line":81,"column":25},"end":{"line":81,"column":53}},"30":{"start":{"line":82,"column":29},"end":{"line":82,"column":31}},"31":{"start":{"line":83,"column":8},"end":{"line":86,"column":9}},"32":{"start":{"line":84,"column":22},"end":{"line":84,"column":64}},"33":{"start":{"line":85,"column":10},"end":{"line":85,"column":56}},"34":{"start":{"line":87,"column":8},"end":{"line":87,"column":68}},"35":{"start":{"line":88,"column":8},"end":{"line":91,"column":9}},"36":{"start":{"line":89,"column":22},"end":{"line":89,"column":91}},"37":{"start":{"line":90,"column":10},"end":{"line":90,"column":56}},"38":{"start":{"line":97,"column":8},"end":{"line":100,"column":10}},"39":{"start":{"line":103,"column":8},"end":{"line":103,"column":59}},"40":{"start":{"line":116,"column":4},"end":{"line":116,"column":46}},"41":{"start":{"line":155,"column":4},"end":{"line":162,"column":8}},"42":{"start":{"line":157,"column":8},"end":{"line":157,"column":53}},"43":{"start":{"line":161,"column":8},"end":{"line":161,"column":59}},"44":{"start":{"line":168,"column":4},"end":{"line":181,"column":8}},"45":{"start":{"line":170,"column":8},"end":{"line":170,"column":52}},"46":{"start":{"line":172,"column":24},"end":{"line":172,"column":51}},"47":{"start":{"line":173,"column":8},"end":{"line":175,"column":10}},"48":{"start":{"line":177,"column":8},"end":{"line":177,"column":67}},"49":{"start":{"line":180,"column":8},"end":{"line":180,"column":59}},"50":{"start":{"line":185,"column":4},"end":{"line":185,"column":78}},"51":{"start":{"line":189,"column":15},"end":{"line":189,"column":29}},"52":{"start":{"line":190,"column":4},"end":{"line":195,"column":7}},"53":{"start":{"line":196,"column":4},"end":{"line":196,"column":52}},"54":{"start":{"line":200,"column":4},"end":{"line":202,"column":6}},"55":{"start":{"line":206,"column":4},"end":{"line":208,"column":6}},"56":{"start":{"line":212,"column":25},"end":{"line":212,"column":35}},"57":{"start":{"line":213,"column":4},"end":{"line":226,"column":5}},"58":{"start":{"line":214,"column":25},"end":{"line":214,"column":52}},"59":{"start":{"line":215,"column":6},"end":{"line":215,"column":45}},"60":{"start":{"line":216,"column":6},"end":{"line":216,"column":33}},"61":{"start":{"line":217,"column":6},"end":{"line":219,"column":9}},"62":{"start":{"line":221,"column":25},"end":{"line":221,"column":52}},"63":{"start":{"line":222,"column":6},"end":{"line":222,"column":64}},"64":{"start":{"line":223,"column":6},"end":{"line":225,"column":9}},"65":{"start":{"line":230,"column":4},"end":{"line":230,"column":40}},"66":{"start":{"line":230,"column":33},"end":{"line":230,"column":38}},"67":{"start":{"line":231,"column":4},"end":{"line":231,"column":25}},"68":{"start":{"line":235,"column":4},"end":{"line":237,"column":7}},"69":{"start":{"line":241,"column":4},"end":{"line":241,"column":78}},"70":{"start":{"line":245,"column":25},"end":{"line":245,"column":35}},"71":{"start":{"line":246,"column":4},"end":{"line":323,"column":6}},"72":{"start":{"line":276,"column":38},"end":{"line":276,"column":57}}},"fnMap":{"0":{"name":"(anonymous_0)","decl":{"start":{"line":13,"column":2},"end":{"line":13,"column":3}},"loc":{"start":{"line":13,"column":21},"end":{"line":41,"column":3}},"line":13},"1":{"name":"(anonymous_1)","decl":{"start":{"line":44,"column":2},"end":{"line":44,"column":3}},"loc":{"start":{"line":44,"column":43},"end":{"line":68,"column":3}},"line":44},"2":{"name":"(anonymous_2)","decl":{"start":{"line":48,"column":12},"end":{"line":48,"column":13}},"loc":{"start":{"line":48,"column":24},"end":{"line":64,"column":7}},"line":48},"3":{"name":"(anonymous_3)","decl":{"start":{"line":65,"column":13},"end":{"line":65,"column":14}},"loc":{"start":{"line":65,"column":24},"end":{"line":67,"column":7}},"line":65},"4":{"name":"(anonymous_4)","decl":{"start":{"line":70,"column":2},"end":{"line":70,"column":3}},"loc":{"start":{"line":70,"column":44},"end":{"line":105,"column":3}},"line":70},"5":{"name":"(anonymous_5)","decl":{"start":{"line":74,"column":12},"end":{"line":74,"column":13}},"loc":{"start":{"line":74,"column":24},"end":{"line":101,"column":7}},"line":74},"6":{"name":"(anonymous_6)","decl":{"start":{"line":102,"column":13},"end":{"line":102,"column":14}},"loc":{"start":{"line":102,"column":24},"end":{"line":104,"column":7}},"line":102},"7":{"name":"(anonymous_7)","decl":{"start":{"line":108,"column":2},"end":{"line":108,"column":3}},"loc":{"start":{"line":108,"column":40},"end":{"line":151,"column":3}},"line":108},"8":{"name":"(anonymous_8)","decl":{"start":{"line":154,"column":2},"end":{"line":154,"column":3}},"loc":{"start":{"line":154,"column":31},"end":{"line":163,"column":3}},"line":154},"9":{"name":"(anonymous_9)","decl":{"start":{"line":156,"column":12},"end":{"line":156,"column":13}},"loc":{"start":{"line":156,"column":24},"end":{"line":159,"column":7}},"line":156},"10":{"name":"(anonymous_10)","decl":{"start":{"line":160,"column":13},"end":{"line":160,"column":14}},"loc":{"start":{"line":160,"column":24},"end":{"line":162,"column":7}},"line":160},"11":{"name":"(anonymous_11)","decl":{"start":{"line":167,"column":2},"end":{"line":167,"column":3}},"loc":{"start":{"line":167,"column":42},"end":{"line":182,"column":3}},"line":167},"12":{"name":"(anonymous_12)","decl":{"start":{"line":169,"column":12},"end":{"line":169,"column":13}},"loc":{"start":{"line":169,"column":24},"end":{"line":178,"column":7}},"line":169},"13":{"name":"(anonymous_13)","decl":{"start":{"line":179,"column":13},"end":{"line":179,"column":14}},"loc":{"start":{"line":179,"column":24},"end":{"line":181,"column":7}},"line":179},"14":{"name":"(anonymous_14)","decl":{"start":{"line":184,"column":2},"end":{"line":184,"column":3}},"loc":{"start":{"line":184,"column":21},"end":{"line":186,"column":3}},"line":184},"15":{"name":"(anonymous_15)","decl":{"start":{"line":188,"column":2},"end":{"line":188,"column":3}},"loc":{"start":{"line":188,"column":16},"end":{"line":197,"column":3}},"line":188},"16":{"name":"(anonymous_16)","decl":{"start":{"line":199,"column":2},"end":{"line":199,"column":3}},"loc":{"start":{"line":199,"column":22},"end":{"line":203,"column":3}},"line":199},"17":{"name":"(anonymous_17)","decl":{"start":{"line":205,"column":2},"end":{"line":205,"column":3}},"loc":{"start":{"line":205,"column":26},"end":{"line":209,"column":3}},"line":205},"18":{"name":"(anonymous_18)","decl":{"start":{"line":211,"column":2},"end":{"line":211,"column":3}},"loc":{"start":{"line":211,"column":16},"end":{"line":227,"column":3}},"line":211},"19":{"name":"(anonymous_19)","decl":{"start":{"line":229,"column":2},"end":{"line":229,"column":3}},"loc":{"start":{"line":229,"column":25},"end":{"line":232,"column":3}},"line":229},"20":{"name":"(anonymous_20)","decl":{"start":{"line":230,"column":23},"end":{"line":230,"column":24}},"loc":{"start":{"line":230,"column":33},"end":{"line":230,"column":38}},"line":230},"21":{"name":"(anonymous_21)","decl":{"start":{"line":234,"column":2},"end":{"line":234,"column":3}},"loc":{"start":{"line":234,"column":20},"end":{"line":238,"column":3}},"line":234},"22":{"name":"(anonymous_22)","decl":{"start":{"line":240,"column":2},"end":{"line":240,"column":3}},"loc":{"start":{"line":240,"column":22},"end":{"line":242,"column":3}},"line":240},"23":{"name":"(anonymous_23)","decl":{"start":{"line":244,"column":2},"end":{"line":244,"column":3}},"loc":{"start":{"line":244,"column":11},"end":{"line":324,"column":3}},"line":244},"24":{"name":"(anonymous_24)","decl":{"start":{"line":276,"column":31},"end":{"line":276,"column":32}},"loc":{"start":{"line":276,"column":38},"end":{"line":276,"column":57}},"line":276}},"branchMap":{"0":{"loc":{"start":{"line":49,"column":8},"end":{"line":53,"column":9}},"type":"if","locations":[{"start":{"line":49,"column":8},"end":{"line":53,"column":9}},{"start":{"line":49,"column":8},"end":{"line":53,"column":9}}],"line":49},"1":{"loc":{"start":{"line":75,"column":8},"end":{"line":79,"column":9}},"type":"if","locations":[{"start":{"line":75,"column":8},"end":{"line":79,"column":9}},{"start":{"line":75,"column":8},"end":{"line":79,"column":9}}],"line":75},"2":{"loc":{"start":{"line":83,"column":8},"end":{"line":86,"column":9}},"type":"if","locations":[{"start":{"line":83,"column":8},"end":{"line":86,"column":9}},{"start":{"line":83,"column":8},"end":{"line":86,"column":9}}],"line":83},"3":{"loc":{"start":{"line":88,"column":8},"end":{"line":91,"column":9}},"type":"if","locations":[{"start":{"line":88,"column":8},"end":{"line":91,"column":9}},{"start":{"line":88,"column":8},"end":{"line":91,"column":9}}],"line":88},"4":{"loc":{"start":{"line":213,"column":4},"end":{"line":226,"column":5}},"type":"if","locations":[{"start":{"line":213,"column":4},"end":{"line":226,"column":5}},{"start":{"line":213,"column":4},"end":{"line":226,"column":5}}],"line":213},"5":{"loc":{"start":{"line":249,"column":10},"end":{"line":320,"column":11}},"type":"binary-expr","locations":[{"start":{"line":249,"column":10},"end":{"line":249,"column":42}},{"start":{"line":251,"column":12},"end":{"line":319,"column":18}}],"line":249},"6":{"loc":{"start":{"line":268,"column":16},"end":{"line":288,"column":17}},"type":"binary-expr","locations":[{"start":{"line":268,"column":16},"end":{"line":268,"column":43}},{"start":{"line":270,"column":18},"end":{"line":287,"column":24}}],"line":268},"7":{"loc":{"start":{"line":313,"column":20},"end":{"line":315,"column":21}},"type":"binary-expr","locations":[{"start":{"line":313,"column":20},"end":{"line":313,"column":79}},{"start":{"line":313,"column":83},"end":{"line":313,"column":119}},{"start":{"line":314,"column":22},"end":{"line":314,"column":126}}],"line":313}},"s":{"0":2,"1":0,"2":0,"3":0,"4":0,"5":0,"6":0,"7":0,"8":0,"9":0,"10":0,"11":0,"12":0,"13":0,"14":0,"15":0,"16":0,"17":0,"18":0,"19":0,"20":0,"21":0,"22":0,"23":0,"24":0,"25":0,"26":0,"27":0,"28":0,"29":0,"30":0,"31":0,"32":0,"33":0,"34":0,"35":0,"36":0,"37":0,"38":0,"39":0,"40":0,"41":0,"42":0,"43":0,"44":0,"45":0,"46":0,"47":0,"48":0,"49":0,"50":0,"51":0,"52":0,"53":0,"54":0,"55":0,"56":0,"57":0,"58":0,"59":0,"60":0,"61":0,"62":0,"63":0,"64":0,"65":0,"66":0,"67":0,"68":0,"69":0,"70":0,"71":0,"72":0},"f":{"0":0,"1":0,"2":0,"3":0,"4":0,"5":0,"6":0,"7":0,"8":0,"9":0,"10":0,"11":0,"12":0,"13":0,"14":0,"15":0,"16":0,"17":0,"18":0,"19":0,"20":0,"21":0,"22":0,"23":0,"24":0},"b":{"0":[0,0],"1":[0,0],"2":[0,0],"3":[0,0],"4":[0,0],"5":[0,0],"6":[0,0],"7":[0,0,0]},"_coverageSchema":"1a1c01bbd47fc00a2c39e90264f33305004495a9","hash":"31ac790eb5b3077018dc0e459a10c0ddae65a224"}
,"/Users/JohnFa 1/Desktop/Hack Reactor/FEC/project-catwalk/client/src/components/ratings&reviews/ProductBreakdown/ProductBreakdown.jsx": {"path":"/Users/JohnFa 1/Desktop/Hack Reactor/FEC/project-catwalk/client/src/components/ratings&reviews/ProductBreakdown/ProductBreakdown.jsx","statementMap":{"0":{"start":{"line":5,"column":4},"end":{"line":5,"column":17}},"1":{"start":{"line":6,"column":4},"end":{"line":6,"column":69}},"2":{"start":{"line":10,"column":4},"end":{"line":10,"column":58}},"3":{"start":{"line":14,"column":32},"end":{"line":14,"column":51}},"4":{"start":{"line":16,"column":4},"end":{"line":234,"column":6}}},"fnMap":{"0":{"name":"(anonymous_0)","decl":{"start":{"line":4,"column":2},"end":{"line":4,"column":3}},"loc":{"start":{"line":4,"column":21},"end":{"line":7,"column":3}},"line":4},"1":{"name":"(anonymous_1)","decl":{"start":{"line":9,"column":2},"end":{"line":9,"column":3}},"loc":{"start":{"line":9,"column":30},"end":{"line":11,"column":3}},"line":9},"2":{"name":"(anonymous_2)","decl":{"start":{"line":13,"column":2},"end":{"line":13,"column":3}},"loc":{"start":{"line":13,"column":11},"end":{"line":235,"column":3}},"line":13}},"branchMap":{"0":{"loc":{"start":{"line":19,"column":10},"end":{"line":54,"column":11}},"type":"binary-expr","locations":[{"start":{"line":19,"column":10},"end":{"line":19,"column":53}},{"start":{"line":21,"column":12},"end":{"line":53,"column":18}}],"line":19},"1":{"loc":{"start":{"line":57,"column":10},"end":{"line":89,"column":11}},"type":"binary-expr","locations":[{"start":{"line":57,"column":10},"end":{"line":57,"column":49}},{"start":{"line":59,"column":12},"end":{"line":88,"column":18}}],"line":57},"2":{"loc":{"start":{"line":92,"column":10},"end":{"line":125,"column":11}},"type":"binary-expr","locations":[{"start":{"line":92,"column":10},"end":{"line":92,"column":52}},{"start":{"line":94,"column":12},"end":{"line":124,"column":18}}],"line":92},"3":{"loc":{"start":{"line":128,"column":10},"end":{"line":161,"column":11}},"type":"binary-expr","locations":[{"start":{"line":128,"column":10},"end":{"line":128,"column":53}},{"start":{"line":130,"column":12},"end":{"line":160,"column":18}}],"line":128},"4":{"loc":{"start":{"line":164,"column":10},"end":{"line":196,"column":11}},"type":"binary-expr","locations":[{"start":{"line":164,"column":10},"end":{"line":164,"column":50}},{"start":{"line":166,"column":12},"end":{"line":195,"column":18}}],"line":164},"5":{"loc":{"start":{"line":199,"column":10},"end":{"line":231,"column":11}},"type":"binary-expr","locations":[{"start":{"line":199,"column":10},"end":{"line":199,"column":51}},{"start":{"line":201,"column":12},"end":{"line":230,"column":18}}],"line":199}},"s":{"0":1,"1":1,"2":4,"3":1,"4":1},"f":{"0":1,"1":4,"2":1},"b":{"0":[1,1],"1":[1,0],"2":[1,0],"3":[1,1],"4":[1,1],"5":[1,1]},"_coverageSchema":"1a1c01bbd47fc00a2c39e90264f33305004495a9","hash":"b749ba2bce4993ca6110653223ea2779f48863ec"}
,"/Users/JohnFa 1/Desktop/Hack Reactor/FEC/project-catwalk/client/src/components/ratings&reviews/RatingBreakdown/RatingBreakdown.jsx": {"path":"/Users/JohnFa 1/Desktop/Hack Reactor/FEC/project-catwalk/client/src/components/ratings&reviews/RatingBreakdown/RatingBreakdown.jsx","statementMap":{"0":{"start":{"line":10,"column":4},"end":{"line":10,"column":17}},"1":{"start":{"line":14,"column":15},"end":{"line":14,"column":16}},"2":{"start":{"line":15,"column":16},"end":{"line":15,"column":17}},"3":{"start":{"line":16,"column":4},"end":{"line":19,"column":5}},"4":{"start":{"line":17,"column":6},"end":{"line":17,"column":55}},"5":{"start":{"line":18,"column":6},"end":{"line":18,"column":36}},"6":{"start":{"line":20,"column":19},"end":{"line":20,"column":31}},"7":{"start":{"line":21,"column":4},"end":{"line":23,"column":5}},"8":{"start":{"line":22,"column":6},"end":{"line":22,"column":15}},"9":{"start":{"line":24,"column":4},"end":{"line":24,"column":18}},"10":{"start":{"line":28,"column":18},"end":{"line":28,"column":54}},"11":{"start":{"line":29,"column":19},"end":{"line":29,"column":43}},"12":{"start":{"line":31,"column":4},"end":{"line":33,"column":5}},"13":{"start":{"line":32,"column":6},"end":{"line":32,"column":15}},"14":{"start":{"line":34,"column":4},"end":{"line":34,"column":35}},"15":{"start":{"line":38,"column":24},"end":{"line":38,"column":43}},"16":{"start":{"line":39,"column":28},"end":{"line":39,"column":47}},"17":{"start":{"line":41,"column":16},"end":{"line":41,"column":55}},"18":{"start":{"line":43,"column":4},"end":{"line":116,"column":6}},"19":{"start":{"line":88,"column":24},"end":{"line":88,"column":101}}},"fnMap":{"0":{"name":"(anonymous_0)","decl":{"start":{"line":9,"column":2},"end":{"line":9,"column":3}},"loc":{"start":{"line":9,"column":21},"end":{"line":11,"column":3}},"line":9},"1":{"name":"(anonymous_1)","decl":{"start":{"line":13,"column":2},"end":{"line":13,"column":3}},"loc":{"start":{"line":13,"column":21},"end":{"line":25,"column":3}},"line":13},"2":{"name":"(anonymous_2)","decl":{"start":{"line":27,"column":2},"end":{"line":27,"column":3}},"loc":{"start":{"line":27,"column":26},"end":{"line":35,"column":3}},"line":27},"3":{"name":"(anonymous_3)","decl":{"start":{"line":37,"column":2},"end":{"line":37,"column":3}},"loc":{"start":{"line":37,"column":11},"end":{"line":117,"column":3}},"line":37},"4":{"name":"(anonymous_4)","decl":{"start":{"line":87,"column":27},"end":{"line":87,"column":28}},"loc":{"start":{"line":88,"column":24},"end":{"line":88,"column":101}},"line":88}},"branchMap":{"0":{"loc":{"start":{"line":21,"column":4},"end":{"line":23,"column":5}},"type":"if","locations":[{"start":{"line":21,"column":4},"end":{"line":23,"column":5}},{"start":{"line":21,"column":4},"end":{"line":23,"column":5}}],"line":21},"1":{"loc":{"start":{"line":31,"column":4},"end":{"line":33,"column":5}},"type":"if","locations":[{"start":{"line":31,"column":4},"end":{"line":33,"column":5}},{"start":{"line":31,"column":4},"end":{"line":33,"column":5}}],"line":31},"2":{"loc":{"start":{"line":82,"column":14},"end":{"line":95,"column":15}},"type":"binary-expr","locations":[{"start":{"line":82,"column":14},"end":{"line":82,"column":44}},{"start":{"line":84,"column":16},"end":{"line":94,"column":22}}],"line":82}},"s":{"0":1,"1":2,"2":2,"3":2,"4":10,"5":10,"6":2,"7":2,"8":0,"9":2,"10":1,"11":1,"12":1,"13":0,"14":1,"15":1,"16":1,"17":1,"18":1,"19":0},"f":{"0":1,"1":2,"2":1,"3":1,"4":0},"b":{"0":[0,2],"1":[0,1],"2":[1,0]},"_coverageSchema":"1a1c01bbd47fc00a2c39e90264f33305004495a9","hash":"111540db83f4a81b6ccdfec226650ce94f322780"}
,"/Users/JohnFa 1/Desktop/Hack Reactor/FEC/project-catwalk/client/src/components/ratings&reviews/RatingBreakdown/RatingBreakdownEntry.jsx": {"path":"/Users/JohnFa 1/Desktop/Hack Reactor/FEC/project-catwalk/client/src/components/ratings&reviews/RatingBreakdown/RatingBreakdownEntry.jsx","statementMap":{"0":{"start":{"line":5,"column":4},"end":{"line":5,"column":17}},"1":{"start":{"line":6,"column":4},"end":{"line":8,"column":5}},"2":{"start":{"line":10,"column":4},"end":{"line":10,"column":51}},"3":{"start":{"line":14,"column":4},"end":{"line":16,"column":7}},"4":{"start":{"line":21,"column":4},"end":{"line":25,"column":5}},"5":{"start":{"line":22,"column":6},"end":{"line":22,"column":54}},"6":{"start":{"line":24,"column":6},"end":{"line":24,"column":20}},"7":{"start":{"line":27,"column":4},"end":{"line":50,"column":6}}},"fnMap":{"0":{"name":"(anonymous_0)","decl":{"start":{"line":4,"column":2},"end":{"line":4,"column":3}},"loc":{"start":{"line":4,"column":21},"end":{"line":11,"column":3}},"line":4},"1":{"name":"(anonymous_1)","decl":{"start":{"line":13,"column":2},"end":{"line":13,"column":3}},"loc":{"start":{"line":13,"column":16},"end":{"line":17,"column":3}},"line":13},"2":{"name":"(anonymous_2)","decl":{"start":{"line":19,"column":2},"end":{"line":19,"column":3}},"loc":{"start":{"line":19,"column":11},"end":{"line":51,"column":3}},"line":19}},"branchMap":{"0":{"loc":{"start":{"line":21,"column":4},"end":{"line":25,"column":5}},"type":"if","locations":[{"start":{"line":21,"column":4},"end":{"line":25,"column":5}},{"start":{"line":21,"column":4},"end":{"line":25,"column":5}}],"line":21}},"s":{"0":5,"1":5,"2":5,"3":0,"4":5,"5":0,"6":5,"7":5},"f":{"0":5,"1":0,"2":5},"b":{"0":[0,5]},"_coverageSchema":"1a1c01bbd47fc00a2c39e90264f33305004495a9","hash":"c83a43268a62f4e38624e2066b9afcc64f4c94d3"}
,"/Users/JohnFa 1/Desktop/Hack Reactor/FEC/project-catwalk/client/src/components/ratings&reviews/RatingBreakdown/RatingBreakdownList.jsx": {"path":"/Users/JohnFa 1/Desktop/Hack Reactor/FEC/project-catwalk/client/src/components/ratings&reviews/RatingBreakdown/RatingBreakdownList.jsx","statementMap":{"0":{"start":{"line":4,"column":19},"end":{"line":10,"column":1}},"1":{"start":{"line":5,"column":14},"end":{"line":5,"column":15}},"2":{"start":{"line":6,"column":2},"end":{"line":8,"column":3}},"3":{"start":{"line":7,"column":4},"end":{"line":7,"column":31}},"4":{"start":{"line":9,"column":2},"end":{"line":9,"column":15}},"5":{"start":{"line":13,"column":4},"end":{"line":13,"column":17}},"6":{"start":{"line":17,"column":18},"end":{"line":17,"column":43}},"7":{"start":{"line":18,"column":15},"end":{"line":18,"column":17}},"8":{"start":{"line":19,"column":14},"end":{"line":19,"column":44}},"9":{"start":{"line":21,"column":4},"end":{"line":42,"column":5}},"10":{"start":{"line":21,"column":17},"end":{"line":21,"column":18}},"11":{"start":{"line":22,"column":16},"end":{"line":22,"column":26}},"12":{"start":{"line":24,"column":6},"end":{"line":28,"column":7}},"13":{"start":{"line":25,"column":8},"end":{"line":25,"column":24}},"14":{"start":{"line":27,"column":8},"end":{"line":27,"column":46}},"15":{"start":{"line":30,"column":23},"end":{"line":30,"column":69}},"16":{"start":{"line":32,"column":6},"end":{"line":41,"column":7}},"17":{"start":{"line":43,"column":4},"end":{"line":47,"column":6}}},"fnMap":{"0":{"name":"(anonymous_0)","decl":{"start":{"line":4,"column":19},"end":{"line":4,"column":20}},"loc":{"start":{"line":4,"column":28},"end":{"line":10,"column":1}},"line":4},"1":{"name":"(anonymous_1)","decl":{"start":{"line":12,"column":2},"end":{"line":12,"column":3}},"loc":{"start":{"line":12,"column":21},"end":{"line":14,"column":3}},"line":12},"2":{"name":"(anonymous_2)","decl":{"start":{"line":16,"column":2},"end":{"line":16,"column":3}},"loc":{"start":{"line":16,"column":11},"end":{"line":48,"column":3}},"line":16}},"branchMap":{"0":{"loc":{"start":{"line":24,"column":6},"end":{"line":28,"column":7}},"type":"if","locations":[{"start":{"line":24,"column":6},"end":{"line":28,"column":7}},{"start":{"line":24,"column":6},"end":{"line":28,"column":7}}],"line":24}},"s":{"0":2,"1":1,"2":1,"3":5,"4":1,"5":1,"6":1,"7":1,"8":1,"9":1,"10":1,"11":5,"12":5,"13":0,"14":5,"15":5,"16":5,"17":1},"f":{"0":1,"1":1,"2":1},"b":{"0":[0,5]},"_coverageSchema":"1a1c01bbd47fc00a2c39e90264f33305004495a9","hash":"6ba9227f48f4e5601ddf7a64e614b5f37c92d45b"}
,"/Users/JohnFa 1/Desktop/Hack Reactor/FEC/project-catwalk/client/src/components/ratings&reviews/RatingBreakdown/StarFilterEntry.jsx": {"path":"/Users/JohnFa 1/Desktop/Hack Reactor/FEC/project-catwalk/client/src/components/ratings&reviews/RatingBreakdown/StarFilterEntry.jsx","statementMap":{"0":{"start":{"line":6,"column":4},"end":{"line":6,"column":17}},"1":{"start":{"line":7,"column":4},"end":{"line":7,"column":19}},"2":{"start":{"line":10,"column":4},"end":{"line":16,"column":6}}},"fnMap":{"0":{"name":"(anonymous_0)","decl":{"start":{"line":5,"column":2},"end":{"line":5,"column":3}},"loc":{"start":{"line":5,"column":21},"end":{"line":8,"column":3}},"line":5},"1":{"name":"(anonymous_1)","decl":{"start":{"line":9,"column":2},"end":{"line":9,"column":3}},"loc":{"start":{"line":9,"column":11},"end":{"line":17,"column":3}},"line":9}},"branchMap":{},"s":{"0":0,"1":0,"2":0},"f":{"0":0,"1":0},"b":{},"_coverageSchema":"1a1c01bbd47fc00a2c39e90264f33305004495a9","hash":"53217e0fb0764658d013894c19550c198e213018"}
,"/Users/JohnFa 1/Desktop/Hack Reactor/FEC/project-catwalk/client/src/components/ratings&reviews/ReviewList/PhotoEntry.jsx": {"path":"/Users/JohnFa 1/Desktop/Hack Reactor/FEC/project-catwalk/client/src/components/ratings&reviews/ReviewList/PhotoEntry.jsx","statementMap":{"0":{"start":{"line":6,"column":4},"end":{"line":6,"column":17}},"1":{"start":{"line":7,"column":4},"end":{"line":9,"column":6}},"2":{"start":{"line":13,"column":20},"end":{"line":13,"column":36}},"3":{"start":{"line":15,"column":4},"end":{"line":27,"column":6}},"4":{"start":{"line":20,"column":71},"end":{"line":20,"column":104}},"5":{"start":{"line":25,"column":56},"end":{"line":25,"column":88}}},"fnMap":{"0":{"name":"(anonymous_0)","decl":{"start":{"line":5,"column":2},"end":{"line":5,"column":3}},"loc":{"start":{"line":5,"column":21},"end":{"line":10,"column":3}},"line":5},"1":{"name":"(anonymous_1)","decl":{"start":{"line":12,"column":2},"end":{"line":12,"column":3}},"loc":{"start":{"line":12,"column":11},"end":{"line":28,"column":3}},"line":12},"2":{"name":"(anonymous_2)","decl":{"start":{"line":20,"column":63},"end":{"line":20,"column":64}},"loc":{"start":{"line":20,"column":69},"end":{"line":20,"column":106}},"line":20},"3":{"name":"(anonymous_3)","decl":{"start":{"line":25,"column":48},"end":{"line":25,"column":49}},"loc":{"start":{"line":25,"column":54},"end":{"line":25,"column":90}},"line":25}},"branchMap":{"0":{"loc":{"start":{"line":18,"column":10},"end":{"line":23,"column":11}},"type":"binary-expr","locations":[{"start":{"line":18,"column":10},"end":{"line":18,"column":36}},{"start":{"line":20,"column":12},"end":{"line":22,"column":18}}],"line":18}},"s":{"0":1,"1":1,"2":1,"3":1,"4":0,"5":0},"f":{"0":1,"1":1,"2":0,"3":0},"b":{"0":[1,0]},"_coverageSchema":"1a1c01bbd47fc00a2c39e90264f33305004495a9","hash":"cdf989e7a71d0eaf1ed37dde06d586845f0cfe1f"}
,"/Users/JohnFa 1/Desktop/Hack Reactor/FEC/project-catwalk/client/src/components/ratings&reviews/ReviewList/PhotoList.jsx": {"path":"/Users/JohnFa 1/Desktop/Hack Reactor/FEC/project-catwalk/client/src/components/ratings&reviews/ReviewList/PhotoList.jsx","statementMap":{"0":{"start":{"line":4,"column":21},"end":{"line":6,"column":1}},"1":{"start":{"line":10,"column":4},"end":{"line":10,"column":17}},"2":{"start":{"line":13,"column":4},"end":{"line":21,"column":6}},"3":{"start":{"line":17,"column":12},"end":{"line":17,"column":55}}},"fnMap":{"0":{"name":"(anonymous_0)","decl":{"start":{"line":9,"column":2},"end":{"line":9,"column":3}},"loc":{"start":{"line":9,"column":21},"end":{"line":11,"column":3}},"line":9},"1":{"name":"(anonymous_1)","decl":{"start":{"line":12,"column":2},"end":{"line":12,"column":3}},"loc":{"start":{"line":12,"column":11},"end":{"line":22,"column":3}},"line":12},"2":{"name":"(anonymous_2)","decl":{"start":{"line":16,"column":33},"end":{"line":16,"column":34}},"loc":{"start":{"line":17,"column":12},"end":{"line":17,"column":55}},"line":17}},"branchMap":{},"s":{"0":2,"1":1,"2":1,"3":1},"f":{"0":1,"1":1,"2":1},"b":{},"_coverageSchema":"1a1c01bbd47fc00a2c39e90264f33305004495a9","hash":"fff4d01d8574e271667b11e9507f1fcc21da190f"}
,"/Users/JohnFa 1/Desktop/Hack Reactor/FEC/project-catwalk/client/src/components/ratings&reviews/ReviewList/ReviewList.jsx": {"path":"/Users/JohnFa 1/Desktop/Hack Reactor/FEC/project-catwalk/client/src/components/ratings&reviews/ReviewList/ReviewList.jsx","statementMap":{"0":{"start":{"line":9,"column":4},"end":{"line":9,"column":17}},"1":{"start":{"line":13,"column":17},"end":{"line":13,"column":19}},"2":{"start":{"line":14,"column":26},"end":{"line":14,"column":85}},"3":{"start":{"line":16,"column":16},"end":{"line":16,"column":17}},"4":{"start":{"line":17,"column":4},"end":{"line":21,"column":6}},"5":{"start":{"line":18,"column":6},"end":{"line":20,"column":7}},"6":{"start":{"line":19,"column":8},"end":{"line":19,"column":125}},"7":{"start":{"line":22,"column":4},"end":{"line":24,"column":5}}},"fnMap":{"0":{"name":"(anonymous_0)","decl":{"start":{"line":8,"column":2},"end":{"line":8,"column":3}},"loc":{"start":{"line":8,"column":21},"end":{"line":10,"column":3}},"line":8},"1":{"name":"(anonymous_1)","decl":{"start":{"line":12,"column":2},"end":{"line":12,"column":3}},"loc":{"start":{"line":12,"column":11},"end":{"line":25,"column":3}},"line":12},"2":{"name":"(anonymous_2)","decl":{"start":{"line":17,"column":26},"end":{"line":17,"column":27}},"loc":{"start":{"line":17,"column":45},"end":{"line":21,"column":5}},"line":17}},"branchMap":{"0":{"loc":{"start":{"line":18,"column":6},"end":{"line":20,"column":7}},"type":"if","locations":[{"start":{"line":18,"column":6},"end":{"line":20,"column":7}},{"start":{"line":18,"column":6},"end":{"line":20,"column":7}}],"line":18},"1":{"loc":{"start":{"line":18,"column":10},"end":{"line":18,"column":93}},"type":"binary-expr","locations":[{"start":{"line":18,"column":10},"end":{"line":18,"column":42}},{"start":{"line":18,"column":46},"end":{"line":18,"column":93}}],"line":18}},"s":{"0":3,"1":2,"2":2,"3":2,"4":2,"5":2,"6":0,"7":0},"f":{"0":3,"1":2,"2":2},"b":{"0":[0,0],"1":[2,0]},"_coverageSchema":"1a1c01bbd47fc00a2c39e90264f33305004495a9","hash":"84b2579d0d71e75112d002cb89c9ab3bf3008696"}
,"/Users/JohnFa 1/Desktop/Hack Reactor/FEC/project-catwalk/client/src/components/ratings&reviews/ReviewList/ReviewListEntry.jsx": {"path":"/Users/JohnFa 1/Desktop/Hack Reactor/FEC/project-catwalk/client/src/components/ratings&reviews/ReviewList/ReviewListEntry.jsx","statementMap":{"0":{"start":{"line":10,"column":4},"end":{"line":10,"column":17}},"1":{"start":{"line":12,"column":4},"end":{"line":15,"column":5}},"2":{"start":{"line":16,"column":4},"end":{"line":16,"column":65}},"3":{"start":{"line":28,"column":4},"end":{"line":28,"column":91}},"4":{"start":{"line":33,"column":4},"end":{"line":35,"column":5}},"5":{"start":{"line":34,"column":6},"end":{"line":34,"column":51}},"6":{"start":{"line":37,"column":4},"end":{"line":120,"column":5}}},"fnMap":{"0":{"name":"(anonymous_0)","decl":{"start":{"line":9,"column":2},"end":{"line":9,"column":3}},"loc":{"start":{"line":9,"column":21},"end":{"line":17,"column":3}},"line":9},"1":{"name":"(anonymous_1)","decl":{"start":{"line":27,"column":2},"end":{"line":27,"column":3}},"loc":{"start":{"line":27,"column":24},"end":{"line":29,"column":3}},"line":27},"2":{"name":"(anonymous_2)","decl":{"start":{"line":31,"column":2},"end":{"line":31,"column":3}},"loc":{"start":{"line":31,"column":11},"end":{"line":121,"column":3}},"line":31}},"branchMap":{"0":{"loc":{"start":{"line":33,"column":4},"end":{"line":35,"column":5}},"type":"if","locations":[{"start":{"line":33,"column":4},"end":{"line":35,"column":5}},{"start":{"line":33,"column":4},"end":{"line":35,"column":5}}],"line":33},"1":{"loc":{"start":{"line":61,"column":10},"end":{"line":67,"column":18}},"type":"cond-expr","locations":[{"start":{"line":62,"column":12},"end":{"line":66,"column":18}},{"start":{"line":67,"column":14},"end":{"line":67,"column":18}}],"line":61},"2":{"loc":{"start":{"line":77,"column":10},"end":{"line":82,"column":26}},"type":"cond-expr","locations":[{"start":{"line":78,"column":13},"end":{"line":82,"column":18}},{"start":{"line":82,"column":22},"end":{"line":82,"column":26}}],"line":77},"3":{"loc":{"start":{"line":86,"column":10},"end":{"line":91,"column":26}},"type":"cond-expr","locations":[{"start":{"line":87,"column":13},"end":{"line":91,"column":18}},{"start":{"line":91,"column":22},"end":{"line":91,"column":26}}],"line":86},"4":{"loc":{"start":{"line":98,"column":14},"end":{"line":104,"column":22}},"type":"cond-expr","locations":[{"start":{"line":100,"column":18},"end":{"line":102,"column":24}},{"start":{"line":104,"column":18},"end":{"line":104,"column":22}}],"line":98}},"s":{"0":1,"1":1,"2":1,"3":0,"4":1,"5":1,"6":1},"f":{"0":1,"1":0,"2":1},"b":{"0":[1,0],"1":[1,0],"2":[1,0],"3":[1,0],"4":[1,0]},"_coverageSchema":"1a1c01bbd47fc00a2c39e90264f33305004495a9","hash":"ac06c563153a08de69053a525a623865056ac543"}
,"/Users/JohnFa 1/Desktop/Hack Reactor/FEC/project-catwalk/client/src/components/ratings&reviews/ReviewList/StarRatings.jsx": {"path":"/Users/JohnFa 1/Desktop/Hack Reactor/FEC/project-catwalk/client/src/components/ratings&reviews/ReviewList/StarRatings.jsx","statementMap":{"0":{"start":{"line":5,"column":2},"end":{"line":7,"column":8}},"1":{"start":{"line":11,"column":2},"end":{"line":17,"column":8}},"2":{"start":{"line":21,"column":2},"end":{"line":27,"column":8}},"3":{"start":{"line":31,"column":2},"end":{"line":37,"column":8}},"4":{"start":{"line":41,"column":2},"end":{"line":43,"column":8}},"5":{"start":{"line":46,"column":17},"end":{"line":70,"column":1}},"6":{"start":{"line":47,"column":16},"end":{"line":47,"column":18}},"7":{"start":{"line":48,"column":29},"end":{"line":48,"column":56}},"8":{"start":{"line":50,"column":2},"end":{"line":52,"column":3}},"9":{"start":{"line":50,"column":15},"end":{"line":50,"column":16}},"10":{"start":{"line":51,"column":4},"end":{"line":51,"column":26}},"11":{"start":{"line":54,"column":2},"end":{"line":63,"column":3}},"12":{"start":{"line":55,"column":18},"end":{"line":55,"column":41}},"13":{"start":{"line":56,"column":4},"end":{"line":62,"column":5}},"14":{"start":{"line":57,"column":6},"end":{"line":57,"column":30}},"15":{"start":{"line":58,"column":11},"end":{"line":62,"column":5}},"16":{"start":{"line":59,"column":6},"end":{"line":59,"column":27}},"17":{"start":{"line":61,"column":6},"end":{"line":61,"column":35}},"18":{"start":{"line":65,"column":2},"end":{"line":67,"column":3}},"19":{"start":{"line":65,"column":15},"end":{"line":65,"column":28}},"20":{"start":{"line":66,"column":4},"end":{"line":66,"column":26}},"21":{"start":{"line":69,"column":2},"end":{"line":69,"column":15}},"22":{"start":{"line":72,"column":19},"end":{"line":77,"column":1}},"23":{"start":{"line":74,"column":2},"end":{"line":76,"column":8}},"24":{"start":{"line":75,"column":36},"end":{"line":75,"column":91}}},"fnMap":{"0":{"name":"(anonymous_0)","decl":{"start":{"line":46,"column":17},"end":{"line":46,"column":18}},"loc":{"start":{"line":46,"column":28},"end":{"line":70,"column":1}},"line":46},"1":{"name":"(anonymous_1)","decl":{"start":{"line":72,"column":19},"end":{"line":72,"column":20}},"loc":{"start":{"line":74,"column":2},"end":{"line":76,"column":8}},"line":74},"2":{"name":"(anonymous_2)","decl":{"start":{"line":75,"column":26},"end":{"line":75,"column":27}},"loc":{"start":{"line":75,"column":36},"end":{"line":75,"column":91}},"line":75}},"branchMap":{"0":{"loc":{"start":{"line":54,"column":2},"end":{"line":63,"column":3}},"type":"if","locations":[{"start":{"line":54,"column":2},"end":{"line":63,"column":3}},{"start":{"line":54,"column":2},"end":{"line":63,"column":3}}],"line":54},"1":{"loc":{"start":{"line":56,"column":4},"end":{"line":62,"column":5}},"type":"if","locations":[{"start":{"line":56,"column":4},"end":{"line":62,"column":5}},{"start":{"line":56,"column":4},"end":{"line":62,"column":5}}],"line":56},"2":{"loc":{"start":{"line":58,"column":11},"end":{"line":62,"column":5}},"type":"if","locations":[{"start":{"line":58,"column":11},"end":{"line":62,"column":5}},{"start":{"line":58,"column":11},"end":{"line":62,"column":5}}],"line":58},"3":{"loc":{"start":{"line":58,"column":15},"end":{"line":58,"column":44}},"type":"binary-expr","locations":[{"start":{"line":58,"column":15},"end":{"line":58,"column":28}},{"start":{"line":58,"column":32},"end":{"line":58,"column":44}}],"line":58},"4":{"loc":{"start":{"line":65,"column":35},"end":{"line":65,"column":52}},"type":"cond-expr","locations":[{"start":{"line":65,"column":47},"end":{"line":65,"column":48}},{"start":{"line":65,"column":51},"end":{"line":65,"column":52}}],"line":65}},"s":{"0":2,"1":2,"2":2,"3":2,"4":2,"5":2,"6"
[...]
olumn":38}},"35":{"start":{"line":165,"column":22},"end":{"line":165,"column":39}},"36":{"start":{"line":166,"column":23},"end":{"line":166,"column":40}},"37":{"start":{"line":167,"column":32},"end":{"line":167,"column":49}},"38":{"start":{"line":179,"column":4},"end":{"line":179,"column":23}},"39":{"start":{"line":180,"column":23},"end":{"line":180,"column":25}},"40":{"start":{"line":182,"column":4},"end":{"line":184,"column":5}},"41":{"start":{"line":183,"column":6},"end":{"line":183,"column":68}},"42":{"start":{"line":186,"column":4},"end":{"line":188,"column":5}},"43":{"start":{"line":187,"column":6},"end":{"line":187,"column":72}},"44":{"start":{"line":191,"column":4},"end":{"line":193,"column":5}},"45":{"start":{"line":192,"column":6},"end":{"line":192,"column":73}},"46":{"start":{"line":195,"column":4},"end":{"line":197,"column":5}},"47":{"start":{"line":196,"column":6},"end":{"line":196,"column":71}},"48":{"start":{"line":201,"column":4},"end":{"line":203,"column":5}},"49":{"start":{"line":202,"column":6},"end":{"line":202,"column":85}},"50":{"start":{"line":205,"column":26},"end":{"line":205,"column":177}},"51":{"start":{"line":206,"column":19},"end":{"line":206,"column":66}},"52":{"start":{"line":208,"column":4},"end":{"line":210,"column":5}},"53":{"start":{"line":209,"column":6},"end":{"line":209,"column":60}},"54":{"start":{"line":213,"column":4},"end":{"line":216,"column":5}},"55":{"start":{"line":214,"column":6},"end":{"line":214,"column":63}},"56":{"start":{"line":215,"column":6},"end":{"line":215,"column":13}},"57":{"start":{"line":230,"column":4},"end":{"line":230,"column":40}},"58":{"start":{"line":231,"column":4},"end":{"line":231,"column":43}},"59":{"start":{"line":235,"column":18},"end":{"line":235,"column":54}},"60":{"start":{"line":236,"column":4},"end":{"line":236,"column":34}},"61":{"start":{"line":238,"column":25},"end":{"line":238,"column":40}},"62":{"start":{"line":239,"column":24},"end":{"line":239,"column":26}},"63":{"start":{"line":241,"column":4},"end":{"line":299,"column":5}},"64":{"start":{"line":242,"column":6},"end":{"line":245,"column":7}},"65":{"start":{"line":243,"column":8},"end":{"line":243,"column":41}},"66":{"start":{"line":244,"column":8},"end":{"line":244,"column":31}},"67":{"start":{"line":246,"column":6},"end":{"line":250,"column":9}},"68":{"start":{"line":251,"column":11},"end":{"line":299,"column":5}},"69":{"start":{"line":253,"column":6},"end":{"line":256,"column":7}},"70":{"start":{"line":254,"column":8},"end":{"line":254,"column":41}},"71":{"start":{"line":255,"column":8},"end":{"line":255,"column":31}},"72":{"start":{"line":258,"column":6},"end":{"line":262,"column":9}},"73":{"start":{"line":263,"column":11},"end":{"line":299,"column":5}},"74":{"start":{"line":265,"column":6},"end":{"line":268,"column":7}},"75":{"start":{"line":266,"column":8},"end":{"line":266,"column":41}},"76":{"start":{"line":267,"column":8},"end":{"line":267,"column":34}},"77":{"start":{"line":270,"column":6},"end":{"line":274,"column":9}},"78":{"start":{"line":275,"column":11},"end":{"line":299,"column":5}},"79":{"start":{"line":277,"column":6},"end":{"line":280,"column":7}},"80":{"start":{"line":278,"column":8},"end":{"line":278,"column":41}},"81":{"start":{"line":279,"column":8},"end":{"line":279,"column":31}},"82":{"start":{"line":282,"column":6},"end":{"line":286,"column":9}},"83":{"start":{"line":287,"column":11},"end":{"line":299,"column":5}},"84":{"start":{"line":289,"column":6},"end":{"line":292,"column":7}},"85":{"start":{"line":290,"column":8},"end":{"line":290,"column":41}},"86":{"start":{"line":291,"column":8},"end":{"line":291,"column":32}},"87":{"start":{"line":294,"column":6},"end":{"line":298,"column":9}},"88":{"start":{"line":317,"column":21},"end":{"line":317,"column":43}},"89":{"start":{"line":319,"column":4},"end":{"line":490,"column":5}},"90":{"start":{"line":350,"column":42},"end":{"line":350,"column":61}},"91":{"start":{"line":351,"column":37},"end":{"line":351,"column":60}},"92":{"start":{"line":354,"column":42},"end":{"line":354,"column":61}},"93":{"start":{"line":355,"column":37},"end":{"line":355,"column":60}},"94":{"start":{"line":360,"column":42},"end":{"line":360,"column":61}},"95":{"start":{"line":361,"column":37},"end":{"line":361,"column":60}},"96":{"start":{"line":364,"column":42},"end":{"line":364,"column":61}},"97":{"start":{"line":365,"column":37},"end":{"line":365,"column":60}},"98":{"start":{"line":370,"column":42},"end":{"line":370,"column":61}},"99":{"start":{"line":371,"column":37},"end":{"line":371,"column":60}},"100":{"start":{"line":374,"column":42},"end":{"line":374,"column":61}},"101":{"start":{"line":375,"column":37},"end":{"line":375,"column":60}},"102":{"start":{"line":380,"column":42},"end":{"line":380,"column":61}},"103":{"start":{"line":381,"column":37},"end":{"line":381,"column":60}},"104":{"start":{"line":384,"column":42},"end":{"line":384,"column":61}},"105":{"start":{"line":385,"column":37},"end":{"line":385,"column":60}},"106":{"start":{"line":390,"column":42},"end":{"line":390,"column":61}},"107":{"start":{"line":391,"column":37},"end":{"line":391,"column":60}},"108":{"start":{"line":394,"column":42},"end":{"line":394,"column":61}},"109":{"start":{"line":395,"column":37},"end":{"line":395,"column":60}},"110":{"start":{"line":486,"column":69},"end":{"line":486,"column":89}}},"fnMap":{"0":{"name":"(anonymous_0)","decl":{"start":{"line":6,"column":2},"end":{"line":6,"column":3}},"loc":{"start":{"line":6,"column":21},"end":{"line":49,"column":3}},"line":6},"1":{"name":"(anonymous_1)","decl":{"start":{"line":52,"column":2},"end":{"line":52,"column":3}},"loc":{"start":{"line":52,"column":23},"end":{"line":63,"column":3}},"line":52},"2":{"name":"(anonymous_2)","decl":{"start":{"line":67,"column":2},"end":{"line":67,"column":3}},"loc":{"start":{"line":67,"column":37},"end":{"line":112,"column":3}},"line":67},"3":{"name":"(anonymous_3)","decl":{"start":{"line":114,"column":2},"end":{"line":114,"column":3}},"loc":{"start":{"line":114,"column":21},"end":{"line":125,"column":3}},"line":114},"4":{"name":"(anonymous_4)","decl":{"start":{"line":127,"column":2},"end":{"line":127,"column":3}},"loc":{"start":{"line":127,"column":26},"end":{"line":145,"column":3}},"line":127},"5":{"name":"(anonymous_5)","decl":{"start":{"line":148,"column":2},"end":{"line":148,"column":3}},"loc":{"start":{"line":148,"column":17},"end":{"line":157,"column":3}},"line":148},"6":{"name":"(anonymous_6)","decl":{"start":{"line":159,"column":2},"end":{"line":159,"column":3}},"loc":{"start":{"line":159,"column":18},"end":{"line":232,"column":3}},"line":159},"7":{"name":"(anonymous_7)","decl":{"start":{"line":234,"column":2},"end":{"line":234,"column":3}},"loc":{"start":{"line":234,"column":25},"end":{"line":300,"column":3}},"line":234},"8":{"name":"(anonymous_8)","decl":{"start":{"line":302,"column":2},"end":{"line":302,"column":3}},"loc":{"start":{"line":302,"column":21},"end":{"line":314,"column":3}},"line":302},"9":{"name":"(anonymous_9)","decl":{"start":{"line":316,"column":2},"end":{"line":316,"column":3}},"loc":{"start":{"line":316,"column":11},"end":{"line":491,"column":3}},"line":316},"10":{"name":"(anonymous_10)","decl":{"start":{"line":350,"column":34},"end":{"line":350,"column":35}},"loc":{"start":{"line":350,"column":40},"end":{"line":350,"column":63}},"line":350},"11":{"name":"(anonymous_11)","decl":{"start":{"line":351,"column":29},"end":{"line":351,"column":30}},"loc":{"start":{"line":351,"column":35},"end":{"line":351,"column":62}},"line":351},"12":{"name":"(anonymous_12)","decl":{"start":{"line":354,"column":34},"end":{"line":354,"column":35}},"loc":{"start":{"line":354,"column":40},"end":{"line":354,"column":63}},"line":354},"13":{"name":"(anonymous_13)","decl":{"start":{"line":355,"column":29},"end":{"line":355,"column":30}},"loc":{"start":{"line":355,"column":35},"end":{"line":355,"column":62}},"line":355},"14":{"name":"(anonymous_14)","decl":{"start":{"line":360,"column":34},"end":{"line":360,"column":35}},"loc":{"start":{"line":360,"column":40},"end":{"line":360,"column":63}},"line":360},"15":{"name":"(anonymous_15)","decl":{"start":{"line":361,"column":29},"end":{"line":361,"column":30}},"loc":{"start":{"line":361,"column":35},"end":{"line":361,"column":62}},"line":361},"16":{"name":"(anonymous_16)","decl":{"start":{"line":364,"column":34},"end":{"line":364,"column":35}},"loc":{"start":{"line":364,"column":40},"end":{"line":364,"column":63}},"line":364},"17":{"name":"(anonymous_17)","decl":{"start":{"line":365,"column":29},"end":{"line":365,"column":30}},"loc":{"start":{"line":365,"column":35},"end":{"line":365,"column":62}},"line":365},"18":{"name":"(anonymous_18)","decl":{"start":{"line":370,"column":34},"end":{"line":370,"column":35}},"loc":{"start":{"line":370,"column":40},"end":{"line":370,"column":63}},"line":370},"19":{"name":"(anonymous_19)","decl":{"start":{"line":371,"column":29},"end":{"line":371,"column":30}},"loc":{"start":{"line":371,"column":35},"end":{"line":371,"column":62}},"line":371},"20":{"name":"(anonymous_20)","decl":{"start":{"line":374,"column":34},"end":{"line":374,"column":35}},"loc":{"start":{"line":374,"column":40},"end":{"line":374,"column":63}},"line":374},"21":{"name":"(anonymous_21)","decl":{"start":{"line":375,"column":29},"end":{"line":375,"column":30}},"loc":{"start":{"line":375,"column":35},"end":{"line":375,"column":62}},"line":375},"22":{"name":"(anonymous_22)","decl":{"start":{"line":380,"column":34},"end":{"line":380,"column":35}},"loc":{"start":{"line":380,"column":40},"end":{"line":380,"column":63}},"line":380},"23":{"name":"(anonymous_23)","decl":{"start":{"line":381,"column":29},"end":{"line":381,"column":30}},"loc":{"start":{"line":381,"column":35},"end":{"line":381,"column":62}},"line":381},"24":{"name":"(anonymous_24)","decl":{"start":{"line":384,"column":34},"end":{"line":384,"column":35}},"loc":{"start":{"line":384,"column":40},"end":{"line":384,"column":63}},"line":384},"25":{"name":"(anonymous_25)","decl":{"start":{"line":385,"column":29},"end":{"line":385,"column":30}},"loc":{"start":{"line":385,"column":35},"end":{"line":385,"column":62}},"line":385},"26":{"name":"(anonymous_26)","decl":{"start":{"line":390,"column":34},"end":{"line":390,"column":35}},"loc":{"start":{"line":390,"column":40},"end":{"line":390,"column":63}},"line":390},"27":{"name":"(anonymous_27)","decl":{"start":{"line":391,"column":29},"end":{"line":391,"column":30}},"loc":{"start":{"line":391,"column":35},"end":{"line":391,"column":62}},"line":391},"28":{"name":"(anonymous_28)","decl":{"start":{"line":394,"column":34},"end":{"line":394,"column":35}},"loc":{"start":{"line":394,"column":40},"end":{"line":394,"column":63}},"line":394},"29":{"name":"(anonymous_29)","decl":{"start":{"line":395,"column":29},"end":{"line":395,"column":30}},"loc":{"start":{"line":395,"column":35},"end":{"line":395,"column":62}},"line":395},"30":{"name":"(anonymous_30)","decl":{"start":{"line":486,"column":60},"end":{"line":486,"column":61}},"loc":{"start":{"line":486,"column":67},"end":{"line":486,"column":91}},"line":486}},"branchMap":{"0":{"loc":{"start":{"line":129,"column":4},"end":{"line":133,"column":5}},"type":"if","locations":[{"start":{"line":129,"column":4},"end":{"line":133,"column":5}},{"start":{"line":129,"column":4},"end":{"line":133,"column":5}}],"line":129},"1":{"loc":{"start":{"line":150,"column":4},"end":{"line":152,"column":5}},"type":"if","locations":[{"start":{"line":150,"column":4},"end":{"line":152,"column":5}},{"start":{"line":150,"column":4},"end":{"line":152,"column":5}}],"line":150},"2":{"loc":{"start":{"line":154,"column":4},"end":{"line":156,"column":5}},"type":"if","locations":[{"start":{"line":154,"column":4},"end":{"line":156,"column":5}},{"start":{"line":154,"column":4},"end":{"line":156,"column":5}}],"line":154},"3":{"loc":{"start":{"line":182,"column":4},"end":{"line":184,"column":5}},"type":"if","locations":[{"start":{"line":182,"column":4},"end":{"line":184,"column":5}},{"start":{"line":182,"column":4},"end":{"line":184,"column":5}}],"line":182},"4":{"loc":{"start":{"line":186,"column":4},"end":{"line":188,"column":5}},"type":"if","locations":[{"start":{"line":186,"column":4},"end":{"line":188,"column":5}},{"start":{"line":186,"column":4},"end":{"line":188,"column":5}}],"line":186},"5":{"loc":{"start":{"line":191,"column":4},"end":{"line":193,"column":5}},"type":"if","locations":[{"start":{"line":191,"column":4},"end":{"line":193,"column":5}},{"start":{"line":191,"column":4},"end":{"line":193,"column":5}}],"line":191},"6":{"loc":{"start":{"line":195,"column":4},"end":{"line":197,"column":5}},"type":"if","locations":[{"start":{"line":195,"column":4},"end":{"line":197,"column":5}},{"start":{"line":195,"column":4},"end":{"line":197,"column":5}}],"line":195},"7":{"loc":{"start":{"line":195,"column":8},"end":{"line":195,"column":46}},"type":"binary-expr","locations":[{"start":{"line":195,"column":8},"end":{"line":195,"column":26}},{"start":{"line":195,"column":30},"end":{"line":195,"column":46}}],"line":195},"8":{"loc":{"start":{"line":201,"column":4},"end":{"line":203,"column":5}},"type":"if","locations":[{"start":{"line":201,"column":4},"end":{"line":203,"column":5}},{"start":{"line":201,"column":4},"end":{"line":203,"column":5}}],"line":201},"9":{"loc":{"start":{"line":201,"column":8},"end":{"line":201,"column":45}},"type":"binary-expr","locations":[{"start":{"line":201,"column":8},"end":{"line":201,"column":24}},{"start":{"line":201,"column":28},"end":{"line":201,"column":45}}],"line":201},"10":{"loc":{"start":{"line":208,"column":4},"end":{"line":210,"column":5}},"type":"if","locations":[{"start":{"line":208,"column":4},"end":{"line":210,"column":5}},{"start":{"line":208,"column":4},"end":{"line":210,"column":5}}],"line":208},"11":{"loc":{"start":{"line":208,"column":8},"end":{"line":208,"column":67}},"type":"binary-expr","locations":[{"start":{"line":208,"column":8},"end":{"line":208,"column":24}},{"start":{"line":208,"column":28},"end":{"line":208,"column":45}},{"start":{"line":208,"column":49},"end":{"line":208,"column":67}}],"line":208},"12":{"loc":{"start":{"line":213,"column":4},"end":{"line":216,"column":5}},"type":"if","locations":[{"start":{"line":213,"column":4},"end":{"line":216,"column":5}},{"start":{"line":213,"column":4},"end":{"line":216,"column":5}}],"line":213},"13":{"loc":{"start":{"line":241,"column":4},"end":{"line":299,"column":5}},"type":"if","locations":[{"start":{"line":241,"column":4},"end":{"line":299,"column":5}},{"start":{"line":241,"column":4},"end":{"line":299,"column":5}}],"line":241},"14":{"loc":{"start":{"line":242,"column":6},"end":{"line":245,"column":7}},"type":"if","locations":[{"start":{"line":242,"column":6},"end":{"line":245,"column":7}},{"start":{"line":242,"column":6},"end":{"line":245,"column":7}}],"line":242},"15":{"loc":{"start":{"line":251,"column":11},"end":{"line":299,"column":5}},"type":"if","locations":[{"start":{"line":251,"column":11},"end":{"line":299,"column":5}},{"start":{"line":251,"column":11},"end":{"line":299,"column":5}}],"line":251},"16":{"loc":{"start":{"line":253,"column":6},"end":{"line":256,"column":7}},"type":"if","locations":[{"start":{"line":253,"column":6},"end":{"line":256,"column":7}},{"start":{"line":253,"column":6},"end":{"line":256,"column":7}}],"line":253},"17":{"loc":{"start":{"line":263,"column":11},"end":{"line":299,"column":5}},"type":"if","locations":[{"start":{"line":263,"column":11},"end":{"line":299,"column":5}},{"start":{"line":263,"column":11},"end":{"line":299,"column":5}}],"line":263},"18":{"loc":{"start":{"line":265,"column":6},"end":{"line":268,"column":7}},"type":"if","locations":[{"start":{"line":265,"column":6},"end":{"line":268,"column":7}},{"start":{"line":265,"column":6},"end":{"line":268,"column":7}}],"line":265},"19":{"loc":{"start":{"line":275,"column":11},"end":{"line":299,"column":5}},"type":"if","locations":[{"start":{"line":275,"column":11},"end":{"line":299,"column":5}},{"start":{"line":275,"column":11},"end":{"line":299,"column":5}}],"line":275},"20":{"loc":{"start":{"line":277,"column":6},"end":{"line":280,"column":7}},"type":"if","locations":[{"start":{"line":277,"column":6},"end":{"line":280,"column":7}},{"start":{"line":277,"column":6},"end":{"line":280,"column":7}}],"line":277},"21":{"loc":{"start":{"line":287,"column":11},"end":{"line":299,"column":5}},"type":"if","locations":[{"start":{"line":287,"column":11},"end":{"line":299,"column":5}},{"start":{"line":287,"column":11},"end":{"line":299,"column":5}}],"line":287},"22":{"loc":{"start":{"line":289,"column":6},"end":{"line":292,"column":7}},"type":"if","locations":[{"start":{"line":289,"column":6},"end":{"line":292,"column":7}},{"start":{"line":289,"column":6},"end":{"line":292,"column":7}}],"line":289},"23":{"loc":{"start":{"line":348,"column":16},"end":{"line":355,"column":66}},"type":"cond-expr","locations":[{"start":{"line":349,"column":20},"end":{"line":351,"column":66}},{"start":{"line":353,"column":18},"end":{"line":355,"column":66}}],"line":348},"24":{"loc":{"start":{"line":358,"column":16},"end":{"line":365,"column":66}},"type":"cond-expr","locations":[{"start":{"line":359,"column":20},"end":{"line":361,"column":66}},{"start":{"line":363,"column":18},"end":{"line":365,"column":66}}],"line":358},"25":{"loc":{"start":{"line":368,"column":16},"end":{"line":375,"column":66}},"type":"cond-expr","locations":[{"start":{"line":369,"column":20},"end":{"line":371,"column":66}},{"start":{"line":373,"column":18},"end":{"line":375,"column":66}}],"line":368},"26":{"loc":{"start":{"line":378,"column":16},"end":{"line":385,"column":66}},"type":"cond-expr","locations":[{"start":{"line":379,"column":20},"end":{"line":381,"column":66}},{"start":{"line":383,"column":18},"end":{"line":385,"column":66}}],"line":378},"27":{"loc":{"start":{"line":388,"column":16},"end":{"line":395,"column":66}},"type":"cond-expr","locations":[{"start":{"line":389,"column":20},"end":{"line":391,"column":66}},{"start":{"line":393,"column":18},"end":{"line":395,"column":66}}],"line":388}},"s":{"0":3,"1":2,"2":2,"3":2,"4":2,"5":2,"6":2,"7":2,"8":2,"9":0,"10":0,"11":0,"12":0,"13":0,"14":0,"15":0,"16":0,"17":0,"18":0,"19":0,"20":0,"21":0,"22":0,"23":0,"24":0,"25":0,"26":0,"27":0,"28":0,"29":0,"30":0,"31":0,"32":0,"33":0,"34":0,"35":0,"36":0,"37":0,"38":0,"39":0,"40":0,"41":0,"42":0,"43":0,"44":0,"45":0,"46":0,"47":0,"48":0,"49":0,"50":0,"51":0,"52":0,"53":0,"54":0,"55":0,"56":0,"57":0,"58":0,"59":0,"60":0,"61":0,"62":0,"63":0,"64":0,"65":0,"66":0,"67":0,"68":0,"69":0,"70":0,"71":0,"72":0,"73":0,"74":0,"75":0,"76":0,"77":0,"78":0,"79":0,"80":0,"81":0,"82":0,"83":0,"84":0,"85":0,"86":0,"87":0,"88":2,"89":0,"90":0,"91":0,"92":0,"93":0,"94":0,"95":0,"96":0,"97":0,"98":0,"99":0,"100":0,"101":0,"102":0,"103":0,"104":0,"105":0,"106":0,"107":0,"108":0,"109":0,"110":0},"f":{"0":3,"1":0,"2":0,"3":0,"4":0,"5":0,"6":0,"7":0,"8":0,"9":2,"10":0,"11":0,"12":0,"13":0,"14":0,"15":0,"16":0,"17":0,"18":0,"19":0,"20":0,"21":0,"22":0,"23":0,"24":0,"25":0,"26":0,"27":0,"28":0,"29":0,"30":0},"b":{"0":[0,0],"1":[0,0],"2":[0,0],"3":[0,0],"4":[0,0],"5":[0,0],"6":[0,0],"7":[0,0],"8":[0,0],"9":[0,0],"10":[0,0],"11":[0,0,0],"12":[0,0],"13":[0,0],"14":[0,0],"15":[0,0],"16":[0,0],"17":[0,0],"18":[0,0],"19":[0,0],"20":[0,0],"21":[0,0],"22":[0,0],"23":[0,0],"24":[0,0],"25":[0,0],"26":[0,0],"27":[0,0]},"_coverageSchema":"1a1c01bbd47fc00a2c39e90264f33305004495a9","hash":"4eaa8428c46bd0a450bf05cf5625ce7ab10c39b6"}
,"/Users/JohnFa 1/Desktop/Hack Reactor/FEC/project-catwalk/client/src/components/ratings&reviews/WriteReview/characteristicOptions.js": {"path":"/Users/JohnFa 1/Desktop/Hack Reactor/FEC/project-catwalk/client/src/components/ratings&reviews/WriteReview/characteristicOptions.js","statementMap":{"0":{"start":{"line":1,"column":16},"end":{"line":49,"column":1}}},"fnMap":{},"branchMap":{},"s":{"0":2},"f":{},"b":{},"_coverageSchema":"1a1c01bbd47fc00a2c39e90264f33305004495a9","hash":"481ff876d6259c3e508fc79ed70cd23309e140f6"}
}
