TN:
SF:client/src/components/App.jsx
FN:11,(anonymous_0)
FN:26,(anonymous_1)
FN:34,(anonymous_2)
FN:42,(anonymous_3)
FN:44,(anonymous_4)
FN:47,(anonymous_5)
FN:52,(anonymous_6)
FN:54,(anonymous_7)
FN:63,(anonymous_8)
FN:68,(anonymous_9)
FN:77,(anonymous_10)
FN:79,(anonymous_11)
FN:85,(anonymous_12)
FN:91,(anonymous_13)
FN:94,(anonymous_14)
FN:100,(anonymous_15)
FN:105,(anonymous_16)
FNF:17
FNH:7
FNDA:3,(anonymous_0)
FNDA:3,(anonymous_1)
FNDA:0,(anonymous_2)
FNDA:3,(anonymous_3)
FNDA:0,(anonymous_4)
FNDA:0,(anonymous_5)
FNDA:3,(anonymous_6)
FNDA:0,(anonymous_7)
FNDA:0,(anonymous_8)
FNDA:0,(anonymous_9)
FNDA:3,(anonymous_10)
FNDA:0,(anonymous_11)
FNDA:0,(anonymous_12)
FNDA:3,(anonymous_13)
FNDA:0,(anonymous_14)
FNDA:0,(anonymous_15)
FNDA:3,(anonymous_16)
DA:8,2
DA:12,3
DA:13,3
DA:23,3
DA:27,3
DA:28,3
DA:29,3
DA:30,3
DA:31,3
DA:34,3
DA:35,0
DA:42,3
DA:43,3
DA:45,0
DA:48,0
DA:53,3
DA:56,0
DA:64,0
DA:69,0
DA:72,0
DA:77,3
DA:78,3
DA:81,0
DA:86,0
DA:92,3
DA:93,3
DA:95,0
DA:101,0
DA:106,3
DA:107,3
LF:30
LH:19
BRDA:42,0,0,3
BRDA:118,1,0,3
BRDA:118,1,1,0
BRF:3
BRH:2
end_of_record
TN:
SF:client/src/components/Q&A/AddQuestion.jsx
FN:3,(anonymous_0)
FN:11,(anonymous_1)
FN:32,(anonymous_2)
FN:33,(anonymous_3)
FN:37,(anonymous_4)
FNF:5
FNH:0
FNDA:0,(anonymous_0)
FNDA:0,(anonymous_1)
FNDA:0,(anonymous_2)
FNDA:0,(anonymous_3)
FNDA:0,(anonymous_4)
DA:3,2
DA:4,0
DA:5,0
DA:6,0
DA:7,0
DA:9,0
DA:11,0
DA:12,0
DA:13,0
DA:14,0
DA:15,0
DA:17,0
DA:18,0
DA:19,0
DA:21,0
DA:22,0
DA:23,0
DA:25,0
DA:28,0
DA:32,0
DA:33,0
DA:37,0
LF:22
LH:1
BRDA:13,0,0,0
BRDA:13,0,1,0
BRDA:17,1,0,0
BRDA:17,1,1,0
BRDA:21,2,0,0
BRDA:21,2,1,0
BRF:6
BRH:0
end_of_record
TN:
SF:client/src/components/Q&A/Answer.jsx
FN:4,(anonymous_0)
FN:17,(anonymous_1)
FN:19,(anonymous_2)
FNF:3
FNH:0
FNDA:0,(anonymous_0)
FNDA:0,(anonymous_1)
FNDA:0,(anonymous_2)
DA:4,2
DA:5,0
DA:9,0
DA:11,0
DA:17,0
DA:19,0
LF:6
LH:1
BRDA:9,0,0,0
BRDA:9,0,1,0
BRF:2
BRH:0
end_of_record
TN:
SF:client/src/components/Q&A/Question.jsx
FN:4,(anonymous_0)
FN:12,(anonymous_1)
FN:26,(anonymous_2)
FN:26,(anonymous_3)
FN:35,(anonymous_4)
FN:42,(anonymous_5)
FNF:6
FNH:0
FNDA:0,(anonymous_0)
FNDA:0,(anonymous_1)
FNDA:0,(anonymous_2)
FNDA:0,(anonymous_3)
FNDA:0,(anonymous_4)
FNDA:0,(anonymous_5)
DA:4,2
DA:7,0
DA:9,0
DA:10,0
DA:12,0
DA:13,0
DA:14,0
DA:16,0
DA:19,0
DA:20,0
DA:22,0
DA:23,0
DA:26,0
DA:28,0
DA:29,0
DA:36,0
DA:37,0
DA:43,0
LF:18
LH:1
BRDA:13,0,0,0
BRDA:13,0,1,0
BRDA:26,1,0,0
BRDA:26,1,1,0
BRDA:26,2,0,0
BRDA:26,2,1,0
BRF:6
BRH:0
end_of_record
TN:
SF:client/src/components/Q&A/QuestionList.jsx
FN:6,(anonymous_0)
FN:11,(anonymous_1)
FN:16,(anonymous_2)
FN:23,(anonymous_3)
FN:29,(anonymous_4)
FN:33,(anonymous_5)
FN:35,(anonymous_6)
FNF:7
FNH:1
FNDA:3,(anonymous_0)
FNDA:0,(anonymous_1)
FNDA:0,(anonymous_2)
FNDA:0,(anonymous_3)
FNDA:0,(anonymous_4)
FNDA:0,(anonymous_5)
FNDA:0,(anonymous_6)
DA:6,2
DA:7,3
DA:8,3
DA:9,3
DA:10,3
DA:11,0
DA:13,3
DA:17,0
DA:23,0
DA:29,0
DA:33,0
DA:35,0
LF:12
LH:6
BRDA:10,0,0,3
BRDA:10,0,1,0
BRDA:16,1,0,3
BRDA:16,1,1,0
BRDA:25,2,0,3
BRDA:25,2,1,0
BRF:6
BRH:3
end_of_record
TN:
SF:client/src/components/Q&A/QuestionsAndAnswers.jsx
FN:7,(anonymous_0)
FN:20,(anonymous_1)
FN:34,(anonymous_2)
FN:41,(anonymous_3)
FN:47,(anonymous_4)
FN:51,(anonymous_5)
FN:65,(anonymous_6)
FN:67,(anonymous_7)
FN:78,(anonymous_8)
FN:83,(anonymous_9)
FN:84,(anonymous_10)
FN:85,(anonymous_11)
FN:89,(anonymous_12)
FN:91,(anonymous_13)
FN:92,(anonymous_14)
FN:95,(anonymous_15)
FNF:16
FNH:4
FNDA:3,(anonymous_0)
FNDA:3,(anonymous_1)
FNDA:3,(anonymous_2)
FNDA:0,(anonymous_3)
FNDA:0,(anonymous_4)
FNDA:0,(anonymous_5)
FNDA:0,(anonymous_6)
FNDA:0,(anonymous_7)
FNDA:0,(anonymous_8)
FNDA:0,(anonymous_9)
FNDA:0,(anonymous_10)
FNDA:0,(anonymous_11)
FNDA:0,(anonymous_12)
FNDA:0,(anonymous_13)
FNDA:0,(anonymous_14)
FNDA:3,(anonymous_15)
DA:8,3
DA:10,3
DA:15,3
DA:16,3
DA:17,3
DA:20,3
DA:35,3
DA:36,3
DA:43,0
DA:47,0
DA:52,0
DA:66,0
DA:67,0
DA:68,0
DA:70,0
DA:79,0
DA:80,0
DA:82,0
DA:83,0
DA:84,0
DA:85,0
DA:90,0
DA:91,0
DA:92,0
DA:96,3
LF:25
LH:9
BRDA:66,0,0,0
BRDA:66,0,1,0
BRDA:79,1,0,0
BRDA:79,1,1,0
BRF:4
BRH:0
end_of_record
TN:
SF:client/src/components/Q&A/Search.jsx
FN:4,(anonymous_0)
FN:8,(anonymous_1)
FN:18,(anonymous_2)
FNF:3
FNH:1
FNDA:3,(anonymous_0)
FNDA:0,(anonymous_1)
FNDA:0,(anonymous_2)
DA:4,2
DA:5,3
DA:6,3
DA:8,3
DA:9,0
DA:11,0
DA:14,3
DA:18,0
LF:8
LH:5
BRF:0
BRH:0
end_of_record
TN:
SF:client/src/components/RelatedItems&OutfitCreation/OutfitCreations.jsx
FN:3,(anonymous_0)
FNF:1
FNH:1
FNDA:3,(anonymous_0)
DA:3,2
DA:4,3
LF:2
LH:2
BRF:0
BRH:0
end_of_record
TN:
SF:client/src/components/RelatedItems&OutfitCreation/ProductInformation.jsx
FN:5,(anonymous_0)
FNF:1
FNH:0
FNDA:0,(anonymous_0)
DA:5,2
DA:6,0
DA:7,0
DA:12,0
LF:4
LH:1
BRF:0
BRH:0
end_of_record
TN:
SF:client/src/components/RelatedItems&OutfitCreation/ProductPreviewImages.jsx
FN:4,(anonymous_0)
FN:13,(anonymous_1)
FNF:2
FNH:0
FNDA:0,(anonymous_0)
FNDA:0,(anonymous_1)
DA:4,2
DA:5,0
DA:6,0
DA:11,0
DA:14,0
DA:15,0
LF:6
LH:1
BRF:0
BRH:0
end_of_record
TN:
SF:client/src/components/RelatedItems&OutfitCreation/RelatedItems.jsx
FN:6,(anonymous_0)
FNF:1
FNH:1
FNDA:3,(anonymous_0)
DA:6,2
DA:7,3
DA:9,3
LF:3
LH:3
BRF:0
BRH:0
end_of_record
TN:
SF:client/src/components/RelatedItems&OutfitCreation/RelatedProductCards.jsx
FN:7,(anonymous_0)
FN:27,(anonymous_1)
FNF:2
FNH:1
FNDA:3,(anonymous_0)
FNDA:0,(anonymous_1)
DA:7,2
DA:8,3
DA:27,3
DA:28,0
DA:39,3
LF:5
LH:4
BRF:0
BRH:0
end_of_record
TN:
SF:client/src/components/helpers/_functions.js
FN:1,(anonymous_0)
FN:7,(anonymous_1)
FNF:2
FNH:0
FNDA:0,(anonymous_0)
FNDA:0,(anonymous_1)
DA:1,2
DA:7,2
DA:8,0
LF:3
LH:2
BRF:0
BRH:0
end_of_record
TN:
SF:client/src/components/product-details/AddToCart.jsx
FN:8,(anonymous_0)
FN:24,(anonymous_1)
FN:34,(anonymous_2)
FNF:3
FNH:0
FNDA:0,(anonymous_0)
FNDA:0,(anonymous_1)
FNDA:0,(anonymous_2)
DA:8,2
DA:9,0
DA:10,0
DA:11,0
DA:12,0
DA:16,0
DA:25,0
DA:35,0
LF:8
LH:1
BRDA:10,0,0,0
BRDA:10,0,1,0
BRDA:11,1,0,0
BRDA:11,1,1,0
BRDA:23,2,0,0
BRDA:23,2,1,0
BRDA:33,3,0,0
BRDA:33,3,1,0
BRDA:43,4,0,0
BRDA:43,4,1,0
BRDA:44,5,0,0
BRDA:44,5,1,0
BRF:12
BRH:0
end_of_record
TN:
SF:client/src/components/product-details/ImageGallery.jsx
FN:23,(anonymous_0)
FN:32,(anonymous_1)
FNF:2
FNH:0
FNDA:0,(anonymous_0)
FNDA:0,(anonymous_1)
DA:23,2
DA:24,0
DA:33,0
LF:3
LH:1
BRDA:25,0,0,0
BRDA:25,0,1,0
BRDA:31,1,0,0
BRDA:31,1,1,0
BRF:4
BRH:0
end_of_record
TN:
SF:client/src/components/product-details/ProductDetail.jsx
FN:11,(anonymous_0)
FN:24,(anonymous_1)
FN:26,(anonymous_2)
FN:31,(anonymous_3)
FN:36,(anonymous_4)
FN:38,(anonymous_5)
FN:42,(anonymous_6)
FN:47,(anonymous_7)
FN:60,(anonymous_8)
FN:70,(anonymous_9)
FN:77,(anonymous_10)
FN:82,(anonymous_11)
FN:95,(anonymous_12)
FNF:13
FNH:0
FNDA:0,(anonymous_0)
FNDA:0,(anonymous_1)
FNDA:0,(anonymous_2)
FNDA:0,(anonymous_3)
FNDA:0,(anonymous_4)
FNDA:0,(anonymous_5)
FNDA:0,(anonymous_6)
FNDA:0,(anonymous_7)
FNDA:0,(anonymous_8)
FNDA:0,(anonymous_9)
FNDA:0,(anonymous_10)
FNDA:0,(anonymous_11)
FNDA:0,(anonymous_12)
DA:12,0
DA:13,0
DA:25,0
DA:27,0
DA:32,0
DA:37,0
DA:40,0
DA:43,0
DA:48,0
DA:49,0
DA:50,0
DA:51,0
DA:53,0
DA:54,0
DA:55,0
DA:61,0
DA:62,0
DA:63,0
DA:66,0
DA:71,0
DA:72,0
DA:79,0
DA:96,0
LF:23
LH:0
BRF:0
BRH:0
end_of_record
TN:
SF:client/src/components/product-details/ProductInfo.jsx
FN:5,(anonymous_0)
FNF:1
FNH:0
FNDA:0,(anonymous_0)
DA:5,2
DA:6,0
LF:2
LH:1
BRF:0
BRH:0
end_of_record
TN:
SF:client/src/components/product-details/StyleSelector.jsx
FN:5,(anonymous_0)
FN:9,(anonymous_1)
FNF:2
FNH:0
FNDA:0,(anonymous_0)
FNDA:0,(anonymous_1)
DA:5,2
DA:6,0
DA:10,0
LF:3
LH:1
BRDA:8,0,0,0
BRDA:8,0,1,0
BRF:2
BRH:0
end_of_record
TN:
SF:client/src/components/product-details/data/dummy-data.js
FNF:0
FNH:0
DA:1,2
LF:1
LH:1
BRF:0
BRH:0
end_of_record
TN:
SF:client/src/components/ratings&reviews/RatingsAndReviews.jsx
FN:13,(anonymous_0)
FN:44,(anonymous_1)
FN:48,(anonymous_2)
FN:65,(anonymous_3)
FN:70,(anonymous_4)
FN:74,(anonymous_5)
FN:102,(anonymous_6)
FN:108,(anonymous_7)
FN:154,(anonymous_8)
FN:156,(anonymous_9)
FN:160,(anonymous_10)
FN:167,(anonymous_11)
FN:169,(anonymous_12)
FN:179,(anonymous_13)
FN:184,(anonymous_14)
FN:188,(anonymous_15)
FN:199,(anonymous_16)
FN:205,(anonymous_17)
FN:211,(anonymous_18)
FN:229,(anonymous_19)
FN:230,(anonymous_20)
FN:234,(anonymous_21)
FN:240,(anonymous_22)
FN:244,(anonymous_23)
FN:276,(anonymous_24)
FNF:25
FNH:0
FNDA:0,(anonymous_0)
FNDA:0,(anonymous_1)
FNDA:0,(anonymous_2)
FNDA:0,(anonymous_3)
FNDA:0,(anonymous_4)
FNDA:0,(anonymous_5)
FNDA:0,(anonymous_6)
FNDA:0,(anonymous_7)
FNDA:0,(anonymous_8)
FNDA:0,(anonymous_9)
FNDA:0,(anonymous_10)
FNDA:0,(anonymous_11)
FNDA:0,(anonymous_12)
FNDA:0,(anonymous_13)
FNDA:0,(anonymous_14)
FNDA:0,(anonymous_15)
FNDA:0,(anonymous_16)
FNDA:0,(anonymous_17)
FNDA:0,(anonymous_18)
FNDA:0,(anonymous_19)
FNDA:0,(anonymous_20)
FNDA:0,(anonymous_21)
FNDA:0,(anonymous_22)
FNDA:0,(anonymous_23)
FNDA:0,(anonymous_24)
DA:11,2
DA:14,0
DA:16,0
DA:29,0
DA:30,0
DA:31,0
DA:32,0
DA:33,0
DA:34,0
DA:35,0
DA:36,0
DA:37,0
DA:38,0
DA:39,0
DA:45,0
DA:46,0
DA:47,0
DA:49,0
DA:50,0
DA:54,0
DA:55,0
DA:56,0
DA:58,0
DA:66,0
DA:71,0
DA:72,0
DA:73,0
DA:75,0
DA:76,0
DA:81,0
DA:82,0
DA:83,0
DA:84,0
DA:85,0
DA:87,0
DA:88,0
DA:89,0
DA:90,0
DA:97,0
DA:103,0
DA:116,0
DA:155,0
DA:157,0
DA:161,0
DA:168,0
DA:170,0
DA:172,0
DA:173,0
DA:177,0
DA:180,0
DA:185,0
DA:189,0
DA:190,0
DA:196,0
DA:200,0
DA:206,0
DA:212,0
DA:213,0
DA:214,0
DA:215,0
DA:216,0
DA:217,0
DA:221,0
DA:222,0
DA:223,0
DA:230,0
DA:231,0
DA:235,0
DA:241,0
DA:245,0
DA:246,0
DA:276,0
LF:72
LH:1
BRDA:49,0,0,0
BRDA:49,0,1,0
BRDA:75,1,0,0
BRDA:75,1,1,0
BRDA:83,2,0,0
BRDA:83,2,1,0
BRDA:88,3,0,0
BRDA:88,3,1,0
BRDA:213,4,0,0
BRDA:213,4,1,0
BRDA:249,5,0,0
BRDA:249,5,1,0
BRDA:268,6,0,0
BRDA:268,6,1,0
BRDA:313,7,0,0
BRDA:313,7,1,0
BRDA:313,7,2,0
BRF:17
BRH:0
end_of_record
TN:
SF:client/src/components/ratings&reviews/ProductBreakdown/ProductBreakdown.jsx
FN:4,(anonymous_0)
FN:9,(anonymous_1)
FN:13,(anonymous_2)
FNF:3
FNH:3
FNDA:1,(anonymous_0)
FNDA:4,(anonymous_1)
FNDA:1,(anonymous_2)
DA:5,1
DA:6,1
DA:10,4
DA:14,1
DA:16,1
LF:5
LH:5
BRDA:19,0,0,1
BRDA:19,0,1,1
BRDA:57,1,0,1
BRDA:57,1,1,0
BRDA:92,2,0,1
BRDA:92,2,1,0
BRDA:128,3,0,1
BRDA:128,3,1,1
BRDA:164,4,0,1
BRDA:164,4,1,1
BRDA:199,5,0,1
BRDA:199,5,1,1
BRF:12
BRH:10
end_of_record
TN:
SF:client/src/components/ratings&reviews/RatingBreakdown/RatingBreakdown.jsx
FN:9,(anonymous_0)
FN:13,(anonymous_1)
FN:27,(anonymous_2)
FN:37,(anonymous_3)
FN:87,(anonymous_4)
FNF:5
FNH:4
FNDA:1,(anonymous_0)
FNDA:2,(anonymous_1)
FNDA:1,(anonymous_2)
FNDA:1,(anonymous_3)
FNDA:0,(anonymous_4)
DA:10,1
DA:14,2
DA:15,2
DA:16,2
DA:17,10
DA:18,10
DA:20,2
DA:21,2
DA:22,0
DA:24,2
DA:28,1
DA:29,1
DA:31,1
DA:32,0
DA:34,1
DA:38,1
DA:39,1
DA:41,1
DA:43,1
DA:88,0
LF:20
LH:17
BRDA:21,0,0,0
BRDA:21,0,1,2
BRDA:31,1,0,0
BRDA:31,1,1,1
BRDA:82,2,0,1
BRDA:82,2,1,0
BRF:6
BRH:3
end_of_record
TN:
SF:client/src/components/ratings&reviews/RatingBreakdown/RatingBreakdownEntry.jsx
FN:4,(anonymous_0)
FN:13,(anonymous_1)
FN:19,(anonymous_2)
FNF:3
FNH:2
FNDA:5,(anonymous_0)
FNDA:0,(anonymous_1)
FNDA:5,(anonymous_2)
DA:5,5
DA:6,5
DA:10,5
DA:14,0
DA:21,5
DA:22,0
DA:24,5
DA:27,5
LF:8
LH:6
BRDA:21,0,0,0
BRDA:21,0,1,5
BRF:2
BRH:1
end_of_record
TN:
SF:client/src/components/ratings&reviews/RatingBreakdown/RatingBreakdownList.jsx
FN:4,(anonymous_0)
FN:12,(anonymous_1)
FN:16,(anonymous_2)
FNF:3
FNH:3
FNDA:1,(anonymous_0)
FNDA:1,(anonymous_1)
FNDA:1,(anonymous_2)
DA:4,2
DA:5,1
DA:6,1
DA:7,5
DA:9,1
DA:13,1
DA:17,1
DA:18,1
DA:19,1
DA:21,1
DA:22,5
DA:24,5
DA:25,0
DA:27,5
DA:30,5
DA:32,5
DA:43,1
LF:17
LH:16
BRDA:24,0,0,0
BRDA:24,0,1,5
BRF:2
BRH:1
end_of_record
TN:
SF:client/src/components/ratings&reviews/RatingBreakdown/StarFilterEntry.jsx
FN:5,(anonymous_0)
FN:9,(anonymous_1)
FNF:2
FNH:0
FNDA:0,(anonymous_0)
FNDA:0,(anonymous_1)
DA:6,0
DA:7,0
DA:10,0
LF:3
LH:0
BRF:0
BRH:0
end_of_record
TN:
SF:client/src/components/ratings&reviews/ReviewList/PhotoEntry.jsx
FN:5,(anonymous_0)
FN:12,(anonymous_1)
FN:20,(anonymous_2)
FN:25,(anonymous_3)
FNF:4
FNH:2
FNDA:1,(anonymous_0)
FNDA:1,(anonymous_1)
FNDA:0,(anonymous_2)
FNDA:0,(anonymous_3)
DA:6,1
DA:7,1
DA:13,1
DA:15,1
DA:20,0
DA:25,0
LF:6
LH:4
BRDA:18,0,0,1
BRDA:18,0,1,0
BRF:2
BRH:1
end_of_record
TN:
SF:client/src/components/ratings&reviews/ReviewList/PhotoList.jsx
FN:9,(anonymous_0)
FN:12,(anonymous_1)
FN:16,(anonymous_2)
FNF:3
FNH:3
FNDA:1,(anonymous_0)
FNDA:1,(anonymous_1)
FNDA:1,(anonymous_2)
DA:4,2
DA:10,1
DA:13,1
DA:17,1
LF:4
LH:4
BRF:0
BRH:0
end_of_record
TN:
SF:client/src/components/ratings&reviews/ReviewList/ReviewList.jsx
FN:8,(anonymous_0)
FN:12,(anonymous_1)
FN:17,(anonymous_2)
FNF:3
FNH:3
FNDA:3,(anonymous_0)
FNDA:2,(anonymous_1)
FNDA:2,(anonymous_2)
DA:9,3
DA:13,2
DA:14,2
DA:16,2
DA:17,2
DA:18,2
DA:19,0
DA:22,0
LF:8
LH:6
BRDA:18,0,0,0
BRDA:18,0,1,0
BRDA:18,1,0,2
BRDA:18,1,1,0
BRF:4
BRH:1
end_of_record
TN:
SF:client/src/components/ratings&reviews/ReviewList/ReviewListEntry.jsx
FN:9,(anonymous_0)
FN:27,(anonymous_1)
FN:31,(anonymous_2)
FNF:3
FNH:2
FNDA:1,(anonymous_0)
FNDA:0,(anonymous_1)
FNDA:1,(anonymous_2)
DA:10,1
DA:12,1
DA:16,1
DA:28,0
DA:33,1
DA:34,1
DA:37,1
LF:7
LH:6
BRDA:33,0,0,1
BRDA:33,0,1,0
BRDA:61,1,0,1
BRDA:61,1,1,0
BRDA:77,2,0,1
BRDA:77,2,1,0
BRDA:86,3,0,1
BRDA:86,3,1,0
BRDA:98,4,0,1
BRDA:98,4,1,0
BRF:10
BRH:5
end_of_record
TN:
SF:client/src/components/ratings&reviews/ReviewList/StarRatings.jsx
FN:46,(anonymous_0)
FN:72,(anonymous_1)
FN:75,(anonymous_2)
FNF:3
FNH:3
FNDA:2,(anonymous_0)
FNDA:2,(anonymous_1)
FNDA:10,(anonymous_2)
DA:5,2
DA:11,2
DA:21,2
DA:31,2
DA:41,2
DA:46,2
DA:47,2
DA:48,2
DA:50,2
DA:51,7
DA:54,2
DA:55,0
DA:56,0
DA:57,0
DA:58,0
DA:59,0
DA:61,0
DA:65,2
DA:66,3
DA:69,2
DA:72,2
DA:74,2
DA:75,10
LF:23
LH:17
BRDA:54,0,0,0
BRDA:54,0,1,2
BRDA:56,1,0,0
BRDA:56,1,1,0
BRDA:58,2,0,0
BRDA:58,2,1,0
BRDA:58,3,0,0
BRDA:58,3,1,0
BRDA:65,4,0,0
BRDA:65,4,1,5
BRF:10
BRH:2
end_of_record
TN:
SF:client/src/components/ratings&reviews/SortOptions/SortOptions.jsx
FN:4,(anonymous_0)
FN:9,(anonymous_1)
FN:14,(anonymous_2)
FNF:3
FNH:3
FNDA:1,(anonymous_0)
FNDA:1,(anonymous_1)
FNDA:1,(anonymous_2)
DA:5,1
DA:6,1
DA:10,1
DA:11,1
DA:15,1
LF:5
LH:5
BRF:0
BRH:0
end_of_record
TN:
SF:client/src/components/ratings&reviews/WriteReview/CharacteristicsList.jsx
FN:6,(anonymous_0)
FN:10,(anonymous_1)
FN:14,(anonymous_2)
FNF:3
FNH:3
FNDA:1,(anonymous_0)
FNDA:1,(anonymous_1)
FNDA:4,(anonymous_2)
DA:7,1
DA:11,1
DA:13,1
DA:14,1
DA:15,4
DA:24,1
LF:6
LH:6
BRF:0
BRH:0
end_of_record
TN:
SF:client/src/components/ratings&reviews/WriteReview/CharacteristicsListEntry.jsx
FN:4,(anonymous_0)
FN:8,(anonymous_1)
FN:20,(anonymous_2)
FN:28,(anonymous_3)
FN:36,(anonymous_4)
FN:44,(anonymous_5)
FN:52,(anonymous_6)
FNF:7
FNH:2
FNDA:4,(anonymous_0)
FNDA:4,(anonymous_1)
FNDA:0,(anonymous_2)
FNDA:0,(anonymous_3)
FNDA:0,(anonymous_4)
FNDA:0,(anonymous_5)
FNDA:0,(anonymous_6)
DA:5,4
DA:9,4
DA:10,4
DA:20,0
DA:28,0
DA:36,0
DA:44,0
DA:52,0
LF:8
LH:3
BRF:0
BRH:0
end_of_record
TN:
SF:client/src/components/ratings&reviews/WriteReview/WriteReview.jsx
FN:6,(anonymous_0)
FN:52,(anonymous_1)
FN:67,(anonymous_2)
FN:114,(anonymous_3)
FN:127,(anonymous_4)
FN:148,(anonymous_5)
FN:159,(anonymous_6)
FN:234,(anonymous_7)
FN:302,(anonymous_8)
FN:316,(anonymous_9)
FN:350,(anonymous_10)
FN:351,(anonymous_11)
FN:354,(anonymous_12)
FN:355,(anonymous_13)
FN:360,(anonymous_14)
FN:361,(anonymous_15)
FN:364,(anonymous_16)
FN:365,(anonymous_17)
FN:370,(anonymous_18)
FN:371,(anonymous_19)
FN:374,(anonymous_20)
FN:375,(anonymous_21)
FN:380,(anonymous_22)
FN:381,(anonymous_23)
FN:384,(anonymous_24)
FN:385,(anonymous_25)
FN:390,(anonymous_26)
FN:391,(anonymous_27)
FN:394,(anonymous_28)
FN:395,(anonymous_29)
FN:486,(anonymous_30)
FNF:31
FNH:2
FNDA:3,(anonymous_0)
FNDA:0,(anonymous_1)
FNDA:0,(anonymous_2)
FNDA:0,(anonymous_3)
FNDA:0,(anonymous_4)
FNDA:0,(anonymous_5)
FNDA:0,(anonymous_6)
FNDA:0,(anonymous_7)
FNDA:0,(anonymous_8)
FNDA:2,(anonymous_9)
FNDA:0,(anonymous_10)
FNDA:0,(anonymous_11)
FNDA:0,(anonymous_12)
FNDA:0,(anonymous_13)
FNDA:0,(anonymous_14)
FNDA:0,(anonymous_15)
FNDA:0,(anonymous_16)
FNDA:0,(anonymous_17)
FNDA:0,(anonymous_18)
FNDA:0,(anonymous_19)
FNDA:0,(anonymous_20)
FNDA:0,(anonymous_21)
FNDA:0,(anonymous_22)
FNDA:0,(anonymous_23)
FNDA:0,(anonymous_24)
FNDA:0,(anonymous_25)
FNDA:0,(anonymous_26)
FNDA:0,(anonymous_27)
FNDA:0,(anonymous_28)
FNDA:0,(anonymous_29)
FNDA:0,(anonymous_30)
DA:7,3
DA:8,2
DA:24,2
DA:43,2
DA:44,2
DA:45,2
DA:46,2
DA:47,2
DA:48,2
DA:53,0
DA:54,0
DA:56,0
DA:68,0
DA:86,0
DA:87,0
DA:102,0
DA:115,0
DA:116,0
DA:118,0
DA:129,0
DA:130,0
DA:132,0
DA:135,0
DA:136,0
DA:138,0
DA:149,0
DA:150,0
DA:151,0
DA:154,0
DA:155,0
DA:160,0
DA:161,0
DA:162,0
DA:163,0
DA:164,0
DA:165,0
DA:166,0
DA:167,0
DA:179,0
DA:180,0
DA:182,0
DA:183,0
DA:186,0
DA:187,0
DA:191,0
DA:192,0
DA:195,0
DA:196,0
DA:201,0
DA:202,0
DA:205,0
DA:206,0
DA:208,0
DA:209,0
DA:213,0
DA:214,0
DA:215,0
DA:230,0
DA:231,0
DA:235,0
DA:236,0
DA:238,0
DA:239,0
DA:241,0
DA:242,0
DA:243,0
DA:244,0
DA:246,0
DA:251,0
DA:253,0
DA:254,0
DA:255,0
DA:258,0
DA:263,0
DA:265,0
DA:266,0
DA:267,0
DA:270,0
DA:275,0
DA:277,0
DA:278,0
DA:279,0
DA:282,0
DA:287,0
DA:289,0
DA:290,0
DA:291,0
DA:294,0
DA:317,2
DA:319,0
DA:350,0
DA:351,0
DA:354,0
DA:355,0
DA:360,0
DA:361,0
DA:364,0
DA:365,0
DA:370,0
DA:371,0
DA:374,0
DA:375,0
DA:380,0
DA:381,0
DA:384,0
DA:385,0
DA:390,0
DA:391,0
DA:394,0
DA:395,0
DA:486,0
LF:111
LH:10
BRDA:129,0,0,0
BRDA:129,0,1,0
BRDA:150,1,0,0
BRDA:150,1,1,0
BRDA:154,2,0,0
BRDA:154,2,1,0
BRDA:182,3,0,0
BRDA:182,3,1,0
BRDA:186,4,0,0
BRDA:186,4,1,0
BRDA:191,5,0,0
BRDA:191,5,1,0
BRDA:195,6,0,0
BRDA:195,6,1,0
BRDA:195,7,0,0
BRDA:195,7,1,0
BRDA:201,8,0,0
BRDA:201,8,1,0
BRDA:201,9,0,0
BRDA:201,9,1,0
BRDA:208,10,0,0
BRDA:208,10,1,0
BRDA:208,11,0,0
BRDA:208,11,1,0
BRDA:208,11,2,0
BRDA:213,12,0,0
BRDA:213,12,1,0
BRDA:241,13,0,0
BRDA:241,13,1,0
BRDA:242,14,0,0
BRDA:242,14,1,0
BRDA:251,15,0,0
BRDA:251,15,1,0
BRDA:253,16,0,0
BRDA:253,16,1,0
BRDA:263,17,0,0
BRDA:263,17,1,0
BRDA:265,18,0,0
BRDA:265,18,1,0
BRDA:275,19,0,0
BRDA:275,19,1,0
BRDA:277,20,0,0
BRDA:277,20,1,0
BRDA:287,21,0,0
BRDA:287,21,1,0
BRDA:289,22,0,0
BRDA:289,22,1,0
BRDA:348,23,0,0
BRDA:348,23,1,0
BRDA:358,24,0,0
BRDA:358,24,1,0
BRDA:368,25,0,0
BRDA:368,25,1,0
BRDA:378,26,0,0
BRDA:378,26,1,0
BRDA:388,27,0,0
BRDA:388,27,1,0
BRF:57
BRH:0
end_of_record
TN:
SF:client/src/components/ratings&reviews/WriteReview/characteristicOptions.js
FNF:0
FNH:0
DA:1,2
LF:1
LH:1
BRF:0
BRH:0
end_of_record
